----------------------------------------------------------------------------------------------------
------------------------------------ MegaLinter, by OX Security ------------------------------------
----------------------------------------------------------------------------------------------------
 - Image Creation Date: 2025-06-15T16:22:42Z
 - Image Revision: e08c2b05e3dbc40af4c23f41172ef1e068a7d651
 - Image Version: v8.8.0
----------------------------------------------------------------------------------------------------
The MegaLinter documentation can be found at:
 - https://megalinter.io/8.8.0
----------------------------------------------------------------------------------------------------
::group::MegaLinter initialization (expand for details)
MegaLinter will analyze workspace [/github/workspace]
GITHUB_REPOSITORY: egohygiene/signal
GITHUB_REF: refs/heads/main
GITHUB_RUN_ID: 22532184028


[Pre] run: [echo "Calling pre-commands from $(pwd)"] in cwd [/github/workspace]
[Pre] result:
Calling pre-commands from /github/workspace

[Activation] KUBERNETES_KUBECONFORM skip check of directory as value set to "any"
[Activation] KUBERNETES_HELM skip check of directory as value set to "any"
[Activation] KUBERNETES_HELM has been set inactive, as none of these files has been found: ['Chart.yml', 'Chart.yaml']
[Activation] KUBERNETES_KUBESCAPE skip check of directory as value set to "any"
[Activation] KUBERNETES_KUBESCAPE has been set inactive, as none of these files has been found: ['Chart.yml', 'Chart.yaml']
Override REPOSITORY_SECRETLINT cli_lint_mode with list_of_files at your own risk, as command line arguments are built for project mode
[SemgrepLinter] Deactivated because no ruleset has been defined
[Activation] SALESFORCE_SFDX_SCANNER_APEX skip check of directory as value set to "any"
[Activation] SALESFORCE_SFDX_SCANNER_AURA skip check of directory as value set to "any"
[Activation] SALESFORCE_SFDX_SCANNER_LWC skip check of directory as value set to "any"
[Activation] SALESFORCE_LIGHTNING_FLOW_SCANNER skip check of directory as value set to "any"
JSON_ESLINT_PLUGIN_JSONC has been disabled in MegaLinter for the following reason: Bug in eslint-plugin-jsonc: https://github.com/ota-meshi/eslint-plugin-jsonc/issues/328
MAKEFILE_CHECKMAKE has been disabled in MegaLinter for the following reason: Security issues: https://github.com/mrtazz/checkmake/issues/99
MARKDOWN_REMARK_LINT has been disabled in MegaLinter for the following reason: Bug in remark-lint: https://github.com/remarkjs/remark-lint/issues/322
[ApiReporter] Not enabled as API_REPORTER is not defined to true
::endgroup::
::group::MegaLinter now collects the files to analyse (expand for details)
Listing all files in directory [/github/workspace], then filter with:
- File extensions: , *, .R, .RMD, .Rmd, .bash, .bicep, .c, .c++, .cc, .cdxml, .clj, .cljc, .cljs, .coffee, .config, .cpp, .cs, .csproj, .css, .cu, .cuh, .cxx, .dart, .dash, .edn, .env, .feature, .go, .gradle, .graphql, .groovy, .gvy, .h, .h++, .hcl, .hh, .hpp, .htm, .html, .hxx, .java, .js, .json, .json5, .jsonc, .jsx, .ksh, .kt, .kts, .lua, .markdown, .md, .mdx, .nf, .p6, .php, .pl, .pl6, .pm, .pm6, .pp, .props, .proto, .ps1, .ps1xml, .psd1, .psm1, .psrc, .pssc, .py, .r, .raku, .rakumod, .rakutest, .rb, .rs, .rst, .saas, .scala, .scss, .sh, .smk, .sql, .swift, .t, .targets, .tex, .tf, .ts, .tsx, .txt, .vb, .vue, .xml, .xsd, .yaml, .yml
- File names (regex): Containerfile, Dockerfile, Jenkinsfile, Snakefile, package\.json
- Excluding regex: (
  (^|/)\.git(/|$)|
  (^|/)\.cache(/|$)|
  (^|/)\.trivycache(/|$)|
  (^|/)node_modules(/|$)|
  (^|/)dist(/|$)|
  (^|/)build(/|$)|
  (^|/)coverage(/|$)|
  (^|/)\.next(/|$)|
  (^|/)\.nuxt(/|$)|
  (^|/)\.turbo(/|$)|
  (^|/)\.pnpm(/|$)|
  (^|/)\.yarn(/|$)|
  (^|/)\.history(/|$)|
  (^|/)target(/|$)|
  (^|/)\.cargo(/|$)|
  (^|/)\.venv(/|$)|
  (^|/)venv(/|$)|
  (^|/)\.pytest_cache(/|$)|
  (^|/)\.mypy_cache(/|$)|
  (^|/)\.gradle(/|$)|
  (^|/)\.terraform(/|$)|
  (^|/)\.idea(/|$)|
  (^|/)out(/|$)|
  (^|/)tmp(/|$)|
  (^|/)reports(/|$)|
  (^|/)\.serverless(/|$)|
  (^|/)\.aws-sam(/|$)|
  (^|/)\.dynamodb(/|$)|
  (^|/)cmake-build(/|$)|
  (^|/)\.nyc_output(/|$)|
  (^|/)\.eslintcache(/|$)|
  (^|/)\.npm(/|$)|
  (^|/)\.fusebox(/|$)|
  (^|/)\.parcel-cache(/|$)|
  (^|/)\.output(/|$)|
  (^|/)\.sbom(/|$)|
  (^|/)\.scannerwork(/|$)|
  (^|/)\.vscode(/|$)|
  \.db$|
  \.sqlite$|
  \.tgz$|
  \.zip$|
  \.tar$|
  \.gz$|
  \.7z$|
  \.jar$|
  \.war$|
  \.min\.
)

- Excluding .gitignored files [1]: reports/megalinter/mega-linter.log
Kept [278] files on [278] found files

+----MATCHING LINTERS-----------------------+------------------------------------------------------------------------+----------------+------------+
| Descriptor     | Linter                   | Criteria                                                               | Matching files | Format/Fix |
+----------------+--------------------------+------------------------------------------------------------------------+----------------+------------+
| PYTHON         | pylint                   | .py                                                                    | 2              | no         |
| PYTHON         | flake8                   | .py                                                                    | 2              | no         |
| PYTHON         | isort                    | .py                                                                    | 2              | no         |
| PYTHON         | bandit                   | .py                                                                    | 2              | no         |
| PYTHON         | mypy                     | .py                                                                    | 2              | no         |
| PYTHON         | pyright                  | .py                                                                    | 2              | no         |
| PYTHON         | ruff                     | .py                                                                    | 2              | no         |
| PYTHON         | ruff-format              | .py                                                                    | 2              | no         |
| ACTION         | actionlint               | .yml|.yaml                                                             | 5              | no         |
| ANSIBLE        | ansible-lint             | .yml|.yaml                                                             | project        | no         |
| BASH           | bash-exec                | |.sh|.bash|.dash|.ksh                                                  | 2              | no         |
| BASH           | shellcheck               | |.sh|.bash|.dash|.ksh                                                  | 2              | no         |
| BASH           | shfmt                    | |.sh|.bash|.dash|.ksh                                                  | 2              | no         |
| CLOJURE        | clj-kondo                | .clj|.cljs|.cljc|.edn                                                  | 1              | no         |
| CLOJURE        | cljstyle                 | .clj|.cljs|.cljc|.edn                                                  | 1              | no         |
| CLOUDFORMATION | cfn-lint                 | .yml|.yaml|.json                                                       | 1              | no         |
| COPYPASTE      | jscpd                    |                                                                        | project        | no         |
| CSS            | stylelint                | .css|.scss|.saas                                                       | 1              | no         |
| EDITORCONFIG   | editorconfig-checker     | *                                                                      | 278            | no         |
| HTML           | djlint                   | .html|.htm                                                             | 2              | no         |
| HTML           | htmlhint                 | .html|.htm                                                             | 2              | no         |
| JAVASCRIPT     | eslint                   | .js|.vue                                                               | 1              | no         |
| JAVASCRIPT     | prettier                 | .js                                                                    | 1              | no         |
| JSON           | jsonlint                 | .json                                                                  | 31             | no         |
| JSON           | v8r                      | .json                                                                  | 31             | no         |
| JSON           | prettier                 | .json                                                                  | 31             | no         |
| JSON           | npm-package-json-lint    | .json|package\.json                                                    | project        | no         |
| MARKDOWN       | markdownlint             | .md                                                                    | 10             | no         |
| MARKDOWN       | markdown-link-check      | .md                                                                    | 10             | no         |
| MARKDOWN       | markdown-table-formatter | .md                                                                    | 10             | no         |
| POWERSHELL     | powershell               | .ps1|.psm1|.psd1|.ps1xml|.pssc|.psrc|.cdxml                            | 3              | no         |
| POWERSHELL     | powershell_formatter     | .ps1|.psm1|.psd1|.ps1xml|.pssc|.psrc|.cdxml                            | 3              | no         |
| REPOSITORY     | checkov                  |                                                                        | project        | no         |
| REPOSITORY     | dustilock                |                                                                        | project        | no         |
| REPOSITORY     | git_diff                 |                                                                        | project        | no         |
| REPOSITORY     | gitleaks                 |                                                                        | project        | no         |
| REPOSITORY     | grype                    |                                                                        | project        | no         |
| REPOSITORY     | kics                     |                                                                        | project        | no         |
| REPOSITORY     | ls-lint                  |                                                                        | project        | no         |
| REPOSITORY     | secretlint               |                                                                        | 0              | no         |
| REPOSITORY     | syft                     |                                                                        | project        | no         |
| REPOSITORY     | trivy                    |                                                                        | project        | no         |
| REPOSITORY     | trivy-sbom               |                                                                        | project        | no         |
| REPOSITORY     | trufflehog               |                                                                        | project        | no         |
| SALESFORCE     | sfdx-scanner-apex        |                                                                        | project        | no         |
| SALESFORCE     | sfdx-scanner-aura        |                                                                        | project        | no         |
| SALESFORCE     | sfdx-scanner-lwc         |                                                                        | project        | no         |
| SALESFORCE     | lightning-flow-scanner   |                                                                        | project        | no         |
| SPELL          | cspell                   |                                                                        | 278            | no         |
| SPELL          | proselint                | .md|.txt                                                               | 11             | no         |
| SPELL          | vale                     | .md|.rst                                                               | 10             | no         |
| SPELL          | lychee                   | .md|.mdx|.markdown|.html|.htm|.rst|.txt|.json|.jsonc|.json5|.yaml|.yml | 120            | no         |
| TERRAFORM      | terragrunt               | .hcl                                                                   | 1              | no         |
| TSX            | eslint                   | .tsx                                                                   | 28             | no         |
| TYPESCRIPT     | eslint                   | .ts                                                                    | 48             | no         |
| TYPESCRIPT     | ts-standard              | .ts                                                                    | 48             | no         |
| TYPESCRIPT     | prettier                 | .ts                                                                    | 48             | no         |
| XML            | xmllint                  | .xml|.xsd                                                              | 5              | no         |
| YAML           | prettier                 | .yml|.yaml                                                             | 76             | no         |
| YAML           | yamllint                 | .yml|.yaml                                                             | 76             | no         |
| YAML           | v8r                      | .yml|.yaml                                                             | 76             | no         |
+----------------+--------------------------+------------------------------------------------------------------------+----------------+------------+
::endgroup::
::group::[31mâŒ Linted [PYTHON] files with [pylint]: Found 9 error(s) and 0 warning(s) - (3.63s)[0m (expand for details)
- Using [pylint v3.3.7] https://megalinter.io/8.8.0/descriptors/python_pylint
- MegaLinter key: [PYTHON_PYLINT]
- Rules config: [/github/workspace/config/.pylintrc]
- Number of files analyzed: [2]
- Command: [pylint --rcfile /github/workspace/config/.pylintrc server/main.py server/plaid_adapter.py]
--Error detail:
************* Module main
server/main.py:9:0: E0401: Unable to import 'fastapi' (import-error)
server/main.py:10:0: E0401: Unable to import 'fastapi.middleware.cors' (import-error)
server/main.py:11:0: E0401: Unable to import 'pydantic' (import-error)
server/main.py:12:0: E0401: Unable to import 'pydantic_settings' (import-error)
************* Module plaid_adapter
server/plaid_adapter.py:7:0: E0401: Unable to import 'plaid' (import-error)
server/plaid_adapter.py:8:0: E0401: Unable to import 'plaid.api' (import-error)
server/plaid_adapter.py:9:0: E0401: Unable to import 'plaid.model.transactions_get_request' (import-error)
server/plaid_adapter.py:10:0: E0401: Unable to import 'plaid.model.transactions_get_request_options' (import-error)
server/plaid_adapter.py:11:0: E0401: Unable to import 'pydantic' (import-error)

::endgroup::
::group::[32mâœ… Linted [PYTHON] files with [flake8] successfully - (0.42s)[0m (expand for details)
- Using [flake8 v7.2.0] https://megalinter.io/8.8.0/descriptors/python_flake8
- MegaLinter key: [PYTHON_FLAKE8]
- Rules config: [/github/workspace/config/.flake8]
- Number of files analyzed: [2]
- Command: [flake8 --config /github/workspace/config/.flake8 server/main.py server/plaid_adapter.py]
::endgroup::
::group::[31mâŒ Linted [PYTHON] files with [isort]: Found 1 error(s) and 0 warning(s) - (0.17s)[0m (expand for details)
- Using [isort v6.0.1] https://megalinter.io/8.8.0/descriptors/python_isort
- MegaLinter key: [PYTHON_ISORT]
- Rules config: identified by [isort]
- Number of files analyzed: [2]
- Command: [isort --diff --check --profile black server/main.py server/plaid_adapter.py]
--Error detail:
ERROR: /github/workspace/server/main.py Imports are incorrectly sorted and/or formatted.
--- /github/workspace/server/main.py:before	2026-03-01 00:24:14.716952
+++ /github/workspace/server/main.py:after	2026-03-01 00:24:23.587173
@@ -8,10 +8,9 @@
 
 from fastapi import FastAPI, Header, HTTPException
 from fastapi.middleware.cors import CORSMiddleware
+from plaid_adapter import NormalizedTransaction, PlaidAdapter
 from pydantic import BaseModel
 from pydantic_settings import BaseSettings, SettingsConfigDict
-
-from plaid_adapter import PlaidAdapter, NormalizedTransaction
 
 
 class Settings(BaseSettings):

::endgroup::
::group::[32mâœ… Linted [PYTHON] files with [bandit] successfully - (0.84s)[0m (expand for details)
- Using [bandit v1.8.3] https://megalinter.io/8.8.0/descriptors/python_bandit
- MegaLinter key: [PYTHON_BANDIT]
- Rules config: [/github/workspace/config/.bandit.yml]
- Number of files analyzed: [2]
- Command: [bandit --quiet -c /github/workspace/config/.bandit.yml server/main.py server/plaid_adapter.py]
::endgroup::
::group::[31mâŒ Linted [PYTHON] files with [mypy]: Found 16 error(s) and 0 warning(s) - (2.14s)[0m (expand for details)
- Using [mypy v1.16.0] https://megalinter.io/8.8.0/descriptors/python_mypy
- MegaLinter key: [PYTHON_MYPY]
- Rules config: [/github/workspace/config/.mypy.ini]
- Number of files analyzed: [2]
- Command: [mypy --install-types --non-interactive --config-file /github/workspace/config/.mypy.ini server/main.py server/plaid_adapter.py]
--Error detail:
server/plaid_adapter.py:7:1: error: Cannot find implementation or library stub
for module named "plaid"  [import-not-found]
    import plaid
    ^
server/plaid_adapter.py:8:1: error: Cannot find implementation or library stub
for module named "plaid.api"  [import-not-found]
    from plaid.api import plaid_api
    ^
server/plaid_adapter.py:9:1: error: Cannot find implementation or library stub
for module named "plaid.model.transactions_get_request"  [import-not-found]
    from plaid.model.transactions_get_request import TransactionsGetReques...
    ^
server/plaid_adapter.py:10:1: error: Cannot find implementation or library stub
for module named "plaid.model.transactions_get_request_options" 
[import-not-found]
    from plaid.model.transactions_get_request_options import TransactionsG...
    ^
server/plaid_adapter.py:11:1: error: Cannot find implementation or library stub
for module named "pydantic"  [import-not-found]
    from pydantic import BaseModel
    ^
server/main.py:9:1: error: Cannot find implementation or library stub for
module named "fastapi"  [import-not-found]
    from fastapi import FastAPI, Header, HTTPException
    ^
server/main.py:10:1: error: Cannot find implementation or library stub for
module named "fastapi.middleware.cors"  [import-not-found]
    from fastapi.middleware.cors import CORSMiddleware
    ^
server/main.py:10:1: note: See https://mypy.readthedocs.io/en/stable/running_mypy.html#missing-imports
server/main.py:11:1: error: Cannot find implementation or library stub for
module named "pydantic"  [import-not-found]
    from pydantic import BaseModel
    ^
server/main.py:12:1: error: Cannot find implementation or library stub for
module named "pydantic_settings"  [import-not-found]
    from pydantic_settings import BaseSettings, SettingsConfigDict
    ^
server/main.py:76:1: error: Function is missing a return type annotation 
[no-untyped-def]
    async def lifespan(app: FastAPI):
    ^
server/main.py:107:1: error: Function is missing a return type annotation 
[no-untyped-def]
    async def root():
    ^
server/main.py:114:1: error: Function is missing a return type annotation 
[no-untyped-def]
    async def health_check():
    ^
server/main.py:162:2: error: Untyped decorator makes function
"get_transactions" untyped  [misc]
    @app.get("/api/transactions", response_model=TransactionsResponse)
     ^~~~~~~~~~~~~~~~~~~~~~~~~~~~~~~~~~~~~~~~~~~~~~~~~~~~~~~~~~~~~~~~~
server/main.py:163:1: error: Function is missing a return type annotation 
[no-untyped-def]
    async def get_transactions(
    ^
server/main.py:269:2: error: Untyped decorator makes function
"get_plaid_transactions" untyped  [misc]
    @app.post("/api/plaid/transactions", response_model=TransactionsRespon...
     ^~~~~~~~~~~~~~~~~~~~~~~~~~~~~~~~~~~~~~~~~~~~~~~~~~~~~~~~~~~~~~~~~~~~~~~~
server/main.py:270:1: error: Function is missing a return type annotation 
[no-untyped-def]
    async def get_plaid_transactions(request: TransactionsRequest):
    ^
Found 16 errors in 2 files (checked 2 source files)

::endgroup::
::group::[31mâŒ Linted [PYTHON] files with [pyright]: Found 120 error(s) and 0 warning(s) - (1.71s)[0m (expand for details)
- Using [pyright v1.1.402] https://megalinter.io/8.8.0/descriptors/python_pyright
- MegaLinter key: [PYTHON_PYRIGHT]
- Rules config: [/github/workspace/config/pyrightconfig.json]
- Number of files analyzed: [2]
- Command: [pyright -p /github/workspace/config/pyrightconfig.json server/main.py server/plaid_adapter.py]
--Error detail:
venv .venv subdirectory not found in venv path /github/workspace/config.
/github/workspace/server/main.py
  /github/workspace/server/main.py:9:6 - error: Import "fastapi" could not be resolved (reportMissingImports)
  /github/workspace/server/main.py:9:21 - error: Type of "FastAPI" is unknown (reportUnknownVariableType)
  /github/workspace/server/main.py:9:30 - error: Type of "Header" is unknown (reportUnknownVariableType)
  /github/workspace/server/main.py:9:38 - error: Type of "HTTPException" is unknown (reportUnknownVariableType)
  /github/workspace/server/main.py:10:6 - error: Import "fastapi.middleware.cors" could not be resolved (reportMissingImports)
  /github/workspace/server/main.py:10:37 - error: Type of "CORSMiddleware" is unknown (reportUnknownVariableType)
  /github/workspace/server/main.py:11:6 - error: Import "pydantic" could not be resolved (reportMissingImports)
  /github/workspace/server/main.py:11:22 - error: Type of "BaseModel" is unknown (reportUnknownVariableType)
  /github/workspace/server/main.py:12:6 - error: Import "pydantic_settings" could not be resolved (reportMissingImports)
  /github/workspace/server/main.py:12:31 - error: Type of "BaseSettings" is unknown (reportUnknownVariableType)
  /github/workspace/server/main.py:12:45 - error: Type of "SettingsConfigDict" is unknown (reportUnknownVariableType)
  /github/workspace/server/main.py:14:6 - error: Import "plaid_adapter" could not be resolved (reportMissingImports)
  /github/workspace/server/main.py:14:27 - error: Type of "PlaidAdapter" is unknown (reportUnknownVariableType)
  /github/workspace/server/main.py:14:41 - error: Type of "NormalizedTransaction" is unknown (reportUnknownVariableType)
  /github/workspace/server/main.py:17:16 - error: Base class type is unknown, obscuring type of derived class (reportUntypedBaseClass)
  /github/workspace/server/main.py:33:5 - error: Type of "model_config" is unknown (reportUnknownVariableType)
  /github/workspace/server/main.py:60:9 - error: Type of "plaid_adapter" is unknown (reportUnknownVariableType)
  /github/workspace/server/main.py:76:20 - error: Type of parameter "app" is unknown (reportUnknownParameterType)
  /github/workspace/server/main.py:88:1 - error: Type of "app" is unknown (reportUnknownVariableType)
  /github/workspace/server/main.py:97:1 - error: Type of "add_middleware" is unknown (reportUnknownMemberType)
  /github/workspace/server/main.py:106:2 - error: Type of "get" is unknown (reportUnknownMemberType)
  /github/workspace/server/main.py:106:2 - error: Untyped function decorator obscures type of function; ignoring decorator (reportUntypedFunctionDecorator)
  /github/workspace/server/main.py:113:2 - error: Type of "get" is unknown (reportUnknownMemberType)
  /github/workspace/server/main.py:113:2 - error: Untyped function decorator obscures type of function; ignoring decorator (reportUntypedFunctionDecorator)
  /github/workspace/server/main.py:124:27 - error: Base class type is unknown, obscuring type of derived class (reportUntypedBaseClass)
  /github/workspace/server/main.py:133:28 - error: Base class type is unknown, obscuring type of derived class (reportUntypedBaseClass)
  /github/workspace/server/main.py:162:2 - error: Type of "get" is unknown (reportUnknownMemberType)
  /github/workspace/server/main.py:162:2 - error: Untyped function decorator obscures type of function; ignoring decorator (reportUntypedFunctionDecorator)
  /github/workspace/server/main.py:238:9 - error: Type of "result" is unknown (reportUnknownVariableType)
  /github/workspace/server/main.py:238:18 - error: Type of "get_transactions" is unknown (reportUnknownMemberType)
  /github/workspace/server/main.py:246:9 - error: Type of "normalized_transactions" is unknown (reportUnknownVariableType)
  /github/workspace/server/main.py:246:35 - error: Type of "normalize_transactions" is unknown (reportUnknownMemberType)
  /github/workspace/server/main.py:247:13 - error: Type of "get" is unknown (reportUnknownMemberType)
  /github/workspace/server/main.py:250:49 - error: Argument type is unknown
  Â Â Argument corresponds to parameter "obj" in function "len" (reportUnknownArgumentType)
  /github/workspace/server/main.py:254:29 - error: Argument type is unknown
  Â Â Argument corresponds to parameter "obj" in function "len" (reportUnknownArgumentType)
  /github/workspace/server/main.py:255:32 - error: Type of "get" is unknown (reportUnknownMemberType)
  /github/workspace/server/main.py:255:32 - error: Argument type is unknown
  Â Â Argument corresponds to parameter "obj" in function "len" (reportUnknownArgumentType)
  /github/workspace/server/main.py:256:24 - error: Type of "get" is unknown (reportUnknownMemberType)
  /github/workspace/server/main.py:269:2 - error: Type of "post" is unknown (reportUnknownMemberType)
  /github/workspace/server/main.py:269:2 - error: Untyped function decorator obscures type of function; ignoring decorator (reportUntypedFunctionDecorator)
  /github/workspace/server/main.py:304:9 - error: Type of "result" is unknown (reportUnknownVariableType)
  /github/workspace/server/main.py:304:18 - error: Type of "get_transactions" is unknown (reportUnknownMemberType)
  /github/workspace/server/main.py:312:9 - error: Type of "normalized_transactions" is unknown (reportUnknownVariableType)
  /github/workspace/server/main.py:312:35 - error: Type of "normalize_transactions" is unknown (reportUnknownMemberType)
  /github/workspace/server/main.py:313:13 - error: Type of "get" is unknown (reportUnknownMemberType)
  /github/workspace/server/main.py:320:56 - error: Argument type is unknown
  Â Â Argument corresponds to parameter "obj" in function "len" (reportUnknownArgumentType)
  /github/workspace/server/main.py:321:47 - error: Type of "get" is unknown (reportUnknownMemberType)
  /github/workspace/server/main.py:321:47 - error: Argument type is unknown
  Â Â Argument corresponds to parameter "obj" in function "len" (reportUnknownArgumentType)
  /github/workspace/server/main.py:329:16 - error: Type of "tx" is unknown (reportUnknownVariableType)
  /github/workspace/server/main.py:329:32 - error: Argument type is unknown
  Â Â Argument corresponds to parameter "iterable" in function "__new__" (reportUnknownArgumentType)
  /github/workspace/server/main.py:331:34 - error: Type of "transaction_id" is unknown (reportUnknownMemberType)
  /github/workspace/server/main.py:332:36 - error: Type of "date" is unknown (reportUnknownMemberType)
  /github/workspace/server/main.py:333:36 - error: Type of "name" is unknown (reportUnknownMemberType)
  /github/workspace/server/main.py:334:39 - error: Type of "amount" is unknown (reportUnknownMemberType)
  /github/workspace/server/main.py:334:55 - error: Type of "iso_currency_code" is unknown (reportUnknownMemberType)
  /github/workspace/server/main.py:337:30 - error: Type of "category" is unknown (reportUnknownMemberType)
  /github/workspace/server/main.py:337:30 - error: Argument type is unknown
  Â Â Argument corresponds to parameter "iterable" in function "join" (reportUnknownArgumentType)
  /github/workspace/server/main.py:337:46 - error: Type of "category" is unknown (reportUnknownMemberType)
  /github/workspace/server/main.py:339:39 - error: Type of "pending" is unknown (reportUnknownMemberType)
  /github/workspace/server/main.py:341:16 - error: Argument type is unknown
  Â Â Argument corresponds to parameter "obj" in function "len" (reportUnknownArgumentType)
  /github/workspace/server/main.py:343:32 - error: Argument type is unknown
  Â Â Argument corresponds to parameter "obj" in function "len" (reportUnknownArgumentType)
  /github/workspace/server/main.py:350:29 - error: Argument type is unknown
  Â Â Argument corresponds to parameter "obj" in function "len" (reportUnknownArgumentType)
  /github/workspace/server/main.py:351:32 - error: Type of "get" is unknown (reportUnknownMemberType)
  /github/workspace/server/main.py:351:32 - error: Argument type is unknown
  Â Â Argument corresponds to parameter "obj" in function "len" (reportUnknownArgumentType)
  /github/workspace/server/main.py:352:24 - error: Type of "get" is unknown (reportUnknownMemberType)
/github/workspace/server/plaid_adapter.py
  /github/workspace/server/plaid_adapter.py:7:8 - error: Import "plaid" could not be resolved (reportMissingImports)
  /github/workspace/server/plaid_adapter.py:8:6 - error: Import "plaid.api" could not be resolved (reportMissingImports)
  /github/workspace/server/plaid_adapter.py:8:23 - error: Type of "plaid_api" is unknown (reportUnknownVariableType)
  /github/workspace/server/plaid_adapter.py:9:6 - error: Import "plaid.model.transactions_get_request" could not be resolved (reportMissingImports)
  /github/workspace/server/plaid_adapter.py:9:50 - error: Type of "TransactionsGetRequest" is unknown (reportUnknownVariableType)
  /github/workspace/server/plaid_adapter.py:10:6 - error: Import "plaid.model.transactions_get_request_options" could not be resolved (reportMissingImports)
  /github/workspace/server/plaid_adapter.py:10:58 - error: Type of "TransactionsGetRequestOptions" is unknown (reportUnknownVariableType)
  /github/workspace/server/plaid_adapter.py:11:6 - error: Import "pydantic" could not be resolved (reportMissingImports)
  /github/workspace/server/plaid_adapter.py:11:22 - error: Type of "BaseModel" is unknown (reportUnknownVariableType)
  /github/workspace/server/plaid_adapter.py:16:29 - error: Base class type is unknown, obscuring type of derived class (reportUntypedBaseClass)
  /github/workspace/server/plaid_adapter.py:53:9 - error: Type of "env_map" is partially unknown
  Â Â Type of "env_map" is "dict[str, Unknown]" (reportUnknownVariableType)
  /github/workspace/server/plaid_adapter.py:54:24 - error: Type of "Environment" is unknown (reportUnknownMemberType)
  /github/workspace/server/plaid_adapter.py:54:24 - error: Type of "Sandbox" is unknown (reportUnknownMemberType)
  /github/workspace/server/plaid_adapter.py:55:27 - error: Type of "Environment" is unknown (reportUnknownMemberType)
  /github/workspace/server/plaid_adapter.py:55:27 - error: Type of "Production" is unknown (reportUnknownMemberType)
  /github/workspace/server/plaid_adapter.py:61:46 - error: Argument type is partially unknown
  Â Â Argument corresponds to parameter "iterable" in function "join"
  Â Â Argument type is "dict_keys[str, Unknown]" (reportUnknownArgumentType)
  /github/workspace/server/plaid_adapter.py:65:9 - error: Type of "configuration" is unknown (reportUnknownVariableType)
  /github/workspace/server/plaid_adapter.py:65:25 - error: Type of "Configuration" is unknown (reportUnknownMemberType)
  /github/workspace/server/plaid_adapter.py:74:9 - error: Type of "api_client" is unknown (reportUnknownVariableType)
  /github/workspace/server/plaid_adapter.py:74:22 - error: Type of "ApiClient" is unknown (reportUnknownMemberType)
  /github/workspace/server/plaid_adapter.py:75:9 - error: Type of "client" is unknown (reportUnknownMemberType)
  /github/workspace/server/plaid_adapter.py:75:23 - error: Type of "PlaidApi" is unknown (reportUnknownMemberType)
  /github/workspace/server/plaid_adapter.py:116:17 - error: Type of "options" is unknown (reportUnknownVariableType)
  /github/workspace/server/plaid_adapter.py:119:13 - error: Type of "request" is unknown (reportUnknownVariableType)
  /github/workspace/server/plaid_adapter.py:127:13 - error: Type of "response" is unknown (reportUnknownVariableType)
  /github/workspace/server/plaid_adapter.py:127:24 - error: Type of "client" is unknown (reportUnknownMemberType)
  /github/workspace/server/plaid_adapter.py:127:24 - error: Type of "transactions_get" is unknown (reportUnknownMemberType)
  /github/workspace/server/plaid_adapter.py:130:13 - error: Type of "response_dict" is unknown (reportUnknownVariableType)
  /github/workspace/server/plaid_adapter.py:130:29 - error: Type of "to_dict" is unknown (reportUnknownMemberType)
  /github/workspace/server/plaid_adapter.py:134:24 - error: Argument type is unknown
  Â Â Argument corresponds to parameter "obj" in function "len" (reportUnknownArgumentType)
  /github/workspace/server/plaid_adapter.py:139:29 - error: Type of "get" is unknown (reportUnknownMemberType)
  /github/workspace/server/plaid_adapter.py:140:33 - error: Type of "get" is unknown (reportUnknownMemberType)
  /github/workspace/server/plaid_adapter.py:141:39 - error: Type of "get" is unknown (reportUnknownMemberType)
  /github/workspace/server/plaid_adapter.py:144:31 - error: Type of "get" is unknown (reportUnknownMemberType)
  /github/workspace/server/plaid_adapter.py:147:16 - error: Type of "ApiException" is unknown (reportUnknownMemberType)
  /github/workspace/server/plaid_adapter.py:147:38 - error: Type of "e" is unknown (reportUnknownVariableType)
  /github/workspace/server/plaid_adapter.py:149:13 - error: Type of "error_response" is partially unknown
  Â Â Type of "error_response" is "Unknown | str" (reportUnknownVariableType)
  /github/workspace/server/plaid_adapter.py:149:30 - error: Type of "body" is unknown (reportUnknownMemberType)
  /github/workspace/server/plaid_adapter.py:149:48 - error: Argument type is unknown
  Â Â Argument corresponds to parameter "obj" in function "hasattr" (reportUnknownArgumentType)
  /github/workspace/server/plaid_adapter.py:149:68 - error: Argument type is unknown
  Â Â Argument corresponds to parameter "object" in function "__new__" (reportUnknownArgumentType)
  /github/workspace/server/plaid_adapter.py:168:13 - error: Type of "tx" is partially unknown
  Â Â Type of "tx" is "dict[Unknown, Unknown]" (reportUnknownVariableType)
  /github/workspace/server/plaid_adapter.py:177:28 - error: Type of "get" is partially unknown
  Â Â Type of "get" is "Overload[(key: Unknown, default: None = None, /) -> (Unknown | None), (key: Unknown, default: Unknown, /) -> Unknown, (key: Unknown, default: _T@get, /) -> (Unknown | _T@get)] | Any" (reportUnknownMemberType)
  /github/workspace/server/plaid_adapter.py:178:24 - error: Type of "get" is partially unknown
  Â Â Type of "get" is "Overload[(key: Unknown, default: None = None, /) -> (Unknown | None), (key: Unknown, default: Unknown, /) -> Unknown, (key: Unknown, default: _T@get, /) -> (Unknown | _T@get)] | Any" (reportUnknownMemberType)
  /github/workspace/server/plaid_adapter.py:179:26 - error: Type of "get" is partially unknown
  Â Â Type of "get" is "Overload[(key: Unknown, default: None = None, /) -> (Unknown | None), (key: Unknown, default: Unknown, /) -> Unknown, (key: Unknown, default: _T@get, /) -> (Unknown | _T@get)] | Any" (reportUnknownMemberType)
  /github/workspace/server/plaid_adapter.py:179:26 - error: Argument type is partially unknown
  Â Â Argument corresponds to parameter "x" in function "__new__"
  Â Â Argument type is "Unknown | Any" (reportUnknownArgumentType)
  /github/workspace/server/plaid_adapter.py:180:18 - error: Type of "get" is partially unknown
  Â Â Type of "get" is "Overload[(key: Unknown, default: None = None, /) -> (Unknown | None), (key: Unknown, default: Unknown, /) -> Unknown, (key: Unknown, default: _T@get, /) -> (Unknown | _T@get)] | Any" (reportUnknownMemberType)
  /github/workspace/server/plaid_adapter.py:181:18 - error: Type of "get" is partially unknown
  Â Â Type of "get" is "Overload[(key: Unknown, default: None = None, /) -> (Unknown | None), (key: Unknown, default: Unknown, /) -> Unknown, (key: Unknown, default: _T@get, /) -> (Unknown | _T@get)] | Any" (reportUnknownMemberType)
  /github/workspace/server/plaid_adapter.py:182:27 - error: Type of "get" is partially unknown
  Â Â Type of "get" is "Overload[(key: Unknown, default: None = None, /) -> (Unknown | None), (key: Unknown, default: Unknown, /) -> Unknown, (key: Unknown, default: _T@get, /) -> (Unknown | _T@get)] | Any" (reportUnknownMemberType)
  /github/workspace/server/plaid_adapter.py:183:22 - error: Type of "get" is partially unknown
  Â Â Type of "get" is "Overload[(key: Unknown, default: None = None, /) -> (Unknown | None), (key: Unknown, default: Unknown, /) -> Unknown, (key: Unknown, default: _T@get, /) -> (Unknown | _T@get)] | Any" (reportUnknownMemberType)
  /github/workspace/server/plaid_adapter.py:184:21 - error: Type of "get" is partially unknown
  Â Â Type of "get" is "Overload[(key: Unknown, default: None = None, /) -> (Unknown | None), (key: Unknown, default: Unknown, /) -> Unknown, (key: Unknown, default: _T@get, /) -> (Unknown | _T@get)] | Any" (reportUnknownMemberType)
  /github/workspace/server/plaid_adapter.py:185:29 - error: Type of "get" is partially unknown
  Â Â Type of "get" is "Overload[(key: Unknown, default: None = None, /) -> (Unknown | None), (key: Unknown, default: Unknown, /) -> Unknown, (key: Unknown, default: _T@get, /) -> (Unknown | _T@get)] | Any" (reportUnknownMemberType)
  /github/workspace/server/plaid_adapter.py:186:31 - error: Type of "get" is partially unknown
  Â Â Type of "get" is "Overload[(key: Unknown, default: None = None, /) -> (Unknown | None), (key: Unknown, default: Unknown, /) -> Unknown, (key: Unknown, default: _T@get, /) -> (Unknown | _T@get)] | Any" (reportUnknownMemberType)
  /github/workspace/server/plaid_adapter.py:204:17 - error: Type of "append" is partially unknown
  Â Â Type of "append" is "(object: Unknown, /) -> None" (reportUnknownMemberType)
  /github/workspace/server/plaid_adapter.py:209:52 - error: Argument type is partially unknown
  Â Â Argument corresponds to parameter "obj" in function "len"
  Â Â Argument type is "list[Unknown]" (reportUnknownArgumentType)
  /github/workspace/server/plaid_adapter.py:210:16 - error: Return type, "list[Unknown]", is partially unknown (reportUnknownVariableType)
120 errors, 0 warnings, 0 informations 

::endgroup::
::group::[32mâœ… Linted [PYTHON] files with [ruff] successfully - (0.01s)[0m (expand for details)
- Using [ruff v0.11.13] https://megalinter.io/8.8.0/descriptors/python_ruff
- MegaLinter key: [PYTHON_RUFF]
- Rules config: identified by [ruff]
- Number of files analyzed: [2]
- Command: [ruff check server/main.py server/plaid_adapter.py]
::endgroup::
::group::[31mâŒ Linted [PYTHON] files with [ruff-format]: Found 1 error(s) and 0 warning(s) - (0.01s)[0m (expand for details)
- Using [ruff-format v0.11.13] https://megalinter.io/8.8.0/descriptors/python_ruff_format
- MegaLinter key: [PYTHON_RUFF_FORMAT]
- Rules config: [.ruff.toml]
- Number of files analyzed: [2]
- Command: [ruff format --check --config /action/lib/.automation/.ruff.toml server/main.py server/plaid_adapter.py]
--Error detail:
Would reformat: [1mserver/plaid_adapter.py[0m
1 file would be reformatted, 1 file already formatted

::endgroup::
::group::[31mâŒ Linted [ACTION] files with [actionlint]: Found 13 error(s) and 0 warning(s) - (0.08s)[0m (expand for details)
- Using [actionlint v1.7.7] https://megalinter.io/8.8.0/descriptors/action_actionlint
- MegaLinter key: [ACTION_ACTIONLINT]
- Rules config: identified by [actionlint]
- Number of files analyzed: [5]
- Command: [actionlint .github/workflows/generate_repository_tree.yml .github/workflows/megalinter.yml .github/workflows/nsfw-detection.yml .github/workflows/pages.yml .github/workflows/toc.yml]
--Error detail:
.github/workflows/megalinter.yml:59:9: shellcheck reported issue in this script: SC2086:info:10:84: Double quote to prevent globbing and word splitting [shellcheck]
   |
59 |         run: |
   |         ^~~~
.github/workflows/megalinter.yml:85:9: shellcheck reported issue in this script: SC2129:style:1:1: Consider using { cmd1; cmd2; } >> file instead of individual redirects [shellcheck]
   |
85 |         run: |
   |         ^~~~
.github/workflows/megalinter.yml:85:9: shellcheck reported issue in this script: SC2086:info:1:40: Double quote to prevent globbing and word splitting [shellcheck]
   |
85 |         run: |
   |         ^~~~
.github/workflows/megalinter.yml:85:9: shellcheck reported issue in this script: SC2086:info:2:12: Double quote to prevent globbing and word splitting [shellcheck]
   |
85 |         run: |
   |         ^~~~
.github/workflows/megalinter.yml:85:9: shellcheck reported issue in this script: SC2086:info:3:96: Double quote to prevent globbing and word splitting [shellcheck]
   |
85 |         run: |
   |         ^~~~
.github/workflows/megalinter.yml:85:9: shellcheck reported issue in this script: SC2086:info:4:12: Double quote to prevent globbing and word splitting [shellcheck]
   |
85 |         run: |
   |         ^~~~
.github/workflows/megalinter.yml:85:9: shellcheck reported issue in this script: SC2086:info:5:108: Double quote to prevent globbing and word splitting [shellcheck]
   |
85 |         run: |
   |         ^~~~
.github/workflows/pages.yml:45:9: shellcheck reported issue in this script: SC2129:style:1:1: Consider using { cmd1; cmd2; } >> file instead of individual redirects [shellcheck]
   |
45 |         run: |
   |         ^~~~
.github/workflows/pages.yml:45:9: shellcheck reported issue in this script: SC2086:info:1:49: Double quote to prevent globbing and word splitting [shellcheck]
   |
45 |         run: |
   |         ^~~~
.github/workflows/pages.yml:45:9: shellcheck reported issue in this script: SC2086:info:2:12: Double quote to prevent globbing and word splitting [shellcheck]
   |
45 |         run: |
   |         ^~~~
.github/workflows/pages.yml:45:9: shellcheck reported issue in this script: SC2086:info:3:62: Double quote to prevent globbing and word splitting [shellcheck]
   |
45 |         run: |
   |         ^~~~
.github/workflows/pages.yml:45:9: shellcheck reported issue in this script: SC2086:info:4:12: Double quote to prevent globbing and word splitting [shellcheck]
   |
45 |         run: |
   |         ^~~~
.github/workflows/pages.yml:45:9: shellcheck reported issue in this script: SC2086:info:5:104: Double quote to prevent globbing and word splitting [shellcheck]
   |
45 |         run: |
   |         ^~~~

::endgroup::
::group::[32mâœ… Linted [ANSIBLE] files with [ansible-lint] successfully - (6.63s)[0m (expand for details)
- Using [ansible-lint v25.5.0] https://megalinter.io/8.8.0/descriptors/ansible_ansible_lint
- MegaLinter key: [ANSIBLE_ANSIBLE_LINT]
- Rules config: [/github/workspace/config/.ansible-lint]
- Command: [ansible-lint -c /github/workspace/config/.ansible-lint -v]
::endgroup::
::group::[31mâŒ Linted [BASH] files with [bash-exec]: Found 1 error(s) and 0 warning(s) - (0.01s)[0m (expand for details)
- Using [bash-exec v5.2.37] https://megalinter.io/8.8.0/descriptors/bash_bash_exec
- MegaLinter key: [BASH_EXEC]
- Rules config: identified by [bash-exec]
- Number of files analyzed: [2]
- Commands:
  [bash-exec .devcontainer/scripts/post-create.sh]
  [bash-exec scripts/megalinter.sh]
[31m[bash-exec] .devcontainer/scripts/post-create.sh - ERROR - 1 error(s) and 0 warning(s)[0m
[31m--Error detail:
Error: File:[.devcontainer/scripts/post-create.sh] is not executable
[0m
::endgroup::
::group::[31mâŒ Linted [BASH] files with [shellcheck]: Found 1 error(s) and 0 warning(s) - (0.08s)[0m (expand for details)
- Using [shellcheck v0.10.0] https://megalinter.io/8.8.0/descriptors/bash_shellcheck
- MegaLinter key: [BASH_SHELLCHECK]
- Rules config: identified by [shellcheck]
- Number of files analyzed: [2]
- Command: [shellcheck --color=auto --external-sources .devcontainer/scripts/post-create.sh scripts/megalinter.sh]
--Error detail:

In .devcontainer/scripts/post-create.sh line 21:
echo 'export PATH="$HOME/.local/bin:$PATH"' >> ~/.bashrc
     ^-- SC2016 (info): Expressions don't expand in single quotes, use double quotes for that.

For more information:
  https://www.shellcheck.net/wiki/SC2016 -- Expressions don't expand in singl...

::endgroup::
::group::[31mâŒ Linted [BASH] files with [shfmt]: Found 2 error(s) and 0 warning(s) - (0.01s)[0m (expand for details)
- Using [shfmt v3.11.0] https://megalinter.io/8.8.0/descriptors/bash_shfmt
- MegaLinter key: [BASH_SHFMT]
- Rules config: identified by [shfmt]
- Number of files analyzed: [2]
- Command: [shfmt -d .devcontainer/scripts/post-create.sh scripts/megalinter.sh]
--Error detail:
[1mdiff .devcontainer/scripts/post-create.sh.orig .devcontainer/scripts/post-create.sh
--- .devcontainer/scripts/post-create.sh.orig
+++ .devcontainer/scripts/post-create.sh
[36m@@ -8,8 +8,8 @@
[0m 
 echo "==> Installing act (GitHub Actions local runner)..."
 curl --proto '=https' --tlsv1.2 -sSf \
[31m-  https://raw.githubusercontent.com/nektos/act/master/install.sh \
-  | sudo bash -s -- -b /usr/local/bin
[32m+  https://raw.githubusercontent.com/nektos/act/master/install.sh |
+  sudo bash -s -- -b /usr/local/bin
[0m 
 echo "==> Installing task (Taskfile runner)..."
 sh -c "$(curl --proto '=https' --tlsv1.2 -sSf https://taskfile.dev/install.sh)" -- -d -b /usr/local/bin
[36m@@ -18,7 +18,7 @@
[0m curl -LsSf https://astral.sh/uv/install.sh | sh
 # Make uv available in PATH for this session and future shells
 export PATH="$HOME/.local/bin:$PATH"
[31m-echo 'export PATH="$HOME/.local/bin:$PATH"' >> ~/.bashrc
[32m+echo 'export PATH="$HOME/.local/bin:$PATH"' >>~/.bashrc
[0m 
 echo "==> Installing Node dependencies with pnpm..."
 pnpm install
[1mdiff scripts/megalinter.sh.orig scripts/megalinter.sh
--- scripts/megalinter.sh.orig
+++ scripts/megalinter.sh
[36m@@ -8,7 +8,7 @@
[0m RAW_INPUT="${1:-}"
 
 # Allow comma-separated input
[31m-IFS=',' read -ra INPUT_ARRAY <<< "${RAW_INPUT}"
[32m+IFS=',' read -ra INPUT_ARRAY <<<"${RAW_INPUT}"
[0m 
 # ================================
 # Linter Mapping
[36m@@ -153,7 +153,10 @@
[0m     KEY="$(echo "$ITEM" | tr '[:upper:]' '[:lower:]')"
     RESOLVED+=("${LINTER_MAP[$KEY]:-$ITEM}")
   done
[31m-  ENABLE_LINTERS="$(IFS=','; echo "${RESOLVED[*]}")"
[32m+  ENABLE_LINTERS="$(
+    IFS=','
+    echo "${RESOLVED[*]}"
+  )"
[0m fi
 
 echo "ENABLE_LINTERS=${ENABLE_LINTERS:-ALL}"

::endgroup::
::group::[31mâŒ Linted [CLOJURE] files with [clj-kondo]: Found 1 error(s) and 0 warning(s) - (0.02s)[0m (expand for details)
- Using [clj-kondo v2025.06.05] https://megalinter.io/8.8.0/descriptors/clojure_clj_kondo
- MegaLinter key: [CLOJURE_CLJ_KONDO]
- Rules config: [/github/workspace/config/.clj-kondo/config.edn]
- Number of files analyzed: [1]
- Command: [clj-kondo --config /github/workspace/config/.clj-kondo/config.edn --lint config/.clj-kondo/config.edn]
[31m[clj-kondo] config/.clj-kondo/config.edn - ERROR - 1 error(s) and 0 warning(s)[0m
[31m--Error detail:
config/.clj-kondo/config.edn:12:3: warning: Unexpected linter name: :keyword-naming
config/.clj-kondo/config.edn:13:3: warning: Unexpected linter name: :fn-arity
config/.clj-kondo/config.edn:16:3: warning: Unexpected linter name: :wrong-arity
config/.clj-kondo/config.edn:17:3: warning: Unexpected linter name: :macroexpand
linting took 5ms, errors: 0, warnings: 4
[0m
::endgroup::
::group::[32mâœ… Linted [CLOJURE] files with [cljstyle] successfully - (0.01s)[0m (expand for details)
- Using [cljstyle v0.17.642] https://megalinter.io/8.8.0/descriptors/clojure_cljstyle
- MegaLinter key: [CLOJURE_CLJSTYLE]
- Rules config: [/github/workspace/config/.cljstyle]
- Number of files analyzed: [1]
- Command: [cljstyle check config/.clj-kondo/config.edn]
::endgroup::
::group::[31mâŒ Linted [CLOUDFORMATION] files with [cfn-lint]: Found 1 error(s) and 0 warning(s) - (5.84s)[0m (expand for details)
- Using [cfn-lint v1.36.0] https://megalinter.io/8.8.0/descriptors/cloudformation_cfn_lint
- MegaLinter key: [CLOUDFORMATION_CFN_LINT]
- Rules config: identified by [cfn-lint]
- Number of files analyzed: [1]
- Command: [cfn-lint config/.cfnlintrc.yml]
--Error detail:
E1001 'Resources' is a required property
config/.cfnlintrc.yml:2:1

E1001 Additional properties are not allowed ('regions' was unexpected)
config/.cfnlintrc.yml:2:1

E1001 Additional properties are not allowed ('include-checks' was unexpected)
config/.cfnlintrc.yml:7:1

E1001 Additional properties are not allowed ('ignore-checks' was unexpected)
config/.cfnlintrc.yml:12:1

E1001 Additional properties are not allowed ('templates' was unexpected)
config/.cfnlintrc.yml:17:1

E1001 Additional properties are not allowed ('transform' was unexpected. Did you mean 'Transform'?)
config/.cfnlintrc.yml:24:1

E1001 Additional properties are not allowed ('custom-rules' was unexpected)
config/.cfnlintrc.yml:28:1

E1001 Additional properties are not allowed ('ignore-templates' was unexpected)
config/.cfnlintrc.yml:32:1


::endgroup::
::group::[31mâŒ Linted [COPYPASTE] files with [jscpd]: Found 8 error(s) and 0 warning(s) - (1.65s)[0m (expand for details)
- Using [jscpd v4.0.5] https://megalinter.io/8.8.0/descriptors/copypaste_jscpd
- MegaLinter key: [COPYPASTE_JSCPD]
- Rules config: [/github/workspace/config/.jscpd.json]
- Command: [jscpd --gitignore --reporters console,html --output reports/megalinter/copy-paste/ -c /github/workspace/config/.jscpd.json .]
--Error detail:
Clone found (typescript):
 - /github/workspace/ui/src/features/pools/poolCalculations.ts [47:16 - 56:7] (9 lines, 118 tokens)
   /github/workspace/ui/src/features/pools/poolCalculations.ts [22:18 - 31:3]

Clone found (typescript):
 - /github/workspace/ui/src/features/budgets/useBudgetSummary.ts [15:19 - 23:7] (8 lines, 89 tokens)
   /github/workspace/ui/src/features/pools/usePoolSummary.ts [20:17 - 28:15]

Clone found (typescript):
 - /github/workspace/ui/src/features/budgets/budgetCalculations.test.ts [19:7 - 35:12] (16 lines, 109 tokens)
   /github/workspace/ui/src/features/pools/poolCalculations.test.ts [12:9 - 28:28]

Clone found (typescript):
 - /github/workspace/ui/src/features/allocations/allocationStrategy.test.ts [33:2 - 39:56] (6 lines, 70 tokens)
   /github/workspace/ui/src/features/allocations/allocationStrategy.test.ts [26:2 - 32:54]

Clone found (typescript):
 - /github/workspace/ui/src/store/selectors.test.ts [18:14 - 47:18] (29 lines, 230 tokens)
   /github/workspace/ui/src/store/useAppStore.test.ts [6:27 - 35:14]

Clone found (typescript):
 - /github/workspace/ui/src/store/selectors.test.ts [47:18 - 58:47] (11 lines, 120 tokens)
   /github/workspace/ui/src/store/useAppStore.test.ts [35:14 - 46:43]

Clone found (typescript):
 - /github/workspace/ui/src/providers/DataProvider.test.ts [18:5 - 24:36] (6 lines, 72 tokens)
   /github/workspace/ui/src/providers/FakeDataProvider.test.ts [12:5 - 18:74]

Clone found (python):
 - /github/workspace/server/main.py [346:3 - 358:41] (12 lines, 82 tokens)
   /github/workspace/server/main.py [250:67 - 262:35]

â”Œâ”€â”€â”€â”€â”€â”€â”€â”€â”€â”€â”€â”€â”¬â”€â”€â”€â”€â”€â”€â”€â”€â”€â”€â”€â”€â”€â”€â”€â”€â”¬â”€â”€â”€â”€â”€â”€â”€â”€â”€â”€â”€â”€â”€â”¬â”€â”€â”€â”€â”€â”€â”€â”€â”€â”€â”€â”€â”€â”€â”¬â”€â”€â”€â”€â”€â”€â”€â”€â”€â”€â”€â”€â”€â”€â”¬â”€â”€â”€â”€â”€â”€â”€â”€â”€â”€â”€â”€â”€â”€â”€â”€â”€â”€â”¬â”€â”€â”€â”€â”€â”€â”€â”€â”€â”€â”€â”€â”€â”€â”€â”€â”€â”€â”€â”
â”‚ Format     â”‚ Files analyzed â”‚ Total lines â”‚ Total tokens â”‚ Clones found â”‚ Duplicated lines â”‚ Duplicated tokens â”‚
â”œâ”€â”€â”€â”€â”€â”€â”€â”€â”€â”€â”€â”€â”¼â”€â”€â”€â”€â”€â”€â”€â”€â”€â”€â”€â”€â”€â”€â”€â”€â”¼â”€â”€â”€â”€â”€â”€â”€â”€â”€â”€â”€â”€â”€â”¼â”€â”€â”€â”€â”€â”€â”€â”€â”€â”€â”€â”€â”€â”€â”¼â”€â”€â”€â”€â”€â”€â”€â”€â”€â”€â”€â”€â”€â”€â”¼â”€â”€â”€â”€â”€â”€â”€â”€â”€â”€â”€â”€â”€â”€â”€â”€â”€â”€â”¼â”€â”€â”€â”€â”€â”€â”€â”€â”€â”€â”€â”€â”€â”€â”€â”€â”€â”€â”€â”¤
â”‚ typescript â”‚ 43             â”‚ 1880        â”‚ 19881        â”‚ 7            â”‚ 85 (4.52%)       â”‚ 808 (4.06%)       â”‚
â”œâ”€â”€â”€â”€â”€â”€â”€â”€â”€â”€â”€â”€â”¼â”€â”€â”€â”€â”€â”€â”€â”€â”€â”€â”€â”€â”€â”€â”€â”€â”¼â”€â”€â”€â”€â”€â”€â”€â”€â”€â”€â”€â”€â”€â”¼â”€â”€â”€â”€â”€â”€â”€â”€â”€â”€â”€â”€â”€â”€â”¼â”€â”€â”€â”€â”€â”€â”€â”€â”€â”€â”€â”€â”€â”€â”¼â”€â”€â”€â”€â”€â”€â”€â”€â”€â”€â”€â”€â”€â”€â”€â”€â”€â”€â”¼â”€â”€â”€â”€â”€â”€â”€â”€â”€â”€â”€â”€â”€â”€â”€â”€â”€â”€â”€â”¤
â”‚ json       â”‚ 26             â”‚ 1082        â”‚ 6259         â”‚ 0            â”‚ 0 (0%)           â”‚ 0 (0%)            â”‚
â”œâ”€â”€â”€â”€â”€â”€â”€â”€â”€â”€â”€â”€â”¼â”€â”€â”€â”€â”€â”€â”€â”€â”€â”€â”€â”€â”€â”€â”€â”€â”¼â”€â”€â”€â”€â”€â”€â”€â”€â”€â”€â”€â”€â”€â”¼â”€â”€â”€â”€â”€â”€â”€â”€â”€â”€â”€â”€â”€â”€â”¼â”€â”€â”€â”€â”€â”€â”€â”€â”€â”€â”€â”€â”€â”€â”¼â”€â”€â”€â”€â”€â”€â”€â”€â”€â”€â”€â”€â”€â”€â”€â”€â”€â”€â”¼â”€â”€â”€â”€â”€â”€â”€â”€â”€â”€â”€â”€â”€â”€â”€â”€â”€â”€â”€â”¤
â”‚ javascript â”‚ 18             â”‚ 474         â”‚ 3770         â”‚ 0            â”‚ 0 (0%)           â”‚ 0 (0%)            â”‚
â”œâ”€â”€â”€â”€â”€â”€â”€â”€â”€â”€â”€â”€â”¼â”€â”€â”€â”€â”€â”€â”€â”€â”€â”€â”€â”€â”€â”€â”€â”€â”¼â”€â”€â”€â”€â”€â”€â”€â”€â”€â”€â”€â”€â”€â”¼â”€â”€â”€â”€â”€â”€â”€â”€â”€â”€â”€â”€â”€â”€â”¼â”€â”€â”€â”€â”€â”€â”€â”€â”€â”€â”€â”€â”€â”€â”¼â”€â”€â”€â”€â”€â”€â”€â”€â”€â”€â”€â”€â”€â”€â”€â”€â”€â”€â”¼â”€â”€â”€â”€â”€â”€â”€â”€â”€â”€â”€â”€â”€â”€â”€â”€â”€â”€â”€â”¤
â”‚ tsx        â”‚ 28             â”‚ 1135        â”‚ 11767        â”‚ 0            â”‚ 0 (0%)           â”‚ 0 (0%)            â”‚
â”œâ”€â”€â”€â”€â”€â”€â”€â”€â”€â”€â”€â”€â”¼â”€â”€â”€â”€â”€â”€â”€â”€â”€â”€â”€â”€â”€â”€â”€â”€â”¼â”€â”€â”€â”€â”€â”€â”€â”€â”€â”€â”€â”€â”€â”¼â”€â”€â”€â”€â”€â”€â”€â”€â”€â”€â”€â”€â”€â”€â”¼â”€â”€â”€â”€â”€â”€â”€â”€â”€â”€â”€â”€â”€â”€â”¼â”€â”€â”€â”€â”€â”€â”€â”€â”€â”€â”€â”€â”€â”€â”€â”€â”€â”€â”¼â”€â”€â”€â”€â”€â”€â”€â”€â”€â”€â”€â”€â”€â”€â”€â”€â”€â”€â”€â”¤
â”‚ css        â”‚ 1              â”‚ 69          â”‚ 378          â”‚ 0            â”‚ 0 (0%)           â”‚ 0 (0%)            â”‚
â”œâ”€â”€â”€â”€â”€â”€â”€â”€â”€â”€â”€â”€â”¼â”€â”€â”€â”€â”€â”€â”€â”€â”€â”€â”€â”€â”€â”€â”€â”€â”¼â”€â”€â”€â”€â”€â”€â”€â”€â”€â”€â”€â”€â”€â”¼â”€â”€â”€â”€â”€â”€â”€â”€â”€â”€â”€â”€â”€â”€â”¼â”€â”€â”€â”€â”€â”€â”€â”€â”€â”€â”€â”€â”€â”€â”¼â”€â”€â”€â”€â”€â”€â”€â”€â”€â”€â”€â”€â”€â”€â”€â”€â”€â”€â”¼â”€â”€â”€â”€â”€â”€â”€â”€â”€â”€â”€â”€â”€â”€â”€â”€â”€â”€â”€â”¤
â”‚ clojure    â”‚ 1              â”‚ 33          â”‚ 208          â”‚ 0            â”‚ 0 (0%)           â”‚ 0 (0%)            â”‚
â”œâ”€â”€â”€â”€â”€â”€â”€â”€â”€â”€â”€â”€â”¼â”€â”€â”€â”€â”€â”€â”€â”€â”€â”€â”€â”€â”€â”€â”€â”€â”¼â”€â”€â”€â”€â”€â”€â”€â”€â”€â”€â”€â”€â”€â”¼â”€â”€â”€â”€â”€â”€â”€â”€â”€â”€â”€â”€â”€â”€â”¼â”€â”€â”€â”€â”€â”€â”€â”€â”€â”€â”€â”€â”€â”€â”¼â”€â”€â”€â”€â”€â”€â”€â”€â”€â”€â”€â”€â”€â”€â”€â”€â”€â”€â”¼â”€â”€â”€â”€â”€â”€â”€â”€â”€â”€â”€â”€â”€â”€â”€â”€â”€â”€â”€â”¤
â”‚ yaml       â”‚ 30             â”‚ 1849        â”‚ 7226         â”‚ 0            â”‚ 0 (0%)           â”‚ 0 (0%)            â”‚
â”œâ”€â”€â”€â”€â”€â”€â”€â”€â”€â”€â”€â”€â”¼â”€â”€â”€â”€â”€â”€â”€â”€â”€â”€â”€â”€â”€â”€â”€â”€â”¼â”€â”€â”€â”€â”€â”€â”€â”€â”€â”€â”€â”€â”€â”¼â”€â”€â”€â”€â”€â”€â”€â”€â”€â”€â”€â”€â”€â”€â”¼â”€â”€â”€â”€â”€â”€â”€â”€â”€â”€â”€â”€â”€â”€â”¼â”€â”€â”€â”€â”€â”€â”€â”€â”€â”€â”€â”€â”€â”€â”€â”€â”€â”€â”¼â”€â”€â”€â”€â”€â”€â”€â”€â”€â”€â”€â”€â”€â”€â”€â”€â”€â”€â”€â”¤
â”‚ bash       â”‚ 2              â”‚ 211         â”‚ 1124         â”‚ 0            â”‚ 0 (0%)           â”‚ 0 (0%)            â”‚
â”œâ”€â”€â”€â”€â”€â”€â”€â”€â”€â”€â”€â”€â”¼â”€â”€â”€â”€â”€â”€â”€â”€â”€â”€â”€â”€â”€â”€â”€â”€â”¼â”€â”€â”€â”€â”€â”€â”€â”€â”€â”€â”€â”€â”€â”¼â”€â”€â”€â”€â”€â”€â”€â”€â”€â”€â”€â”€â”€â”€â”¼â”€â”€â”€â”€â”€â”€â”€â”€â”€â”€â”€â”€â”€â”€â”¼â”€â”€â”€â”€â”€â”€â”€â”€â”€â”€â”€â”€â”€â”€â”€â”€â”€â”€â”¼â”€â”€â”€â”€â”€â”€â”€â”€â”€â”€â”€â”€â”€â”€â”€â”€â”€â”€â”€â”¤
â”‚ markup     â”‚ 7              â”‚ 223         â”‚ 1809         â”‚ 0            â”‚ 0 (0%)           â”‚ 0 (0%)            â”‚
â”œâ”€â”€â”€â”€â”€â”€â”€â”€â”€â”€â”€â”€â”¼â”€â”€â”€â”€â”€â”€â”€â”€â”€â”€â”€â”€â”€â”€â”€â”€â”¼â”€â”€â”€â”€â”€â”€â”€â”€â”€â”€â”€â”€â”€â”¼â”€â”€â”€â”€â”€â”€â”€â”€â”€â”€â”€â”€â”€â”€â”¼â”€â”€â”€â”€â”€â”€â”€â”€â”€â”€â”€â”€â”€â”€â”¼â”€â”€â”€â”€â”€â”€â”€â”€â”€â”€â”€â”€â”€â”€â”€â”€â”€â”€â”¼â”€â”€â”€â”€â”€â”€â”€â”€â”€â”€â”€â”€â”€â”€â”€â”€â”€â”€â”€â”¤
â”‚ markdown   â”‚ 9              â”‚ 1270        â”‚ 8213         â”‚ 0            â”‚ 0 (0%)           â”‚ 0 (0%)            â”‚
â”œâ”€â”€â”€â”€â”€â”€â”€â”€â”€â”€â”€â”€â”¼â”€â”€â”€â”€â”€â”€â”€â”€â”€â”€â”€â”€â”€â”€â”€â”€â”¼â”€â”€â”€â”€â”€â”€â”€â”€â”€â”€â”€â”€â”€â”¼â”€â”€â”€â”€â”€â”€â”€â”€â”€â”€â”€â”€â”€â”€â”¼â”€â”€â”€â”€â”€â”€â”€â”€â”€â”€â”€â”€â”€â”€â”¼â”€â”€â”€â”€â”€â”€â”€â”€â”€â”€â”€â”€â”€â”€â”€â”€â”€â”€â”¼â”€â”€â”€â”€â”€â”€â”€â”€â”€â”€â”€â”€â”€â”€â”€â”€â”€â”€â”€â”¤
â”‚ python     â”‚ 2              â”‚ 570         â”‚ 3171         â”‚ 1            â”‚ 12 (2.11%)       â”‚ 82 (2.59%)        â”‚
â”œâ”€â”€â”€â”€â”€â”€â”€â”€â”€â”€â”€â”€â”¼â”€â”€â”€â”€â”€â”€â”€â”€â”€â”€â”€â”€â”€â”€â”€â”€â”¼â”€â”€â”€â”€â”€â”€â”€â”€â”€â”€â”€â”€â”€â”¼â”€â”€â”€â”€â”€â”€â”€â”€â”€â”€â”€â”€â”€â”€â”¼â”€â”€â”€â”€â”€â”€â”€â”€â”€â”€â”€â”€â”€â”€â”¼â”€â”€â”€â”€â”€â”€â”€â”€â”€â”€â”€â”€â”€â”€â”€â”€â”€â”€â”¼â”€â”€â”€â”€â”€â”€â”€â”€â”€â”€â”€â”€â”€â”€â”€â”€â”€â”€â”€â”¤
â”‚ ini        â”‚ 3              â”‚ 84          â”‚ 548          â”‚ 0            â”‚ 0 (0%)           â”‚ 0 (0%)            â”‚
â”œâ”€â”€â”€â”€â”€â”€â”€â”€â”€â”€â”€â”€â”¼â”€â”€â”€â”€â”€â”€â”€â”€â”€â”€â”€â”€â”€â”€â”€â”€â”¼â”€â”€â”€â”€â”€â”€â”€â”€â”€â”€â”€â”€â”€â”¼â”€â”€â”€â”€â”€â”€â”€â”€â”€â”€â”€â”€â”€â”€â”¼â”€â”€â”€â”€â”€â”€â”€â”€â”€â”€â”€â”€â”€â”€â”¼â”€â”€â”€â”€â”€â”€â”€â”€â”€â”€â”€â”€â”€â”€â”€â”€â”€â”€â”¼â”€â”€â”€â”€â”€â”€â”€â”€â”€â”€â”€â”€â”€â”€â”€â”€â”€â”€â”€â”¤
â”‚ powershell â”‚ 3              â”‚ 103         â”‚ 451          â”‚ 0            â”‚ 0 (0%)           â”‚ 0 (0%)            â”‚
â”œâ”€â”€â”€â”€â”€â”€â”€â”€â”€â”€â”€â”€â”¼â”€â”€â”€â”€â”€â”€â”€â”€â”€â”€â”€â”€â”€â”€â”€â”€â”¼â”€â”€â”€â”€â”€â”€â”€â”€â”€â”€â”€â”€â”€â”¼â”€â”€â”€â”€â”€â”€â”€â”€â”€â”€â”€â”€â”€â”€â”¼â”€â”€â”€â”€â”€â”€â”€â”€â”€â”€â”€â”€â”€â”€â”¼â”€â”€â”€â”€â”€â”€â”€â”€â”€â”€â”€â”€â”€â”€â”€â”€â”€â”€â”¼â”€â”€â”€â”€â”€â”€â”€â”€â”€â”€â”€â”€â”€â”€â”€â”€â”€â”€â”€â”¤
â”‚ Total:     â”‚ 173            â”‚ 8983        â”‚ 64805        â”‚ 8            â”‚ 97 (1.08%)       â”‚ 890 (1.37%)       â”‚
â””â”€â”€â”€â”€â”€â”€â”€â”€â”€â”€â”€â”€â”´â”€â”€â”€â”€â”€â”€â”€â”€â”€â”€â”€â”€â”€â”€â”€â”€â”´â”€â”€â”€â”€â”€â”€â”€â”€â”€â”€â”€â”€â”€â”´â”€â”€â”€â”€â”€â”€â”€â”€â”€â”€â”€â”€â”€â”€â”´â”€â”€â”€â”€â”€â”€â”€â”€â”€â”€â”€â”€â”€â”€â”´â”€â”€â”€â”€â”€â”€â”€â”€â”€â”€â”€â”€â”€â”€â”€â”€â”€â”€â”´â”€â”€â”€â”€â”€â”€â”€â”€â”€â”€â”€â”€â”€â”€â”€â”€â”€â”€â”€â”˜
Found 8 clones.
HTML report saved to reports/megalinter/copy-paste/html/
ERROR: jscpd found too many duplicates (1.08%) over threshold (0%)
Error: ERROR: jscpd found too many duplicates (1.08%) over threshold (0%)
    at ThresholdReporter.report (/node-deps/node_modules/@jscpd/finder/dist/index.js:612:13)
    at /node-deps/node_modules/@jscpd/finder/dist/index.js:110:18
    at Array.forEach (<anonymous>)
    at /node-deps/node_modules/@jscpd/finder/dist/index.js:109:22
    at async /node-deps/node_modules/jscpd/dist/jscpd.js:351:5

::endgroup::
Unable to get number of errors with regex_number and ([0-9]+) errors
::group::[31mâŒ Linted [CSS] files with [stylelint]: Found 1 error(s) and 0 warning(s) - (0.52s)[0m (expand for details)
- Using [stylelint v16.20.0] https://megalinter.io/8.8.0/descriptors/css_stylelint
- MegaLinter key: [CSS_STYLELINT]
- Rules config: [/github/workspace/config/.stylelintrc.json]
- Number of files analyzed: [1]
- Command: [stylelint --config /github/workspace/config/.stylelintrc.json ui/src/index.css]
--Error detail:
ConfigurationError: Could not find "stylelint-config-prettier". Do you need to install the package or use the "configBasedir" option?
    at getModulePath (file:///node-deps/node_modules/stylelint/lib/utils/getModulePath.mjs:29:9)
    at loadExtendedConfig (file:///node-deps/node_modules/stylelint/lib/augmentConfig.mjs:225:21)
    at extendConfig (file:///node-deps/node_modules/stylelint/lib/augmentConfig.mjs:193:25)
    at async augmentConfigBasic (file:///node-deps/node_modules/stylelint/lib/augmentConfig.mjs:58:20)
    at async augmentConfigFull (file:///node-deps/node_modules/stylelint/lib/augmentConfig.mjs:112:24)
    at async load (/node-deps/node_modules/cosmiconfig/dist/Explorer.js:20:20)
    at async Explorer.load (/node-deps/node_modules/cosmiconfig/dist/Explorer.js:23:20)
    at async getConfigForFile (file:///node-deps/node_modules/stylelint/lib/getConfigForFile.mjs:58:5)
    at async isPathIgnored (file:///node-deps/node_modules/stylelint/lib/isPathIgnored.mjs:23:17)
    at async lintSource (file:///node-deps/node_modules/stylelint/lib/lintSource.mjs:43:20)

::endgroup::
::group::[31mâŒ Linted [EDITORCONFIG] files with [editorconfig-checker]: Found 1 error(s) and 0 warning(s) - (0.01s)[0m (expand for details)
- Using [editorconfig-checker v3.3.0] https://megalinter.io/8.8.0/descriptors/editorconfig_editorconfig_checker
- MegaLinter key: [EDITORCONFIG_EDITORCONFIG_CHECKER]
- Rules config: [/github/workspace/config/.editorconfig-checker.json]
- Number of files analyzed: [278]
- Command: [editorconfig-checker -config /github/workspace/config/.editorconfig-checker.json .ansible/.lock .codespellrc .devcontainer/devcontainer.json .devcontainer/scripts/post-create.sh .dockerignore .editorconfig .github/linters/.gitkeep .github/workflows/g...(truncated)]
--Error detail:
[31;1mjson: cannot unmarshal bool into Go struct field Config.Disable of type config.DisabledChecks[33;0m

::endgroup::
::group::[31mâŒ Linted [HTML] files with [djlint]: Found 5 error(s) and 0 warning(s) - (0.64s)[0m (expand for details)
- Using [djlint v1.36.4] https://megalinter.io/8.8.0/descriptors/html_djlint
- MegaLinter key: [HTML_DJLINT]
- Rules config: identified by [djlint]
- Number of files analyzed: [2]
- Command: [djlint docs/index.html ui/index.html]
--Error detail:

Linting 0/2 files â”ˆâ”ˆâ”ˆâ”ˆâ”ˆâ”ˆâ”ˆâ”ˆâ”ˆâ”ˆ 00:00                                          Linting 2/2 files â”â”â”â”â”â”â”â”â”â” 00:00    Linting 2/2 files â”â”â”â”â”â”â”â”â”â” 00:00    


docs/index.html
â”€â”€â”€â”€â”€â”€â”€â”€â”€â”€â”€â”€â”€â”€â”€â”€â”€â”€â”€â”€â”€â”€â”€â”€â”€â”€â”€â”€â”€â”€â”€â”€â”€â”€â”€â”€â”€â”€â”€â”€â”€â”€â”€â”€â”€â”€â”€â”€â”€â”€â”€â”€â”€â”€â”€â”€â”€â”€â”€â”€â”€â”€â”€â”€â”€â”€â”€â”€â”€â”€â”€â”€â”€â”€â”€â”€â”€â”€â”€
H005 2:0 Html tag should have lang attribute. <html> <head> 
H030 2:0 Consider adding a meta description. <html> <head> 
H031 2:0 Consider adding meta keywords. <html> <head> 

ui/index.html
â”€â”€â”€â”€â”€â”€â”€â”€â”€â”€â”€â”€â”€â”€â”€â”€â”€â”€â”€â”€â”€â”€â”€â”€â”€â”€â”€â”€â”€â”€â”€â”€â”€â”€â”€â”€â”€â”€â”€â”€â”€â”€â”€â”€â”€â”€â”€â”€â”€â”€â”€â”€â”€â”€â”€â”€â”€â”€â”€â”€â”€â”€â”€â”€â”€â”€â”€â”€â”€â”€â”€â”€â”€â”€â”€â”€â”€â”€â”€
H030 2:0 Consider adding a meta description. <html lang="en"> <
H031 2:0 Consider adding meta keywords. <html lang="en"> <

Linted 2 files, found 5 errors.


::endgroup::
::group::[32mâœ… Linted [HTML] files with [htmlhint] successfully - (0.21s)[0m (expand for details)
- Using [htmlhint v1.5.1] https://megalinter.io/8.8.0/descriptors/html_htmlhint
- MegaLinter key: [HTML_HTMLHINT]
- Rules config: [/github/workspace/config/.htmlhintrc]
- Number of files analyzed: [2]
- Command: [htmlhint --config /github/workspace/config/.htmlhintrc docs/index.html ui/index.html]
::endgroup::
Unable to get number of errors with regex_sum and âœ– ([0-9]+) problem
::group::[31mâŒ Linted [JAVASCRIPT] files with [eslint]: Found 1 error(s) and 0 warning(s) - (0.37s)[0m (expand for details)
- Using [eslint v8.57.1] https://megalinter.io/8.8.0/descriptors/javascript_eslint
- MegaLinter key: [JAVASCRIPT_ES]
- Rules config: [/github/workspace/config/.eslint.config.mjs]
- Number of files analyzed: [1]
- Command: [eslint --no-ignore -c /github/workspace/config/.eslint.config.mjs --no-eslintrc ui/eslint.config.js]
--Error detail:

Oops! Something went wrong! :(

ESLint: 8.57.1

YAMLException: Cannot read config file: /github/workspace/config/.eslint.config.mjs
Error: end of the stream or a document separator is expected (25:14)

 22 |     js.configs.recommended,
 23 | 
 24 |     {
 25 |         files: ["**/*.{ts,tsx}"],
-------------------^
 26 |         languageOptions: {
 27 |             parser: tsparser,
    at generateError (/node-deps/node_modules/js-yaml/lib/loader.js:183:10)
    at throwError (/node-deps/node_modules/js-yaml/lib/loader.js:187:9)
    at readDocument (/node-deps/node_modules/js-yaml/lib/loader.js:1645:5)
    at loadDocuments (/node-deps/node_modules/js-yaml/lib/loader.js:1688:5)
    at Object.load (/node-deps/node_modules/js-yaml/lib/loader.js:1714:19)
    at loadLegacyConfigFile (/node-deps/node_modules/@eslint/eslintrc/dist/eslintrc.cjs:2565:21)
    at loadConfigFile (/node-deps/node_modules/@eslint/eslintrc/dist/eslintrc.cjs:2680:20)
    at ConfigArrayFactory._loadConfigData (/node-deps/node_modules/@eslint/eslintrc/dist/eslintrc.cjs:2984:42)
    at ConfigArrayFactory.loadFile (/node-deps/node_modules/@eslint/eslintrc/dist/eslintrc.cjs:2850:40)
    at createCLIConfigArray (/node-deps/node_modules/@eslint/eslintrc/dist/eslintrc.cjs:3660:35)

::endgroup::
::group::[31mâŒ Linted [JAVASCRIPT] files with [prettier]: Found 1 error(s) and 0 warning(s) - (0.22s)[0m (expand for details)
- Using [prettier v3.5.3] https://megalinter.io/8.8.0/descriptors/javascript_prettier
- MegaLinter key: [JAVASCRIPT_PRETTIER]
- Rules config: [/github/workspace/config/.prettier.config.mjs]
- Number of files analyzed: [1]
- Command: [prettier --check --config /github/workspace/config/.prettier.config.mjs ui/eslint.config.js]
--Error detail:
Checking formatting...
[error] Cannot find package 'prettier-plugin-sh' imported from /github/workspace/noop.js

::endgroup::
::group::[31mâŒ Linted [JSON] files with [jsonlint]: Found 1 error(s) and 0 warning(s) - (0.15s)[0m (expand for details)
- Using [jsonlint v16.0.0] https://megalinter.io/8.8.0/descriptors/json_jsonlint
- MegaLinter key: [JSON_JSONLINT]
- Rules config: [/github/workspace/config/.jsonlintrc]
- Number of files analyzed: [31]
- Command: [jsonlint --quiet --config /github/workspace/config/.jsonlintrc .devcontainer/devcontainer.json .vscode/extensions.json .vscode/launch.json .vscode/settings.json .vscode/tasks.json config/.coffee-lint.json config/.devskim.json config/.editorconfig-che...(truncated)]
--Error detail:
File: .vscode/settings.json
Parse error on line 80, column 5:
...OnSave": false,    },    "cSpell.words...
----------------------^
Trailing comma in object

::endgroup::
::group::[31mâŒ Linted [JSON] files with [v8r]: Found 1 error(s) and 0 warning(s) - (11.89s)[0m (expand for details)
- Using [v8r v5.0.0] https://megalinter.io/8.8.0/descriptors/json_v8r
- MegaLinter key: [JSON_V8R]
- Rules config: identified by [v8r]
- Number of files analyzed: [31]
- Command: [v8r --ignore-errors .devcontainer/devcontainer.json .vscode/extensions.json .vscode/launch.json .vscode/settings.json .vscode/tasks.json config/.coffee-lint.json config/.devskim.json config/.editorconfig-checker.json config/.eslintrc-json.json config...(truncated)]
--Error detail:
â„¹ No config file found
â„¹ Processing .devcontainer/devcontainer.json
â„¹ Found schema in https://www.schemastore.org/api/json/catalog.json ...
â„¹ Validating .devcontainer/devcontainer.json against schema from https://raw.githubusercontent.com/devcontainers/spec/main/schemas/devContainer.schema.json ...
âœ– ENOENT: no such file or directory, open 'devContainer.base.schema.json'

â„¹ Processing .vscode/extensions.json
âœ– Could not find a schema to validate .vscode/extensions.json

â„¹ Processing .vscode/launch.json
âœ– Could not find a schema to validate .vscode/launch.json

â„¹ Processing .vscode/settings.json
âœ– Could not find a schema to validate .vscode/settings.json

â„¹ Processing .vscode/tasks.json
â„¹ Found schema in https://www.schemastore.org/api/json/catalog.json ...
â„¹ Validating .vscode/tasks.json against schema from https://www.schemastore.org/task.json ...
âœ” .vscode/tasks.json is valid

â„¹ Processing config/.coffee-lint.json
âœ– Could not find a schema to validate config/.coffee-lint.json

â„¹ Processing config/.devskim.json
âœ– Could not find a schema to validate config/.devskim.json

â„¹ Processing config/.editorconfig-checker.json
âœ– Could not find a schema to validate config/.editorconfig-checker.json

â„¹ Processing config/.eslintrc-json.json
âœ– Could not find a schema to validate config/.eslintrc-json.json

â„¹ Processing config/.flow-scanner.json
âœ– Could not find a schema to validate config/.flow-scanner.json

â„¹ Processing config/.groovylintrc.json
â„¹ Found schema in https://www.schemastore.org/api/json/catalog.json ...
â„¹ Validating config/.groovylintrc.json against schema from https://raw.githubusercontent.com/nvuillam/npm-groovy-lint/refs/heads/main/docs/groovy-lint.jsonschema.json ...
âœ– config/.groovylintrc.json is invalid

config/.groovylintrc.json#/rules must be equal to one of the allowed values
config/.groovylintrc.json#/rules property name must be valid
config/.groovylintrc.json#/rules must be equal to one of the allowed values
config/.groovylintrc.json#/rules property name must be valid
config/.groovylintrc.json#/rules must be equal to one of the allowed values
config/.groovylintrc.json#/rules property name must be valid
config/.groovylintrc.json#/rules must be equal to one of the allowed values
config/.groovylintrc.json#/rules property name must be valid
config/.groovylintrc.json#/rules must be equal to one of the allowed values
config/.groovylintrc.json#/rules property name must be valid
config/.groovylintrc.json#/rules must be equal to one of the allowed values
config/.groovylintrc.json#/rules property name must be valid
config/.groovylintrc.json#/rules must be equal to one of the allowed values
config/.groovylintrc.json#/rules property name must be valid
config/.groovylintrc.json#/rules must be equal to one of the allowed values
config/.groovylintrc.json#/rules property name must be valid
config/.groovylintrc.json#/rules must be equal to one of the allowed values
config/.groovylintrc.json#/rules property name must be valid
config/.groovylintrc.json#/rules must be equal to one of the allowed values
config/.groovylintrc.json#/rules property name must be valid
config/.groovylintrc.json#/rules must NOT have additional properties, found additional property 'convention.Indentation'
config/.groovylintrc.json#/rules must NOT have additional properties, found additional property 'size.LineLength'
config/.groovylintrc.json#/rules must NOT have additional properties, found additional property 'unused.UnusedImport'
config/.groovylintrc.json#/rules must NOT have additional properties, found additional property 'convention.BracesForIfElse'
config/.groovylintrc.json#/rules must NOT have additional properties, found additional property 'convention.SpaceAfterIf'
config/.groovylintrc.json#/rules must NOT have additional properties, found additional property 'convention.SpaceAfterWhile'
config/.groovylintrc.json#/rules must NOT have additional properties, found additional property 'convention.SpaceAfterFor'
config/.groovylintrc.json#/rules must NOT have additional properties, found additional property 'formatting.NoTabCharacter'
config/.groovylintrc.json#/rules must NOT have additional properties, found additional property 'documentation.ClassJavadoc'
config/.groovylintrc.json#/rules must NOT have additional properties, found additional property 'documentation.MethodJavadoc'

â„¹ Processing config/.jscpd.json
â„¹ Found schema in https://www.schemastore.org/api/json/catalog.json ...
â„¹ Validating config/.jscpd.json against schema from https://www.schemastore.org/jscpd.json ...
âœ” config/.jscpd.json is valid

â„¹ Processing config/.kics.config.json
âœ– Could not find a schema to validate config/.kics.config.json

â„¹ Processing config/.markdown-link-check.json
â„¹ Found schema in https://www.schemastore.org/api/json/catalog.json ...
â„¹ Validating config/.markdown-link-check.json against schema from https://www.schemastore.org/markdown-link-check.json ...
âœ” config/.markdown-link-check.json is valid

â„¹ Processing config/.markdownlint.json
â„¹ Found schema in https://www.schemastore.org/api/json/catalog.json ...
â„¹ Validating config/.markdownlint.json against schema from https://raw.githubusercontent.com/DavidAnson/markdownlint/main/schema/markdownlint-config-schema.json ...
âœ” config/.markdownlint.json is valid

â„¹ Processing config/.npmpackagejsonlintrc.json
â„¹ Found schema in https://www.schemastore.org/api/json/catalog.json ...
â„¹ Validating config/.npmpackagejsonlintrc.json against schema from https://www.schemastore.org/npmpackagejsonlintrc.json ...
âœ” config/.npmpackagejsonlintrc.json is valid

â„¹ Processing config/.remarkrc.json
â„¹ Found schema in https://www.schemastore.org/api/json/catalog.json ...
â„¹ Validating config/.remarkrc.json against schema from https://www.schemastore.org/remarkrc.json ...
âœ” config/.remarkrc.json is valid

â„¹ Processing config/.secretlintrc.json
âœ– Could not find a schema to validate config/.secretlintrc.json

â„¹ Processing config/.stylelintrc.json
â„¹ Found schema in https://www.schemastore.org/api/json/catalog.json ...
â„¹ Validating config/.stylelintrc.json against schema from https://www.schemastore.org/stylelintrc.json ...
âœ” config/.stylelintrc.json is valid

â„¹ Processing config/.tsqllintrc.json
âœ– Could not find a schema to validate config/.tsqllintrc.json

â„¹ Processing config/META6.json
âœ– Could not find a schema to validate config/META6.json

â„¹ Processing config/pyrightconfig.json
â„¹ Found schema in https://www.schemastore.org/api/json/catalog.json ...
â„¹ Validating config/pyrightconfig.json against schema from https://raw.githubusercontent.com/microsoft/pyright/main/packages/vscode-pyright/schemas/pyrightconfig.schema.json ...
âœ” config/pyrightconfig.json is valid

â„¹ Processing config/styles/proselint/meta.json
âœ– Could not find a schema to validate config/styles/proselint/meta.json

â„¹ Processing config/styles/write-good/meta.json
âœ– Could not find a schema to validate config/styles/write-good/meta.json

â„¹ Processing package.json
â„¹ Found schema in https://www.schemastore.org/api/json/catalog.json ...
â„¹ Validating package.json against schema from https://www.schemastore.org/package.json ...
âœ” package.json is valid

â„¹ Processing ui/package-lock.json
âœ– Could not find a schema to validate ui/package-lock.json

â„¹ Processing ui/package.json
â„¹ Found schema in https://www.schemastore.org/api/json/catalog.json ...
â„¹ Validating ui/package.json against schema from https://www.schemastore.org/package.json ...
âœ” ui/package.json is valid

â„¹ Processing ui/src/locales/en/common.json
âœ– Could not find a schema to validate ui/src/locales/en/common.json

â„¹ Processing ui/tsconfig.app.json
âœ– Could not find a schema to validate ui/tsconfig.app.json

â„¹ Processing ui/tsconfig.json
âœ– Could not find a schema to validate ui/tsconfig.json

â„¹ Processing ui/tsconfig.node.json
âœ– Could not find a schema to validate ui/tsconfig.node.json


::endgroup::
::group::[31mâŒ Linted [JSON] files with [prettier]: Found 1 error(s) and 0 warning(s) - (0.2s)[0m (expand for details)
- Using [prettier v3.5.3] https://megalinter.io/8.8.0/descriptors/json_prettier
- MegaLinter key: [JSON_PRETTIER]
- Rules config: [/github/workspace/config/.prettier.config.mjs]
- Number of files analyzed: [31]
- Command: [prettier --check --config /github/workspace/config/.prettier.config.mjs .devcontainer/devcontainer.json .vscode/extensions.json .vscode/launch.json .vscode/settings.json .vscode/tasks.json config/.coffee-lint.json config/.devskim.json config/.editorc...(truncated)]
--Error detail:
Checking formatting...
[error] Cannot find package 'prettier-plugin-sh' imported from /github/workspace/noop.js

::endgroup::
::group::[31mâŒ Linted [JSON] files with [npm-package-json-lint]: Found 1 error(s) and 0 warning(s) - (0.31s)[0m (expand for details)
- Using [npm-package-json-lint v8.0.0] https://megalinter.io/8.8.0/descriptors/json_npm_package_json_lint
- MegaLinter key: [JSON_NPM_PACKAGE_JSON_LINT]
- Rules config: [/github/workspace/config/.npmpackagejsonlintrc.json]
- Command: [npmPkgJsonLint --quiet --configFile /github/workspace/config/.npmpackagejsonlintrc.json .]
--Error detail:
cli:
	Configuration for rule "name-format" is invalid:
	- severity must be a string.
	- severity must be either "off", "warning", or "error".


::endgroup::
::group::[31mâŒ Linted [MARKDOWN] files with [markdownlint]: Found 42 error(s) and 0 warning(s) - (0.53s)[0m (expand for details)
- Using [markdownlint v0.45.0] https://megalinter.io/8.8.0/descriptors/markdown_markdownlint
- MegaLinter key: [MARKDOWN_MARKDOWNLINT]
- Rules config: [/github/workspace/config/.markdownlint.json]
- Number of files analyzed: [10]
- Command: [markdownlint -c /github/workspace/config/.markdownlint.json README.md config/styles/proselint/README.md config/styles/write-good/README.md core/README.md docs/FINANCIAL_OPERATING_SYSTEM.md docs/plaid-setup.md server/IMPLEMENTATION_SUMMARY.md server/P...(truncated)]
--Error detail:
core/README.md:15 MD040/fenced-code-language Fenced code blocks should have a language specified [Context: "```"]
docs/FINANCIAL_OPERATING_SYSTEM.md:6 MD025/single-title/single-h1 Multiple top-level headings in the same document [Context: "Overview"]
docs/FINANCIAL_OPERATING_SYSTEM.md:8:121 MD013/line-length Line length [Expected: 120; Actual: 146]
docs/FINANCIAL_OPERATING_SYSTEM.md:18:121 MD013/line-length Line length [Expected: 120; Actual: 140]
docs/FINANCIAL_OPERATING_SYSTEM.md:22 MD025/single-title/single-h1 Multiple top-level headings in the same document [Context: "Core Design Principles"]
docs/FINANCIAL_OPERATING_SYSTEM.md:34 MD025/single-title/single-h1 Multiple top-level headings in the same document [Context: "Tag System (Intent Layer)"]
docs/FINANCIAL_OPERATING_SYSTEM.md:64 MD025/single-title/single-h1 Multiple top-level headings in the same document [Context: "Category Architecture"]
docs/FINANCIAL_OPERATING_SYSTEM.md:239 MD025/single-title/single-h1 Multiple top-level headings in the same document [Context: "Operational Modes"]
docs/FINANCIAL_OPERATING_SYSTEM.md:274 MD025/single-title/single-h1 Multiple top-level headings in the same document [Context: "Governance Rules"]
docs/FINANCIAL_OPERATING_SYSTEM.md:285 MD025/single-title/single-h1 Multiple top-level headings in the same document [Context: "Implementation Notes"]
docs/FINANCIAL_OPERATING_SYSTEM.md:295 MD025/single-title/single-h1 Multiple top-level headings in the same document [Context: "Status"]
docs/plaid-setup.md:5:121 MD013/line-length Line length [Expected: 120; Actual: 208]
docs/plaid-setup.md:32:121 MD013/line-length Line length [Expected: 120; Actual: 126]
docs/plaid-setup.md:33:121 MD013/line-length Line length [Expected: 120; Actual: 140]
docs/plaid-setup.md:119:121 MD013/line-length Line length [Expected: 120; Actual: 142]
README.md:7 MD040/fenced-code-language Fenced code blocks should have a language specified [Context: "```"]
README.md:79:121 MD013/line-length Line length [Expected: 120; Actual: 138]
README.md:156:8 MD034/no-bare-urls Bare URL used [Context: "http://localhost:8000"]
README.md:157:22 MD034/no-bare-urls Bare URL used [Context: "http://localhost:8000/docs"]
README.md:158:17 MD034/no-bare-urls Bare URL used [Context: "http://localhost:8000/health"]
README.md:177:38 MD034/no-bare-urls Bare URL used [Context: "http://localhost:5173"]
server/IMPLEMENTATION_SUMMARY.md:5:121 MD013/line-length Line length [Expected: 120; Actual: 145]
server/IMPLEMENTATION_SUMMARY.md:163 MD040/fenced-code-language Fenced code blocks should have a language specified [Context: "```"]
server/IMPLEMENTATION_SUMMARY.md:203:15 MD034/no-bare-urls Bare URL used [Context: "http://localhost:8000/docs"]
server/IMPLEMENTATION_SUMMARY.md:204:17 MD034/no-bare-urls Bare URL used [Context: "http://localhost:8000/health"]
server/IMPLEMENTATION_SUMMARY.md:211:24 MD034/no-bare-urls Bare URL used [Context: "https://dashboard.plaid.com/si..."]
server/IMPLEMENTATION_SUMMARY.md:254:121 MD013/line-length Line length [Expected: 120; Actual: 132]
server/IMPLEMENTATION_SUMMARY.md:260:121 MD013/line-length Line length [Expected: 120; Actual: 139]
server/IMPLEMENTATION_SUMMARY.md:273:121 MD013/line-length Line length [Expected: 120; Actual: 253]
server/PLAID_README.md:18:35 MD034/no-bare-urls Bare URL used [Context: "https://dashboard.plaid.com/si..."]
server/PLAID_README.md:129 MD040/fenced-code-language Fenced code blocks should have a language specified [Context: "```"]
server/PLAID_README.md:164:41 MD034/no-bare-urls Bare URL used [Context: "https://plaid.com/docs/link/we..."]
server/PLAID_README.md:172:15 MD034/no-bare-urls Bare URL used [Context: "http://localhost:8000/docs"]
server/PLAID_README.md:173:10 MD034/no-bare-urls Bare URL used [Context: "http://localhost:8000/redoc"]
server/README.md:25:8 MD034/no-bare-urls Bare URL used [Context: "http://localhost:8000"]
server/README.md:26:22 MD034/no-bare-urls Bare URL used [Context: "http://localhost:8000/docs"]
server/README.md:27:17 MD034/no-bare-urls Bare URL used [Context: "http://localhost:8000/health"]
ui/README.md:7 MD040/fenced-code-language Fenced code blocks should have a language specified [Context: "```"]
ui/README.md:46:121 MD013/line-length Line length [Expected: 120; Actual: 241]
ui/README.md:47:121 MD013/line-length Line length [Expected: 120; Actual: 154]
ui/README.md:51:121 MD013/line-length Line length [Expected: 120; Actual: 191]
ui/README.md:85:121 MD013/line-length Line length [Expected: 120; Actual: 285]

::endgroup::
::group::[32mâœ… Linted [MARKDOWN] files with [markdown-link-check] successfully - (3.16s)[0m (expand for details)
- Using [markdown-link-check v3.12.2] https://megalinter.io/8.8.0/descriptors/markdown_markdown_link_check
- MegaLinter key: [MARKDOWN_MARKDOWN_LINK_CHECK]
- Rules config: [/github/workspace/config/.markdown-link-check.json]
- Number of files analyzed: [10]
- Command: [markdown-link-check --quiet -c /github/workspace/config/.markdown-link-check.json README.md config/styles/proselint/README.md config/styles/write-good/README.md core/README.md docs/FINANCIAL_OPERATING_SYSTEM.md docs/plaid-setup.md server/IMPLEMENTATI...(truncated)]
::endgroup::
::group::[31mâŒ Linted [MARKDOWN] files with [markdown-table-formatter]: Found 1 error(s) and 0 warning(s) - (0.17s)[0m (expand for details)
- Using [markdown-table-formatter v1.6.1] https://megalinter.io/8.8.0/descriptors/markdown_markdown_table_formatter
- MegaLinter key: [MARKDOWN_MARKDOWN_TABLE_FORMATTER]
- Rules config: identified by [markdown-table-formatter]
- Number of files analyzed: [10]
- Command: [markdown-table-formatter --check README.md config/styles/proselint/README.md config/styles/write-good/README.md core/README.md docs/FINANCIAL_OPERATING_SYSTEM.md docs/plaid-setup.md server/IMPLEMENTATION_SUMMARY.md server/PLAID_README.md server/READM...(truncated)]
--Error detail:
3 files contain markdown tables to format:
- README.md
- docs/plaid-setup.md
- server/IMPLEMENTATION_SUMMARY.md

::endgroup::
Unable to get number of errors with regex_count and (?m)^\s*(Information|Warning|Error|ParseError)\s
Unable to get number of errors with regex_count and (?m)^\s*(Information|Warning|Error|ParseError)\s
Unable to get number of errors with regex_count and (?m)^\s*(Information|Warning|Error|ParseError)\s
::group::[31mâŒ Linted [POWERSHELL] files with [powershell]: Found 3 error(s) and 0 warning(s) - (1.9s)[0m (expand for details)
- Using [powershell v7.5.1] https://megalinter.io/8.8.0/descriptors/powershell_powershell
- MegaLinter key: [POWERSHELL_POWERSHELL]
- Rules config: [/github/workspace/config/.powershell-psscriptanalyzer.psd1]
- Number of files analyzed: [3]
- Commands:
  [pwsh -NoProfile -NoLogo -Command $PSStyle.OutputRendering = 'Ansi'; Invoke-ScriptAnalyzer -EnableExit -Settings /github/workspace/config/.powershell-psscriptanalyzer.psd1 -Path 'config/.arm-ttk.psd1' | Format-Table -AutoSize -Wrap -Property @{Name='S...(truncated)]
  [pwsh -NoProfile -NoLogo -Command $PSStyle.OutputRendering = 'Ansi'; Invoke-ScriptAnalyzer -EnableExit -Settings /github/workspace/config/.powershell-psscriptanalyzer.psd1 -Path 'config/.powershell-formatter.psd1' | Format-Table -AutoSize -Wrap -Prope...(truncated)]
  [pwsh -NoProfile -NoLogo -Command $PSStyle.OutputRendering = 'Ansi'; Invoke-ScriptAnalyzer -EnableExit -Settings /github/workspace/config/.powershell-psscriptanalyzer.psd1 -Path 'config/.powershell-psscriptanalyzer.psd1' | Format-Table -AutoSize -Wrap...(truncated)]
[31m[powershell] config/.arm-ttk.psd1 - ERROR - 1 error(s) and 0 warning(s)[0m
[31m--Error detail:
[31;1mInvoke-ScriptAnalyzer: [31;1mrootmodule is not a valid key in the settings hashtable. Valid keys are CustomRulePath, ExcludeRules, IncludeRules, IncludeDefaultRules, RecurseCustomRulePath, Rules and Severity.[0m
[0m
[31m[powershell] config/.powershell-formatter.psd1 - ERROR - 1 error(s) and 0 warning(s)[0m
[31m--Error detail:
[31;1mInvoke-ScriptAnalyzer: [31;1mpowershellversion is not a valid key in the settings hashtable. Valid keys are CustomRulePath, ExcludeRules, IncludeRules, IncludeDefaultRules, RecurseCustomRulePath, Rules and Severity.[0m
[0m
[31m[powershell] config/.powershell-psscriptanalyzer.psd1 - ERROR - 1 error(s) and 0 warning(s)[0m
[31m--Error detail:
[31;1mInvoke-ScriptAnalyzer: [31;1mrootmodule is not a valid key in the settings hashtable. Valid keys are CustomRulePath, ExcludeRules, IncludeRules, IncludeDefaultRules, RecurseCustomRulePath, Rules and Severity.[0m
[0m
::endgroup::
::group::[31mâŒ Linted [POWERSHELL] files with [powershell_formatter]: Found 3 error(s) and 0 warning(s) - (1.69s)[0m (expand for details)
- Using [powershell_formatter v7.5.1] https://megalinter.io/8.8.0/descriptors/powershell_powershell_formatter
- MegaLinter key: [POWERSHELL_POWERSHELL_FORMATTER]
- Rules config: [/github/workspace/config/.powershell-formatter.psd1]
- Number of files analyzed: [3]
- Commands:
  [pwsh -NoProfile -NoLogo -Command Invoke-Formatter -Settings /github/workspace/config/.powershell-formatter.psd1 -ScriptDefinition (Get-Content -Path 'config/.arm-ttk.psd1' -Raw)]
  [pwsh -NoProfile -NoLogo -Command Invoke-Formatter -Settings /github/workspace/config/.powershell-formatter.psd1 -ScriptDefinition (Get-Content -Path 'config/.powershell-formatter.psd1' -Raw)]
  [pwsh -NoProfile -NoLogo -Command Invoke-Formatter -Settings /github/workspace/config/.powershell-formatter.psd1 -ScriptDefinition (Get-Content -Path 'config/.powershell-psscriptanalyzer.psd1' -Raw)]
[31m[powershell_formatter] config/.arm-ttk.psd1 - ERROR - 1 error(s) and 0 warning(s)[0m
[31m--Error detail:
[31;1mInvoke-Formatter: [31;1musesettingsfile is not a valid key in the settings hashtable. Valid keys are CustomRulePath, ExcludeRules, IncludeRules, IncludeDefaultRules, RecurseCustomRulePath, Rules and Severity.[0m
[0m
[31m[powershell_formatter] config/.powershell-formatter.psd1 - ERROR - 1 error(s) and 0 warning(s)[0m
[31m--Error detail:
[31;1mInvoke-Formatter: [31;1mplaceclosebraceonnewline is not a valid key in the settings hashtable. Valid keys are CustomRulePath, ExcludeRules, IncludeRules, IncludeDefaultRules, RecurseCustomRulePath, Rules and Severity.[0m
[0m
[31m[powershell_formatter] config/.powershell-psscriptanalyzer.psd1 - ERROR - 1 error(s) and 0 warning(s)[0m
[31m--Error detail:
[31;1mInvoke-Formatter: [31;1mplaceclosebraceonnewline is not a valid key in the settings hashtable. Valid keys are CustomRulePath, ExcludeRules, IncludeRules, IncludeDefaultRules, RecurseCustomRulePath, Rules and Severity.[0m
[0m
::endgroup::
::group::[31mâŒ Linted [REPOSITORY] files with [checkov]: Found 1 error(s) and 0 warning(s) - (22.05s)[0m (expand for details)
- Using [checkov v3.2.413] https://megalinter.io/8.8.0/descriptors/repository_checkov
- MegaLinter key: [REPOSITORY_CHECKOV]
- Rules config: [/github/workspace/config/.checkov.yml]
- Command: [checkov --directory . --config-file /github/workspace/config/.checkov.yml]
--Error detail:
2026-03-01 00:25:19,800 [MainThread  ] [INFO ]  Checking necessary system dependencies for helm checks.
2026-03-01 00:25:19,924 [MainThread  ] [INFO ]  Found working version of helm dependencies: v3.16.3
2026-03-01 00:25:19,925 [MainThread  ] [INFO ]  Checking necessary system dependencies for kustomize checks.
2026-03-01 00:25:19,926 [MainThread  ] [INFO ]  Could not find usable tools locally to process kustomize checks. Framework will be disabled for this run.
2026-03-01 00:25:19,927 [MainThread  ] [INFO ]  The following frameworks will automatically be disabled due to missing system dependencies: kustomize
2026-03-01 00:25:20,280 [MainThread  ] [INFO ]  The framework "sca_image" is part of the "SCA" module, which is not enabled in the platform
2026-03-01 00:25:20,280 [MainThread  ] [INFO ]  The framework "sca_package" is part of the "SCA" module, which is not enabled in the platform
2026-03-01 00:25:20,280 [MainThread  ] [INFO ]  The framework "sast" is part of the "SAST" module, which is not enabled in the platform
2026-03-01 00:25:20,280 [MainThread  ] [INFO ]  The framework "cdk" is part of the "SAST" module, which is not enabled in the platform
2026-03-01 00:25:20,287 [MainThread  ] [INFO ]  Scanning root folder and producing fresh tf_definitions and context
2026-03-01 00:25:20,287 [MainThread  ] [INFO ]  Parsing HCL files in source dir to graph
2026-03-01 00:25:20,292 [MainThread  ] [INFO ]  Starting download of modules of length 0
2026-03-01 00:25:20,313 [MainThread  ] [INFO ]  Creating Serverless graph
2026-03-01 00:25:20,314 [MainThread  ] [INFO ]  Successfully created Serverless graph
2026-03-01 00:25:20,346 [MainThread  ] [INFO ]  Building graph from parsed module
2026-03-01 00:25:20,347 [MainThread  ] [INFO ]  Creating vertices
2026-03-01 00:25:20,353 [MainThread  ] [INFO ]  [TerraformLocalGraph] created 2 vertices
2026-03-01 00:25:20,353 [MainThread  ] [INFO ]  Creating edges
2026-03-01 00:25:20,353 [MainThread  ] [INFO ]  [TerraformLocalGraph] created 0 edges
2026-03-01 00:25:20,353 [MainThread  ] [INFO ]  Rendering variables, graph has 2 vertices and 0 edges
2026-03-01 00:25:20,355 [MainThread  ] [INFO ]  Building cross variable edges
2026-03-01 00:25:20,355 [MainThread  ] [INFO ]  Found 0 cross variable edges
2026-03-01 00:25:20,355 [MainThread  ] [INFO ]  Building S3 edges name references
2026-03-01 00:25:20,355 [MainThread  ] [INFO ]  Found 0 S3 name references edges
2026-03-01 00:25:20,357 [MainThread  ] [INFO ]  Creating ARM graph
2026-03-01 00:25:20,361 [MainThread  ] [INFO ]  Successfully created ARM graph
2026-03-01 00:25:20,370 [MainThread  ] [INFO ]  Creating Dockerfile graph
2026-03-01 00:25:20,371 [MainThread  ] [INFO ]  Successfully created Dockerfile graph
2026-03-01 00:25:20,374 [MainThread  ] [INFO ]  Custom detector found at /venvs/checkov/lib/python3.13/site-packages/checkov/secrets/plugins/custom_regex_detector.py. Loading...
2026-03-01 00:25:20,429 [MainThread  ] [INFO ]  Secrets scanning will scan 74 files
2026-03-01 00:25:20,459 [MainThread  ] [INFO ]  Creating vertices
2026-03-01 00:25:20,460 [MainThread  ] [INFO ]  [TerraformLocalGraph] created 0 vertices
2026-03-01 00:25:20,460 [MainThread  ] [INFO ]  Creating edges
2026-03-01 00:25:20,460 [MainThread  ] [INFO ]  [TerraformLocalGraph] created 0 edges
2026-03-01 00:25:23,522 [MainThread  ] [INFO ]  creating CloudFormation graph
2026-03-01 00:25:23,522 [MainThread  ] [INFO ]  [CloudformationLocalGraph] created 0 vertices
2026-03-01 00:25:23,522 [MainThread  ] [INFO ]  [CloudformationLocalGraph] created 0 edges
2026-03-01 00:25:23,522 [MainThread  ] [INFO ]  Rendering variables, graph has 0 vertices and 0 edges
2026-03-01 00:25:23,523 [MainThread  ] [INFO ]  Successfully created CloudFormation graph
2026-03-01 00:25:23,869 [MainThread  ] [INFO ]  File ./docs/reports/megalinter/mega-linter-report.json Line 627 has a length of 38241, which is higher than the max 10000
2026-03-01 00:25:24,121 [MainThread  ] [INFO ]  Creating Ansible graph
2026-03-01 00:25:24,123 [MainThread  ] [INFO ]  Successfully created Ansible graph
2026-03-01 00:25:24,401 [MainThread  ] [INFO ]  Creating GitHubActions graph
2026-03-01 00:25:24,415 [MainThread  ] [INFO ]  Successfully created GitHubActions graph
2026-03-01 00:25:25,201 [MainThread  ] [INFO ]  File ./docs/reports/megalinter/mega-linter-report.json Line 3413 has a length of 15494, which is higher than the max 10000
2026-03-01 00:25:27,665 [MainThread  ] [INFO ]  creating Kubernetes graph
2026-03-01 00:25:27,666 [MainThread  ] [INFO ]  Successfully created Kubernetes graph
2026-03-01 00:25:28,511 [MainThread  ] [INFO ]  File ./docs/reports/megalinter/mega-linter-report.json Line 18102 has a length of 18461, which is higher than the max 10000
2026-03-01 00:25:29,199 [MainThread  ] [INFO ]  File ./docs/reports/megalinter/mega-linter-report.json Line 20972 has a length of 50545, which is higher than the max 10000
2026-03-01 00:25:30,514 [MainThread  ] [INFO ]  File ./docs/reports/megalinter/mega-linter-report.json Line 27864 has a length of 55188, which is higher than the max 10000
2026-03-01 00:25:30,648 [MainThread  ] [INFO ]  File ./docs/reports/megalinter/mega-linter-report.json Line 28490 has a length of 12312, which is higher than the max 10000
2026-03-01 00:25:31,902 [MainThread  ] [INFO ]  File ./docs/reports/megalinter/mega-linter-report.json Line 35004 has a length of 13375, which is higher than the max 10000
2026-03-01 00:25:32,087 [MainThread  ] [INFO ]  File ./docs/reports/megalinter/mega-linter-report.json Line 35956 has a length of 17818, which is higher than the max 10000
2026-03-01 00:25:32,104 [MainThread  ] [INFO ]  Secret scanning for ./docs/reports/megalinter/mega-linter-report.json took 0:00:10.046935 seconds
2026-03-01 00:25:33,047 [MainThread  ] [INFO ]  Cleanup the whole temp directory: /tmp/tmpg3w0u9my
terraform_plan scan results:

Passed checks: 0, Failed checks: 0, Skipped checks: 0, Parsing errors: 2

secrets scan results:

Passed checks: 0, Failed checks: 1, Skipped checks: 0

Check: CKV_SECRET_6: "Base64 High Entropy String"
	FAILED for resource: HIDDEN_BY_MEGALINTER	File: /package.json:46-47
	Guide: https://docs.prismacloud.io/en/enterprise-edition/policy-reference/secrets-policies/secrets-policy-index/git-secrets-6

		46 |     "lint:secretlint": "npm run lint:base -- --env ENABLE_LINTERS=REPOS**********",

github_actions scan results:

Passed checks: 136, Failed checks: 0, Skipped checks: 0



::endgroup::
::group::[32mâœ… Linted [REPOSITORY] files with [dustilock] successfully - (1.32s)[0m (expand for details)
- Using [dustilock v1.2.0] https://megalinter.io/8.8.0/descriptors/repository_dustilock
- MegaLinter key: [REPOSITORY_DUSTILOCK]
- Rules config: identified by [dustilock]
- Command: [dustilock --recursive]
::endgroup::
::group::[32mâœ… Linted [REPOSITORY] files with [git_diff] successfully - (0.08s)[0m (expand for details)
- Using [git_diff v2.47.2] https://megalinter.io/8.8.0/descriptors/repository_git_diff
- MegaLinter key: [REPOSITORY_GIT_DIFF]
- Rules config: identified by [git_diff]
- Command: [git diff --check]
::endgroup::
Unable to get number of errors with regex_sum and leaks found: ([0-9]+)
::group::[31mâŒ Linted [REPOSITORY] files with [gitleaks]: Found 1 error(s) and 0 warning(s) - (0.01s)[0m (expand for details)
- Using [gitleaks v8.27.2] https://megalinter.io/8.8.0/descriptors/repository_gitleaks
- MegaLinter key: [REPOSITORY_GITLEAKS]
- Rules config: [/github/workspace/config/.gitleaks.toml]
- Command: [gitleaks detect --redact -c /github/workspace/config/.gitleaks.toml --verbose --source .]
--Error detail:

    â—‹
    â”‚â•²
    â”‚ â—‹
    â—‹ â–‘
    â–‘    gitleaks

[90m12:25AM[0m [31mFTL[0m [1mFailed to load config[0m [36merror=[0m[31m[1m"[[allowlists]] must contain at least one check for: commits, paths, regexes, or stopwords"[0m[0m

::endgroup::
::group::[31mâŒ Linted [REPOSITORY] files with [grype]: Found 13 error(s) and 0 warning(s) - (29.37s)[0m (expand for details)
- Using [grype v0.94.0] https://megalinter.io/8.8.0/descriptors/repository_grype
- MegaLinter key: [REPOSITORY_GRYPE]
- Rules config: [/github/workspace/config/.grype.yaml]
- Command: [grype --config /github/workspace/config/.grype.yaml dir:.]
--Error detail:
[0000]  WARN no explicit name and version provided for directory source, deriving artifact ID from the given path (which is not ideal)
NAME       INSTALLED  FIXED-IN  TYPE  VULNERABILITY        SEVERITY  EPSS%  RISK  
minimatch  10.2.0     10.2.1    npm   GHSA-3ppc-4f35-3m26  High      16.16  < 0.1  
minimatch  5.1.6      5.1.7     npm   GHSA-3ppc-4f35-3m26  High      16.16  < 0.1  
minimatch  9.0.5      9.0.6     npm   GHSA-3ppc-4f35-3m26  High      16.16  < 0.1  
minimatch  10.2.0     10.2.3    npm   GHSA-7r86-cg39-jmmj  High      14.47  < 0.1  
minimatch  5.1.6      5.1.8     npm   GHSA-7r86-cg39-jmmj  High      14.47  < 0.1  
minimatch  9.0.5      9.0.7     npm   GHSA-7r86-cg39-jmmj  High      14.47  < 0.1  
minimatch  10.2.0     10.2.3    npm   GHSA-23c5-xmqv-rm74  High      11.98  < 0.1  
minimatch  5.1.6      5.1.8     npm   GHSA-23c5-xmqv-rm74  High      11.98  < 0.1  
minimatch  9.0.5      9.0.7     npm   GHSA-23c5-xmqv-rm74  High      11.98  < 0.1  
bn.js      4.12.2     4.12.3    npm   GHSA-378v-28hj-76wf  Medium     4.92  < 0.1  
bn.js      5.2.2      5.2.3     npm   GHSA-378v-28hj-76wf  Medium     4.92  < 0.1  
tar        7.5.7      7.5.8     npm   GHSA-83g3-92jg-28cx  High       1.77  < 0.1  
elliptic   6.6.1                npm   GHSA-848j-6mx2-7j84  Low        1.26  < 0.1
[0029] ERROR [31mdiscovered vulnerabilities at or above the severity threshold[0m

::endgroup::
::group::[31mâŒ Linted [REPOSITORY] files with [kics]: Found 2 error(s) and 0 warning(s) - (14.63s)[0m (expand for details)
- Using [kics v2.1.10] https://megalinter.io/8.8.0/descriptors/repository_kics
- MegaLinter key: [REPOSITORY_KICS]
- Rules config: [/github/workspace/config/.kics.config.json]
- Command: [kics scan --config /github/workspace/config/.kics.config.json --no-progress --path .]
--Error detail:
[38;2;34;187;51m
                                                                                                                                                   
                                                                                                                                                                                                    
   MLLLLLM             MLLLLLLLLL   LLLLLLL             KLLLLLLLLLLLLLLLL       LLLLLLLLLLLLLLLLLLLLLLL 
   MMMMMMM           MMMMMMMMMML    MMMMMMMK       LMMMMMMMMMMMMMMMMMMMML   KLMMMMMMMMMMMMMMMMMMMMMMMMM 
   MMMMMMM         MMMMMMMMML       MMMMMMMK     LMMMMMMMMMMMMMMMMMMMMMML  LMMMMMMMMMMMMMMMMMMMMMMMMMMM 
   MMMMMMM      MMMMMMMMMML         MMMMMMMK   LMMMMMMMMMMMMMMMMMMMMMMMML LMMMMMMMMMMMMMMMMMMMMMMMMMMMM 
   MMMMMMM    LMMMMMMMMML           MMMMMMMK  LMMMMMMMMMLLMLLLLLLLLLLLLLL LMMMMMMMLLLLLLLLLLLLLLLLLLLLM 
   MMMMMMM  MMMMMMMMMLM             MMMMMMMK LMMMMMMMM                    LMMMMMML                      
   MMMMMMMLMMMMMMMML                MMMMMMMK MMMMMMML                     LMMMMMMMMLLLLLLLLLLLLLMLL     
   MMMMMMMMMMMMMMMM                 MMMMMMMK MMMMMML                       LMMMMMMMMMMMMMMMMMMMMMMMMML  
   MMMMMMMMMMMMMMMMMM               MMMMMMMK MMMMMMM                         LMMMMMMMMMMMMMMMMMMMMMMMML 
   MMMMMMM KLMMMMMMMMML             MMMMMMMK LMMMMMMM                                          MMMMMMMML
   MMMMMMM    LMMMMMMMMMM           MMMMMMMK LMMMMMMMMLL                                        MMMMMMML
   MMMMMMM      LMMMMMMMMMLL        MMMMMMMK  LMMMMMMMMMMMMMMMMMMMMMMMMML LLLLLLLLLLLLLLLLLLLLMMMMMMMMMM
   MMMMMMM        MMMMMMMMMMML      MMMMMMMK   MMMMMMMMMMMMMMMMMMMMMMMMML LMMMMMMMMMMMMMMMMMMMMMMMMMMMM 
   MMMMMMM          LLMMMMMMMMML    MMMMMMMK     LLMMMMMMMMMMMMMMMMMMMMML LMMMMMMMMMMMMMMMMMMMMMMMMMML  
   MMMMMMM             MMMMMMMMMML  MMMMMMMK         KLMMMMMMMMMMMMMMMMML LMMMMMMMMMMMMMMMMMMMMMMMLK    
                                                                                                            
                                                                                                                                                                                                                                                                                                                        

[0m
Scanning with Keeping Infrastructure as Code Secure v2.1.10





[38;2;237;213;126mUnpinned Actions Full Length Commit SHA[0m, Severity: [38;2;237;213;126mLOW[0m, Results: 2
[1mDescription:[0m Pinning an action to a full length commit SHA is currently the only way to use an action as an immutable release. Pinning to a particular SHA helps mitigate the risk of a bad actor adding a backdoor to the action's repository, as they would need to generate a SHA-1 collision for a valid Git object payload. When selecting a SHA, you should verify it is from the action's repository and not a repository fork.
[1mPlatform:[0m CICD
[1mCWE:[0m 829
[1mLearn more about this vulnerability:[0m https://docs.kics.io/latest/queries/cicd-queries/555ab8f9-2001-455e-a077-f2d0f41e2fb9

	[38;2;237;213;126m[1]:[0m .github/workflows/megalinter.yml:[38;2;34;187;51m39[0m

		038:         id: ml
[38;2;240;173;78m		039:         uses: oxsecurity/megalinter@v8.8.0
[0m		040:         continue-on-error: true


	[38;2;237;213;126m[2]:[0m .github/workflows/toc.yml:[38;2;34;187;51m18[0m

		017:       - name: Generate TOC
[38;2;240;173;78m		018:         uses: technote-space/toc-generator@v4
[0m		019:         with:



Results Summary:
[38;2;255;0;0mCRITICAL[0m: 0
[38;2;187;33;36mHIGH[0m: 0
[38;2;255;114;19mMEDIUM[0m: 0
[38;2;237;213;126mLOW[0m: 2
[38;2;91;192;222mINFO[0m: 0
TOTAL: 2

[38;2;255;153;19mA new version 'v2.1.19' of KICS is available, please consider updating[0m

::endgroup::
::group::[31mâŒ Linted [REPOSITORY] files with [ls-lint]: Found 1 error(s) and 0 warning(s) - (0.07s)[0m (expand for details)
- Using [ls-lint v2.3.1] https://megalinter.io/8.8.0/descriptors/repository_ls_lint
- MegaLinter key: [REPOSITORY_LS_LINT]
- Rules config: [/github/workspace/config/.ls-lint.yml]
- Command: [ls-lint --config /github/workspace/config/.ls-lint.yml]
--Error detail:
2026/03/01 00:26:21 rule ignore not exists

::endgroup::
::group::[31mâŒ Linted [REPOSITORY] files with [secretlint]: Found 1 error(s) and 0 warning(s) - (10.88s)[0m (expand for details)
- Using [secretlint v10.1.0] https://megalinter.io/8.8.0/descriptors/repository_secretlint
- MegaLinter key: [REPOSITORY_SECRETLINT]
- Rules config: [/github/workspace/config/.secretlintrc.json]
- Number of files analyzed: [0]
- Command: [secretlint --secretlintignore config/.secretlintignore *.{js,ts,tsx,jsx,json,yml,yaml,env,py,rs,go,md} src/**/*.{js,ts,tsx,jsx,json,yml,yaml,env,py,rs,go,md} config/**/*.{json,yml,yaml} .github/**/*.{yml,yaml} .vscode/**/*.{json} --secretlintrc /gith...(truncated)]
[Pre][REPOSITORY_SECRETLINT] run: [cd /node-deps && npm install --no-audit --no-fund --silent @secretlint/secretlint-rule-preset-recommend @secretlint/secretlint-rule-openai @secretlint/secretlint-rule-npm @secretlint/secretlint-rule-pattern @secretlint/secretlint-rule-secp256k1-privatekey @secretlint/secretlint-rule-no-dotenv @secretlint/secretlint-rule-no-homedir @secretlint/secretlint-rule-github @secretlint/secretlint-rule-gcp @secretlint/secretlint-rule-database-connection-string @secretlint/secretlint-rule-privatekey @secretlint/secretlint-rule-aws @secretlint/secretlint-rule-basicauth
] in cwd [/github/workspace]
[Pre][REPOSITORY_SECRETLINT] error:
(node:1660) ExperimentalWarning: CommonJS module /usr/lib/node_modules/npm/node_modules/debug/src/node.js is loading ES Module /usr/lib/node_modules/npm/node_modules/supports-color/index.js using require().
Support for loading ES Module in require() is an experimental feature and might change at any time
(Use `node --trace-warnings ...` to show where the warning was created)

--Error detail:
AggregationError: Secretlint Configuration Error

----

Does not exist id: "@secretlint/secretlint-rule-secp256k1-privatekey" in the preset(@secretlint/secretlint-rule-preset-recommend).

Following config is invalid because the preset(@secretlint/secretlint-rule-preset-recommend) does not have id: "@secretlint/secretlint-rule-secp256k1-privatekey".

{"id":"@secretlint/secretlint-rule-secp256k1-privatekey","disabled":true,"type":"rule"}

    at validateConfigWithDescriptor (file:///node-deps/node_modules/@secretlint/config-loader/module/validator.js:138:16)
    at loadPackagesFromConfigDescriptor (file:///node-deps/node_modules/@secretlint/config-loader/module/index.js:112:34)
    at async loadConfig (file:///node-deps/node_modules/@secretlint/config-loader/module/index.js:138:30)
    at async file:///node-deps/node_modules/@secretlint/node/module/index.js:109:34
    at async createEngine (file:///node-deps/node_modules/@secretlint/node/module/index.js:102:26)
    at async lintFileOrText (file:///node-deps/node_modules/secretlint/module/index.js:5:20)
    at async runSecretLint (file:///node-deps/node_modules/secretlint/module/index.js:31:28)
    at async file:///node-deps/node_modules/secretlint/bin/secretlint.js:15:44 {
  errors: [
    Error: Does not exist id: "@secretlint/secretlint-rule-secp256k1-privatekey" in the preset(@secretlint/secretlint-rule-preset-recommend).
    
    Following config is invalid because the preset(@secretlint/secretlint-rule-preset-recommend) does not have id: "@secretlint/secretlint-rule-secp256k1-privatekey".
    
    {"id":"@secretlint/secretlint-rule-secp256k1-privatekey","disabled":true,"type":"rule"}
    
        at file:///node-deps/node_modules/@secretlint/config-loader/module/validator.js:106:33
        at Array.forEach (<anonymous>)
        at validateConfigWithDescriptor (file:///node-deps/node_modules/@secretlint/config-loader/module/validator.js:103:26)
        at loadPackagesFromConfigDescriptor (file:///node-deps/node_modules/@secretlint/config-loader/module/index.js:112:34)
        at async loadConfig (file:///node-deps/node_modules/@secretlint/config-loader/module/index.js:138:30)
        at async file:///node-deps/node_modules/@secretlint/node/module/index.js:109:34
        at async createEngine (file:///node-deps/node_modules/@secretlint/node/module/index.js:102:26)
        at async lintFileOrText (file:///node-deps/node_modules/secretlint/module/index.js:5:20)
        at async runSecretLint (file:///node-deps/node_modules/secretlint/module/index.js:31:28)
        at async file:///node-deps/node_modules/secretlint/bin/secretlint.js:15:44
  ]
}

::endgroup::
::group::[31mâŒ Linted [REPOSITORY] files with [syft]: Found 1 error(s) and 0 warning(s) - (0.03s)[0m (expand for details)
- Using [syft v1.27.1] https://megalinter.io/8.8.0/descriptors/repository_syft
- MegaLinter key: [REPOSITORY_SYFT]
- Rules config: [/github/workspace/config/.syft.yaml]
- Command: [syft scan . --config /github/workspace/config/.syft.yaml]
--Error detail:
[0000] ERROR [31minvalid application config: decoding failed due to the following error(s):

'catalogers[0]' expected type 'string', got unconvertible type 'map[string]interface {}', value: 'map[enabled:[apkdb dpkgdb rpmdb python-package node-package java go-module rust-crate]]'[0m

::endgroup::
::group::[32mâœ… Linted [REPOSITORY] files with [trivy] successfully - (6.54s)[0m (expand for details)
- Using [trivy v0.63.0] https://megalinter.io/8.8.0/descriptors/repository_trivy
- MegaLinter key: [REPOSITORY_TRIVY]
- Rules config: [/github/workspace/config/trivy.yaml]
- Command: [trivy fs --scanners vuln,misconfig --exit-code 1 --config /github/workspace/config/trivy.yaml .]
::endgroup::
::group::[32mâœ… Linted [REPOSITORY] files with [trivy-sbom] successfully - (1.42s)[0m (expand for details)
- Using [trivy-sbom v0.63.0] https://megalinter.io/8.8.0/descriptors/repository_trivy_sbom
- MegaLinter key: [REPOSITORY_TRIVY_SBOM]
- Rules config: [/github/workspace/config/trivy-sbom.yaml]
- Command: [trivy fs --format cyclonedx --config /github/workspace/config/trivy-sbom.yaml .]
::endgroup::
::group::[31mâŒ Linted [REPOSITORY] files with [trufflehog]: Found 1 error(s) and 0 warning(s) - (2.25s)[0m (expand for details)
- Using [trufflehog v3.89.1] https://megalinter.io/8.8.0/descriptors/repository_trufflehog
- MegaLinter key: [REPOSITORY_TRUFFLEHOG]
- Rules config: [/github/workspace/config/.trufflehog.yml]
- Command: [trufflehog filesystem . --fail --only-verified --no-update --exclude-paths=config/.trufflehogignore --config /github/workspace/config/.trufflehog.yml]
--Error detail:
2026-03-01T00:26:43Z	error	trufflehog	error parsing the provided configuration file	{"error": "proto: (line 1:2): unknown field \"branch\""}

::endgroup::
::group::[32mâœ… Linted [SALESFORCE] files with [sfdx-scanner-apex] successfully - (22.08s)[0m (expand for details)
- Using [sfdx-scanner-apex v4.12.0] https://megalinter.io/8.8.0/descriptors/salesforce_sfdx_scanner_apex
- MegaLinter key: [SALESFORCE_SFDX_SCANNER_APEX]
- Rules config: [/github/workspace/config/apex-pmd-ruleset.xml]
- Command: [sf scanner:run --engine pmd --target "./**/*" --severity-threshold 2 --outfile reports/megalinter/sfdx-scanner-report-apex.csv --format csv --pmdconfig /github/workspace/config/apex-pmd-ruleset.xml]
::endgroup::
::group::[32mâœ… Linted [SALESFORCE] files with [sfdx-scanner-aura] successfully - (8.34s)[0m (expand for details)
- Using [sfdx-scanner-aura v4.12.0] https://megalinter.io/8.8.0/descriptors/salesforce_sfdx_scanner_aura
- MegaLinter key: [SALESFORCE_SFDX_SCANNER_AURA]
- Rules config: identified by [sfdx-scanner-aura]
- Command: [sf scanner:run --engine eslint --target **/aura/**/*.js --severity-threshold 2 --outfile reports/megalinter/sfdx-scanner-report-aura.csv --format csv]
::endgroup::
::group::[32mâœ… Linted [SALESFORCE] files with [sfdx-scanner-lwc] successfully - (8.5s)[0m (expand for details)
- Using [sfdx-scanner-lwc v4.12.0] https://megalinter.io/8.8.0/descriptors/salesforce_sfdx_scanner_lwc
- MegaLinter key: [SALESFORCE_SFDX_SCANNER_LWC]
- Rules config: identified by [sfdx-scanner-lwc]
- Command: [sf scanner:run --engine eslint-lwc --target **/lwc/**/*.js --severity-threshold 2 --outfile reports/megalinter/sfdx-scanner-report-lwc.csv --format csv]
::endgroup::
Unable to get number of errors with regex_number and - error: ([0-9]+)
Unable to extract version with regex re.compile('(?<=lightning-flow-scanner )\\d+(\\.\\d+)+') from  â€º   Warning: @salesforce/cli update available from 2.92.7 to 2.124.7.
@salesforce/sfdx-scanner 4.12.0 (4.12.0)

Uninstalled JIT Plugins:
code-analyzer 5.1.0
community 3.3.26
custom-metadata 3.3.56
dev 2.5.1
devops-center 1.2.27
flow 1.0.2
signups 2.6.28
@salesforce/sfdx-plugin-lwc-test 1.2.1

::group::[31mâŒ Linted [SALESFORCE] files with [lightning-flow-scanner]: Found 1 error(s) and 0 warning(s) - (0.89s)[0m (expand for details)
- Using [lightning-flow-scanner vERROR] https://megalinter.io/8.8.0/descriptors/salesforce_lightning_flow_scanner
- MegaLinter key: [SALESFORCE_LIGHTNING_FLOW_SCANNER]
- Rules config: [/github/workspace/config/.flow-scanner.json]
- Command: [sf flow:scan --config /github/workspace/config/.flow-scanner.json]
--Error detail:
 â€º   Warning: @salesforce/cli update available from 2.92.7 to 2.124.7.
 â€º   Warning: flow scan is not a sf command.
 â€º   Error: Run sf help flow for a list of available commands.

::endgroup::
::group::[32mâœ… Linted [SPELL] files with [cspell] successfully - (0.97s)[0m (expand for details)
- Using [cspell v9.1.1] https://megalinter.io/8.8.0/descriptors/spell_cspell
- MegaLinter key: [SPELL_CSPELL]
- Rules config: [/github/workspace/config/.cspell.config.mjs]
- Number of files analyzed: [279]
- Command: [cspell --show-context --show-suggestions --no-must-find-files --no-progress --quiet --format json --cache-location .cache/.cspellcache -c /github/workspace/config/.cspell.config.mjs .ansible/.lock .codespellrc .devcontainer/devcontainer.json .devcont...(truncated)]
::endgroup::
::group::[31mâŒ Linted [SPELL] files with [proselint]: Found 10 error(s) and 0 warning(s) - (8.44s)[0m (expand for details)
- Using [proselint v0.14.0] https://megalinter.io/8.8.0/descriptors/spell_proselint
- MegaLinter key: [SPELL_PROSELINT]
- Rules config: [/github/workspace/config/.proselintrc]
- Number of files analyzed: [11]
- Command: [proselint --config /github/workspace/config/.proselintrc README.md config/styles/proselint/README.md config/styles/write-good/README.md core/README.md docs/FINANCIAL_OPERATING_SYSTEM.md docs/plaid-setup.md server/IMPLEMENTATION_SUMMARY.md server/PLAI...(truncated)]
--Error detail:
README.md:50:57: lexical_illusions.misc There's a lexical illusion here: a word is repeated.
README.md:221:26: leonard.exclamation.30ppm More than 30 ppm of exclamations. Keep them under control.
config/styles/write-good/README.md:8:12: typography.symbols.copyright (c) is a goofy alphabetic approximation, use the symbol Â©.
docs/FINANCIAL_OPERATING_SYSTEM.md:8:60: needless_variants.misc Needless variant. 'extendable' is the preferred form.
docs/plaid-setup.md:13:36: typography.symbols.curly_quotes Use curly quotes â€œâ€, not straight quotes "". Found 7 times elsewhere.
docs/plaid-setup.md:113:21: lexical_illusions.misc There's a lexical illusion here: a word is repeated.
server/IMPLEMENTATION_SUMMARY.md:179:4: typography.symbols.ellipsis '...' is an approximation, use the ellipsis symbol 'â€¦'.
server/PLAID_README.md:144:2: typography.symbols.ellipsis '...' is an approximation, use the ellipsis symbol 'â€¦'.
ui/README.md:63:24: typography.symbols.ellipsis '...' is an approximation, use the ellipsis symbol 'â€¦'. Found 5 times elsewhere.
ui/README.md:72:24: typography.symbols.ellipsis '...' is an approximation, use the ellipsis symbol 'â€¦'.

::endgroup::
::group::[33mâš ï¸ Linted [SPELL] files with [vale]: Found 0 non blocking error(s) and 36 non blocking warning(s) - (0.7s)[0m (expand for details)
- Using [vale v3.11.2] https://megalinter.io/8.8.0/descriptors/spell_vale
- MegaLinter key: [SPELL_VALE]
- Rules config: [/github/workspace/config/.vale.ini]
- Number of files analyzed: [10]
- Command: [vale --config /github/workspace/config/.vale.ini README.md config/styles/proselint/README.md config/styles/write-good/README.md core/README.md docs/FINANCIAL_OPERATING_SYSTEM.md docs/plaid-setup.md server/IMPLEMENTATION_SUMMARY.md server/PLAID_README...(truncated)]
--Error detail:

 [4mREADME.md[0m
 19:84   [34msuggestion[0m  Try to avoid using 'be'.        write-good.E-Prime 
 19:84   [33mwarning[0m     'be used' may be passive        write-good.Passive 
                     voice. Use active voice if you                     
                     can.                                               
 22:18   [33mwarning[0m     'are versioned' may be passive  write-good.Passive 
                     voice. Use active voice if you                     
                     can.                                               
 22:18   [34msuggestion[0m  Try to avoid using 'are'.       write-good.E-Prime 
 24:40   [33mwarning[0m     'various' is a weasel word!     write-good.Weasel  
 29:74   [33mwarning[0m     'are defined' may be passive    write-good.Passive 
                     voice. Use active voice if you                     
                     can.                                               
 29:74   [34msuggestion[0m  Try to avoid using 'are'.       write-good.E-Prime 
 79:99   [34msuggestion[0m  Try to avoid using 'is'.        write-good.E-Prime 
 79:99   [33mwarning[0m     'is installed' may be passive   write-good.Passive 
                     voice. Use active voice if you                     
                     can.                                               
 89:67   [34msuggestion[0m  Try to avoid using 'is'.        write-good.E-Prime 
 102:61  [33mwarning[0m     'are forwarded' may be passive  write-good.Passive 
                     voice. Use active voice if you                     
                     can.                                               
 102:61  [34msuggestion[0m  Try to avoid using 'are'.       write-good.E-Prime 
 108:23  [34msuggestion[0m  Try to avoid using 'is'.        write-good.E-Prime 
 108:23  [33mwarning[0m     'is configured' may be passive  write-good.Passive 
                     voice. Use active voice if you                     
                     can.                                               
 110:5   [34msuggestion[0m  Try to avoid using 'What's'.    write-good.E-Prime 
 155:14  [34msuggestion[0m  Try to avoid using 'be'.        write-good.E-Prime 
 177:22  [34msuggestion[0m  Try to avoid using 'be'.        write-good.E-Prime 
 188:22  [34msuggestion[0m  Try to avoid using 'be'.        write-good.E-Prime 
 221:15  [34msuggestion[0m  Try to avoid using 'are'.       write-good.E-Prime 
 223:10  [33mwarning[0m     'are included' may be passive   write-good.Passive 
                     voice. Use active voice if you                     
                     can.                                               
 223:10  [34msuggestion[0m  Try to avoid using 'are'.       write-good.E-Prime 
 224:18  [34msuggestion[0m  Try to avoid using 'is'.        write-good.E-Prime 
 224:18  [33mwarning[0m     'is updated' may be passive     write-good.Passive 
                     voice. Use active voice if you                     
                     can.                                               


 [4mcore/README.md[0m
 24:4   [34msuggestion[0m  Try to avoid using 'be'.        write-good.E-Prime 
 24:4   [33mwarning[0m     'be defined' may be passive     write-good.Passive 
                    voice. Use active voice if you                     
                    can.                                               
 24:33  [34msuggestion[0m  Try to avoid using 'is'.        write-good.E-Prime 
 24:33  [33mwarning[0m     'is developed' may be passive   write-good.Passive 
                    voice. Use active voice if you                     
                    can.                                               


 [4mdocs/FINANCIAL_OPERATING_SYSTEM.md[0m
 8:60    [33mwarning[0m     Prefer 'extendable' over        proselint.Needless  
                     'extensible'                                        
 18:20   [34msuggestion[0m  Try to avoid using 'is'.        write-good.E-Prime  
 18:55   [33mwarning[0m     'be adapted' may be passive     write-good.Passive  
                     voice. Use active voice if you                      
                     can.                                                
 18:55   [34msuggestion[0m  Try to avoid using 'be'.        write-good.E-Prime  
 45:44   [33mwarning[0m     'minimum' is too wordy.         write-good.TooWordy 
 51:54   [34msuggestion[0m  Try to avoid using 'is'.        write-good.E-Prime  
 66:12   [33mwarning[0m     'are grouped' may be passive    write-good.Passive  
                     voice. Use active voice if you                      
                     can.                                                
 66:12   [34msuggestion[0m  Try to avoid using 'are'.       write-good.E-Prime  
 248:3   [33mwarning[0m     'Minimum' is too wordy.         write-good.TooWordy 
 257:32  [33mwarning[0m     'Minimum' is too wordy.         write-good.TooWordy 
 277:36  [34msuggestion[0m  Try to avoid using 'be'.        write-good.E-Prime  
 277:36  [33mwarning[0m     'be reviewed' may be passive    write-good.Passive  
                     voice. Use active voice if you                      
                     can.                                                
 287:21  [34msuggestion[0m  Try to avoid using 'be'.        write-good.E-Prime  
 287:21  [33mwarning[0m     'be stored' may be passive      write-good.Passive  
                     voice. Use active voice if you                      
                     can.                                                


 [4mdocs/plaid-setup.md[0m
 13:62   [34msuggestion[0m  Try to avoid using 'I'm'.       write-good.E-Prime 
 31:31   [34msuggestion[0m  Try to avoid using 'is'.        write-good.E-Prime 
 32:67   [34msuggestion[0m  Try to avoid using 'is'.        write-good.E-Prime 
 32:67   [33mwarning[0m     'is limited' may be passive     write-good.Passive 
                     voice. Use active voice if you                     
                     can.                                               
 32:113  [34msuggestion[0m  Try to avoid using 'is'.        write-good.E-Prime 
 49:39   [34msuggestion[0m  Try to avoid using 'is'.        write-good.E-Prime 
 73:83   [34msuggestion[0m  Try to avoid using 'are'.       write-good.E-Prime 
 137:59  [34msuggestion[0m  Try to avoid using 'is'.        write-good.E-Prime 


 [4mserver/IMPLEMENTATION_SUMMARY.md[0m
 57:7     [33mwarning[0m     'Additional' is too wordy.      write-good.TooWordy 
 161:19   [33mwarning[0m     'are fetched' may be passive    write-good.Passive  
                      voice. Use active voice if you                      
                      can.                                                
 161:19   [34msuggestion[0m  Try to avoid using 'are'.       write-good.E-Prime  
 161:53   [33mwarning[0m     'is logged' may be passive      write-good.Passive  
                      voice. Use active voice if you                      
                      can.                                                
 161:53   [34msuggestion[0m  Try to avoid using 'is'.        write-good.E-Prime  
 221:6    [33mwarning[0m     'Obtain' is too wordy.          write-good.TooWordy 
 244:15   [33mwarning[0m     'additional' is too wordy.      write-good.TooWordy 
 260:34   [34msuggestion[0m  Try to avoid using 'is'.        write-good.E-Prime  
 260:131  [34msuggestion[0m  Try to avoid using 'been'.      write-good.E-Prime  
 260:131  [33mwarning[0m     'been met' may be passive       write-good.Passive  
                      voice. Use active voice if you                      
                      can.                                                
 273:175  [34msuggestion[0m  Try to avoid using 'is'.        write-good.E-Prime  


 [4mserver/PLAID_README.md[0m
 68:16   [33mwarning[0m     'is configured' may be passive  write-good.Passive  
                     voice. Use active voice if you                      
                     can.                                                
 68:16   [34msuggestion[0m  Try to avoid using 'is'.        write-good.E-Prime  
 127:19  [33mwarning[0m     'are fetched' may be passive    write-good.Passive  
                     voice. Use active voice if you                      
                     can.                                                
 127:19  [34msuggestion[0m  Try to avoid using 'are'.       write-good.E-Prime  
 127:53  [33mwarning[0m     'is logged' may be passive      write-good.Passive  
                     voice. Use active voice if you                      
                     can.                                                
 127:53  [34msuggestion[0m  Try to avoid using 'is'.        write-good.E-Prime  
 150:21  [33mwarning[0m     'various' is a weasel word!     write-good.Weasel   
 157:12  [34msuggestion[0m  Try to avoid using 'are'.       write-good.E-Prime  
 157:12  [33mwarning[0m     'are logged' may be passive     write-good.Passive  
                     voice. Use active voice if you                      
                     can.                                                
 171:17  [34msuggestion[0m  Try to avoid using 'is'.        write-good.E-Prime  
 179:24  [34msuggestion[0m  Try to avoid using 'be'.        write-good.E-Prime  
 179:24  [33mwarning[0m     'be stored' may be passive      write-good.Passive  
                     voice. Use active voice if you                      
                     can.                                                
 186:3   [33mwarning[0m     'Implement' is too wordy.       write-good.TooWordy 
 187:19  [33mwarning[0m     'additional' is too wordy.      write-good.TooWordy 


 [4mserver/README.md[0m
 24:14  [34msuggestion[0m  Try to avoid using 'be'.  write-good.E-Prime 


 [4mui/README.md[0m
 18:40  [33mwarning[0m     'are named' may be passive      write-good.Passive 
                    voice. Use active voice if you                     
                    can.                                               
 18:40  [34msuggestion[0m  Try to avoid using 'are'.       write-good.E-Prime 
 19:41  [34msuggestion[0m  Try to avoid using 'are'.       write-good.E-Prime 
 19:41  [33mwarning[0m     'are defined' may be passive    write-good.Passive 
                    voice. Use active voice if you                     
                    can.                                               
 44:33  [34msuggestion[0m  Try to avoid using 'are'.       write-good.E-Prime 
 51:20  [34msuggestion[0m  Try to avoid using 'is'.        write-good.E-Prime 
 55:8   [34msuggestion[0m  Try to avoid using 'are'.       write-good.E-Prime 

âœ– [31m0 errors[0m, [33m36 warnings[0m and [34m46 suggestions[0m in 10 files.

::endgroup::
Unable to get number of errors with regex_number and Errors\.+([0-9]+)
::group::[31mâŒ Linted [SPELL] files with [lychee]: Found 1 error(s) and 0 warning(s) - (7.47s)[0m (expand for details)
- Using [lychee v0.18.0] https://megalinter.io/8.8.0/descriptors/spell_lychee
- MegaLinter key: [SPELL_LYCHEE]
- Rules config: [/github/workspace/config/lychee.toml]
- Number of files analyzed: [120]
- Command: [lychee --format detailed --no-progress --exclude-path config/.lycheeignore --config /github/workspace/config/lychee.toml .devcontainer/devcontainer.json .github/workflows/generate_repository_tree.yml .github/workflows/megalinter.yml .github/workflows...(truncated)]
--Error detail:
[200] https://raw.githubusercontent.com/SchemaStore/schemastore/master/src/schemas/json/pyproject.json
[200] https://www.schemastore.org/task.json
[200] https://megalinter.io/latest/descriptors/ruby_rubocop/
[200] https://pre-commit.com/hooks.html
[200] https://semantic-release.gitbook.io/semantic-release/usage/configuration
[200] https://pre-commit.com/
[200] https://stylelint.io/
[200] https://megalinter.io/8/descriptors/repository_ls_lint/
[200] https://signal.egohygiene.io/reports/megalinter/
[200] https://www.schemastore.org/yamllint.json
[200] https://github.com/
[200] https://github.com/hadolint/hadolint
[404] https://megalinter.io/latest/descriptors/markdown_markdown_link_check/ | Network error: Not Found
[200] https://www.schemastore.org/markdown-link-check.json
[200] https://megalinter.io/latest/descriptors/repository_secretlint/
[200] https://json.schemastore.org/prettierrc.json
[200] https://github.com/adrienverge/yamllint
[200] https://github.com/astral-sh/ruff-pre-commit
[200] https://megalinter.io/latest/descriptors/powershell_powershell_formatter/
[200] https://megalinter.io/latest/descriptors/java_pmd/
[200] https://github.com/shellcheck-py/shellcheck-py
[EXCLUDED] mailto:szmyty@gmail.com
[200] https://github.com/psf/black
[200] https://github.com/pre-commit/pre-commit-hooks
[200] https://megalinter.io/latest/descriptors/terraform_tflint/
[200] https://github.com/igorshubovych/markdownlint-cli
[404] https://json.schemastore.org/luacheckrc.json | Network error: Not Found
[200] https://megalinter.io/latest/descriptors/javascript_prettier/
[200] https://megalinter.io/latest/descriptors/editorconfig_editorconfig_checker/
[200] https://json.schemastore.org/web-manifest-combined.json
[200] https://json.schemastore.org/htmlhint.json
[200] https://dart.dev/tools/dart-analyze
[200] https://megalinter.io/latest/descriptors/cpp_clang_format/
[200] https://megalinter.io/latest/descriptors/tekton_tekton_lint/
[404] https://json.schemastore.org/npm-package-json-lint.json | Network error: Not Found
[200] https://black.readthedocs.io/en/stable/
[200] https://megalinter.io/latest/descriptors/clojure_cljstyle/
[200] https://megalinter.io/latest/descriptors/java_checkstyle/
[200] https://megalinter.io/latest/descriptors/rust_clippy/
[200] https://megalinter.io/latest/descriptors/typescript_eslint/
[200] https://megalinter.io/latest/descriptors/gherkin_gherkin_lint/
[200] https://megalinter.io/latest/descriptors/salesforce_sfdx_scanner_apex/
[200] https://megalinter.io/latest/descriptors/dockerfile_hadolint/
[200] https://github.com/rhysd/actionlint
[200] https://megalinter.io/latest/descriptors/swift_swiftlint/
[200] https://www.nongnu.org/chktex/
[200] https://megalinter.io/latest/descriptors/json_npm_package_json_lint/
[200] https://megalinter.io/latest/descriptors/terraform_terrascan/
[200] https://megalinter.io/latest/descriptors/spell_lychee/
[200] https://github.com/Yelp/detect-secrets
[200] https://github.com/hadolint/hadolint | OK (cached)
[200] https://megalinter.io/latest/descriptors/python_flake8/
[200] https://megalinter.io/latest/descriptors/yaml_v8r/
[200] https://megalinter.io/latest/descriptors/python_isort/
[200] https://pmd.github.io/
[404] https://megalinter.io/latest/descriptors/coffee_coffee_lint/ | Network error: Not Found
[200] https://megalinter.io/latest/descriptors/sql_tsqllint/
[200] https://github.com/mpeterv/luacheck
[200] https://megalinter.io/latest/descriptors/go_revive/
[200] https://megalinter.io/latest/descriptors/repository_trufflehog/
[200] https://megalinter.io/latest/descriptors/dart_dartanalyzer/
[200] https://ruff.rs/
[200] https://megalinter.io/latest/descriptors/markdown_markdownlint/
[200] https://megalinter.io/latest/descriptors/arm_arm_ttk/
[200] https://megalinter.io/latest/descriptors/cloudformation_cfn_lint/
[200] https://megalinter.io/latest/json-schemas/configuration.html
[200] https://stoplight.io/open-source/spectral
[200] https://raw.githubusercontent.com/megalinter/megalinter/main/megalinter/descriptors/schemas/megalinter-configuration.jsonschema.json
[200] https://prettier.io/
[200] https://megalinter.io/latest/supported-linters/
[200] https://megalinter.io/latest/descriptors/python_pyright/
[200] https://megalinter.io/latest/descriptors/python_black/
[200] https://megalinter.io/latest/descriptors/repository_checkov/
[200] https://github.com/clj-kondo/clj-kondo
[200] https://megalinter.io/latest/descriptors/repository_grype/
[200] https://github.com/anchore/grype
[200] https://phpstan.org/
[200] https://megalinter.io/latest/descriptors/php_phpstan/
[200] https://pycqa.github.io/isort/
[200] https://github.com/terraform-linters/tflint
[200] https://megalinter.io/latest/descriptors/css_stylelint/
[200] https://github.com/rstcheck/rstcheck
[200] https://checkstyle.org/
[200] https://megalinter.io/latest/descriptors/clojure_clj_kondo/
[200] https://github.com/chris48s/v8r
[200] https://megalinter.io/latest/descriptors/snakemake_snakefmt/
[200] https://github.com/cjoudrey/graphql-schema-linter
[200] https://psalm.dev/
[200] https://github.com/gherkin-lint/gherkin-lint
[200] https://github.com/ota-meshi/eslint-plugin-jsonc
[200] https://megalinter.io/latest/descriptors/copypaste_jscpd/
[200] https://megalinter.io/latest/descriptors/terraform_terragrunt/
[200] https://megalinter.io/latest/descriptors/ansible_ansible_lint/
[200] https://megalinter.io/latest/descriptors/makefile_checkmake/
[200] https://github.com/editorconfig-checker/editorconfig-checker
[200] https://megalinter.io/latest/descriptors/api_spectral/
[200] https://github.com/microsoft/DevSkim
[200] https://github.com/checkmarx/kics
[200] https://github.com/realm/SwiftLint
[200] https://github.com/loeffel-io/ls-lint
[200] https://megalinter.io/latest/descriptors/spell_vale/
[200] https://github.com/zaach/jsonlint
[200] https://github.com/tsqllint/tsqllint
[404] https://github.com/aquasecurity/trivy | Network error: Not Found
[200] https://github.com/trufflesecurity/trufflehog
[200] https://megalinter.io/latest/descriptors/c_clang_format/
[200] https://github.com/overtrue/phplint
[200] https://github.com/coffeelint/coffeelint
[200] https://megalinter.io/latest/descriptors/json_prettier/
[200] https://github.com/forcedotcom/code-analyzer
[200] https://megalinter.io/latest/descriptors/python_ruff/
[200] https://megalinter.io/latest/descriptors/scala_scalafix/
[200] https://megalinter.io/latest/descriptors/rst_rstcheck/
[200] https://megalinter.io/latest/descriptors/spell_proselint/
[200] https://github.com/Azure/arm-ttk
[200] https://github.com/gruntwork-io/terragrunt
[200] https://megalinter.io/latest/descriptors/json_jsonlint/
[200] https://github.com/sqlfluff/sqlfluff
[200] https://megalinter.io/latest/descriptors/groovy_npm_groovy_lint/
[200] https://megalinter.io/latest/descriptors/jsx_eslint/
[200] https://megalinter.io/latest/descriptors/r_lintr/
[200] https://eslint.org/
[ERROR] https://pyrightlang.org/ | Network error: error sending request for url (https://pyrightlang.org/) Maybe a certificate error?
[200] https://github.com/rust-lang/rust-clippy
[200] https://megalinter.io/latest/descriptors/sql_sqlfluff/
[200] https://megalinter.io/latest/descriptors/graphql_graphql_schema_linter/
[200] https://yamllint.readthedocs.io/en/stable/
[200] https://flake8.pycqa.org/en/latest/
[200] https://megalinter.io/latest/descriptors/typescript_prettier/
[200] https://megalinter.io/latest/descriptors/php_psalm/
[200] https://ansible.readthedocs.io/projects/lint/
[200] https://megalinter.io/latest/descriptors/puppet_puppet_lint/
[200] https://github.com/anchore/syft
[200] https://megalinter.io/latest/descriptors/php_phpcs/
[200] https://megalinter.io/latest/descriptors/php_phplint/
[200] https://github.com/lycheeverse/lychee
[200] https://api.github.com/
[200] https://github.com/errata-ai/vale
[200] https://megalinter.io/latest/descriptors/protobuf_protolint/
[200] https://github.com/aws-cloudformation/cfn-lint
[200] https://github.com/streetsidesoftware/cspell
[200] https://pylint.pycqa.org/en/latest/
[200] https://megalinter.io/latest/descriptors/javascript_eslint/
[200] https://megalinter.io/latest/descriptors/python_bandit/
[200] https://megalinter.io/latest/descriptors/python_mypy/
[200] https://github.com/scalacenter/scalafix
[200] https://github.com/DavidAnson/markdownlint
[200] https://github.com/greglook/cljstyle
[200] https://github.com/mgechev/revive
[200] https://megalinter.io/latest/descriptors/spell_cspell/
[200] https://megalinter.io/latest/descriptors/html_htmlhint/
[200] https://megalinter.io/latest/descriptors/markdown_remark_lint/
[200] https://github.com/puppetlabs/puppet-lint
[200] https://github.com/tcort/markdown-link-check
[200] https://megalinter.io/latest/descriptors/repository_trivy/
[200] https://raku.org/
[200] https://bandit.readthedocs.io/en/latest/
[200] https://megalinter.io/latest/descriptors/salesforce_lightning_flow_scanner/
[200] https://megalinter.io/latest/descriptors/action_actionlint/
[200] https://megalinter.io/latest/descriptors/repository_devskim/
[200] https://github.com/checkmake/checkmake
[200] https://mypy.readthedocs.io/en/stable/
[200] https://megalinter.io/latest/descriptors/powershell_powershell/
[200] https://github.com/tclindner/npm-package-json-lint
[200] https://megalinter.io/latest/descriptors/python_pylint/
[200] https://megalinter.io/latest/descriptors/repository_gitleaks/
[200] https://github.com/kucherenko/jscpd
[200] https://megalinter.io/latest/descriptors/repository_syft/
[200] https://megalinter.io/latest/descriptors/json_eslint_plugin_jsonc/
[200] https://megalinter.io/latest/descriptors/repository_trivy_sbom/
[200] https://www.checkov.io/
[200] https://megalinter.io/latest/descriptors/lua_luacheck/
[200] https://megalinter.io/latest/descriptors/yaml_prettier/
[200] https://megalinter.io/latest/descriptors/repository_kics/
[200] https://megalinter.io/latest/descriptors/raku_raku/
[200] https://megalinter.io/latest/descriptors/latex_chktex/
[200] https://megalinter.io/latest/config-variables/
[200] https://www.schemastore.org/coffeelint.json
[EXCLUDED] http://localhost:8000/health
[EXCLUDED] http://localhost:5173/
[EXCLUDED] http://localhost:8000/
[EXCLUDED] http://localhost:8000/docs
[200] https://megalinter.io/latest/descriptors/yaml_yamllint/
[200] https://containers.dev/
[200] https://clang.llvm.org/docs/ClangFormat.html
[400] https://search.maven.org/solrsearch/select | Network error: Bad Request
[403] https://nvd.nist.gov/vuln/detail/CVE-2018-20225 | 403 Forbidden: Forbidden
[200] https://taskfile.dev/
[200] https://github.com/gitleaks/gitleaks
   [WARN ] Error creating request: InvalidPathToUri("/vite.svg")
[200] https://github.com/PHPCSStandards/PHP_CodeSniffer/
[200] https://raw.githubusercontent.com/hadolint/hadolint/master/contrib/hadolint.json
[EXCLUDED] http://localhost/
[EXCLUDED] https://localhost/
[200] https://github.com/ | OK (cached)
[200] https://toolbox-data.anchore.io/grype/databases/listing.json
[200] https://www.schemastore.org/npmpackagejsonlintrc.json
[200] https://github.com/snakemake/snakefmt
[200] https://raw.githubusercontent.com/DavidAnson/markdownlint/main/schema/markdownlint-config-schema.json
[200] https://www.schemastore.org/stylelintrc.json
[200] https://github.com/amperser/proselint
[200] https://marketplace.visualstudio.com/items?itemName=ms-vscode-remote.remote-containers
[200] https://rubocop.org/
[EXCLUDED] mailto:you@example.com
[200] https://github.com/nvuillam/npm-groovy-lint
[200] https://golangci-lint.run/jsonschema/golangci.jsonschema.json
[EXCLUDED] mailto:support@errata.ai
[200] https://github.com/amperser/proselint | OK (cached)
[200] https://github.com/r-lib/lintr
[200] https://raw.githubusercontent.com/microsoft/pyright/main/packages/vscode-pyright/schemas/pyrightconfig.schema.json
[200] https://raw.githubusercontent.com/chris48s/v8r/main/config-schema.json
[200] https://github.com/IBM/tekton-lint
[200] https://github.com/Lightning-Flow-Scanner/lightning-flow-scanner-sfdx
[EXCLUDED] file:///github/workspace/docs/plaid-setup.md#5-environment-variable-storage
[404] https://github.com/yourusername/your-module-name/issues | Network error: Not Found
[200] https://github.com/remarkjs/remark-lint
[200] https://github.com/yoheimuta/protolint
[404] https://github.com/yourusername/your-module-name.git | Network error: Not Found
[404] https://github.com/yourusername/your-module-name | Network error: Not Found
[200] https://dashboard.plaid.com/team/keys
[200] https://dashboard.plaid.com/
[200] https://github.com/errata-ai/proselint/issues/new
[200] https://dashboard.plaid.com/ | OK (cached)
[200] https://github.com/tenable/terrascan
[200] https://github.com/errata-ai/proselint/releases/latest/download/proselint.zip
[200] https://dashboard.plaid.com/team/billing
[200] https://dashboard.plaid.com/team/keys
[200] https://github.com/nektos/act
[EXCLUDED] file:///github/workspace/docs/reports/megalinter
[EXCLUDED] http://localhost:8000/docs
[200] https://github.com/errata-ai/write-good/releases.atom
[EXCLUDED] http://localhost:8000/health
[EXCLUDED] http://localhost:8000/docs
[EXCLUDED] http://localhost:8000/redoc
[200] https://dashboard.plaid.com/signup
[200] https://github.com/errata-ai/proselint/releases.atom
[EXCLUDED] http://localhost:8000/health
[EXCLUDED] http://localhost:8000/
[EXCLUDED] http://localhost:8000/docs
[200] https://dashboard.plaid.com/team/billing
[200] https://dashboard.plaid.com/signup
[200] https://github.com/bridgecrewio/checkov#configuration-using-a-config-file
[200] https://www.rubyschema.org/rubocop.json
[200] https://dashboard.plaid.com/signup
[200] https://plaid.com/docs/sandbox/
[200] https://babeljs.io/
[200] https://swc.rs/
[200] https://dashboard.plaid.com/signup
[200] https://react.dev/learn/react-compiler/installation
[EXCLUDED] https://registry.npmjs.org/@esbuild/netbsd-arm64/-/netbsd-arm64-0.27.3.tgz
[200] https://plaid.com/pricing/
[200] https://plaid.com/pricing/
[200] https://github.com/PowerShell/PSScriptAnalyzer
[200] https://plaid.com/docs/
[200] https://registry.npmjs.org/acorn-jsx/-/acorn-jsx-5.3.2.tgz
[200] https://registry.npmjs.org/is-docker/-/is-docker-2.2.1.tgz
[200] https://github.com/sirupsen/logrus#level-logging
[200] https://plaid.com/docs/sandbox/
[200] https://plaid.com/docs/
[200] https://registry.npmjs.org/natural-compare/-/natural-compare-1.4.0.tgz
[200] https://plaid.com/docs/link/web/
[200] https://github.com/hadolint/hadolint#linting-labels
[200] https://registry.npmjs.org/set-cookie-parser/-/set-cookie-parser-2.7.2.tgz
[200] https://registry.npmjs.org/find-up/-/find-up-5.0.0.tgz
[200] https://registry.npmjs.org/@types/babel__core/-/babel__core-7.20.5.tgz
[200] https://registry.npmjs.org/string-width/-/string-width-5.1.2.tgz
[EXCLUDED] https://registry.npmjs.org/@esbuild/linux-x64/-/linux-x64-0.27.3.tgz
[200] https://registry.npmjs.org/chai/-/chai-5.3.3.tgz
[200] https://registry.npmjs.org/@tailwindcss/vite/-/vite-4.2.1.tgz
[200] https://registry.npmjs.org/@rollup/rollup-linux-arm-gnueabihf/-/rollup-linux-arm-gnueabihf-4.59.0.tgz
[200] https://registry.npmjs.org/http-proxy-agent/-/http-proxy-agent-7.0.2.tgz
[200] https://vite.dev/guide/rolldown
[200] https://registry.npmjs.org/open/-/open-8.4.2.tgz
[200] https://github.com/plaid/quickstart
[EXCLUDED] https://registry.npmjs.org/@esbuild/linux-mips64el/-/linux-mips64el-0.25.12.tgz
[200] https://registry.npmjs.org/@typescript-eslint/types/-/types-8.56.1.tgz
[200] https://registry.npmjs.org/@babel/runtime/-/runtime-7.28.6.tgz
[200] https://registry.npmjs.org/ansi-regex/-/ansi-regex-6.2.2.tgz
[200] https://oxc.rs/
[200] https://registry.npmjs.org/@jridgewell/gen-mapping/-/gen-mapping-0.3.13.tgz
[200] https://registry.npmjs.org/dom-accessibility-api/-/dom-accessibility-api-0.6.3.tgz
[200] https://registry.npmjs.org/@rollup/rollup-win32-ia32-msvc/-/rollup-win32-ia32-msvc-4.59.0.tgz
[200] https://registry.npmjs.org/@vitest/spy/-/spy-3.2.4.tgz
[EXCLUDED] https://registry.npmjs.org/esbuild/-/esbuild-0.25.12.tgz
[200] https://registry.npmjs.org/@babel/traverse/-/traverse-7.29.0.tgz
[EXCLUDED] https://registry.npmjs.org/@esbuild/linux-arm/-/linux-arm-0.25.12.tgz
[EXCLUDED] https://registry.npmjs.org/@esbuild/openbsd-x64/-/openbsd-x64-0.25.12.tgz
[200] https://registry.npmjs.org/lru-cache/-/lru-cache-11.2.6.tgz
[200] https://registry.npmjs.org/@typescript-eslint/eslint-plugin/-/eslint-plugin-8.56.1.tgz
[200] https://github.com/plaid/quickstart
[200] https://registry.npmjs.org/semver/-/semver-7.7.4.tgz
[200] https://registry.npmjs.org/storybook/-/storybook-9.1.19.tgz
[200] https://registry.npmjs.org/resolve-from/-/resolve-from-4.0.0.tgz
[200] https://registry.npmjs.org/@babel/helper-globals/-/helper-globals-7.28.0.tgz
[200] https://registry.npmjs.org/@asamuzakjp/nwsapi/-/nwsapi-2.3.9.tgz
[200] https://registry.npmjs.org/hermes-estree/-/hermes-estree-0.25.1.tgz
[200] https://registry.npmjs.org/split2/-/split2-4.2.0.tgz
[EXCLUDED] https://registry.npmjs.org/@esbuild/linux-s390x/-/linux-s390x-0.27.3.tgz
[200] https://registry.npmjs.org/@eslint-community/eslint-utils/-/eslint-utils-4.9.1.tgz
[200] https://registry.npmjs.org/ts-dedent/-/ts-dedent-2.2.0.tgz
[200] https://registry.npmjs.org/ast-types/-/ast-types-0.16.1.tgz
[200] https://github.com/Rel1cx/eslint-react/tree/main/packages/plugins/eslint-plugin-react-dom
[200] https://registry.npmjs.org/@tailwindcss/oxide-linux-arm64-musl/-/oxide-linux-arm64-musl-4.2.1.tgz
[200] https://registry.npmjs.org/@rollup/rollup-linux-loong64-gnu/-/rollup-linux-loong64-gnu-4.59.0.tgz
[EXCLUDED] https://registry.npmjs.org/@esbuild/freebsd-arm64/-/freebsd-arm64-0.27.3.tgz
[EXCLUDED] https://registry.npmjs.org/@esbuild/linux-ia32/-/linux-ia32-0.27.3.tgz
[EXCLUDED] https://registry.npmjs.org/@esbuild/win32-arm64/-/win32-arm64-0.25.12.tgz
[200] https://github.com/btford/write-good
[200] https://registry.npmjs.org/foreground-child/-/foreground-child-3.3.1.tgz
[200] https://registry.npmjs.org/react-dom/-/react-dom-19.2.4.tgz
[EXCLUDED] https://registry.npmjs.org/@esbuild/netbsd-arm64/-/netbsd-arm64-0.25.12.tgz
[200] https://registry.npmjs.org/dequal/-/dequal-2.0.3.tgz
[200] https://registry.npmjs.org/@tanstack/query-core/-/query-core-5.90.20.tgz
[200] https://registry.npmjs.org/supports-color/-/supports-color-7.2.0.tgz
[200] https://registry.npmjs.org/uri-js/-/uri-js-4.4.1.tgz
[200] https://registry.npmjs.org/@eslint/eslintrc/-/eslintrc-3.3.4.tgz
[200] https://registry.npmjs.org/deep-is/-/deep-is-0.1.4.tgz
[200] https://registry.npmjs.org/tr46/-/tr46-6.0.0.tgz
[200] https://github.com/Rel1cx/eslint-react/tree/main/packages/plugins/eslint-plugin-react-x
[200] https://registry.npmjs.org/@types/babel__generator/-/babel__generator-7.27.0.tgz
[EXCLUDED] https://registry.npmjs.org/@esbuild/linux-arm64/-/linux-arm64-0.25.12.tgz
[200] https://registry.npmjs.org/safe-stable-stringify/-/safe-stable-stringify-2.5.0.tgz
[200] https://registry.npmjs.org/@types/react/-/react-19.2.14.tgz
[200] https://registry.npmjs.org/pino/-/pino-10.3.1.tgz
[200] https://registry.npmjs.org/react/-/react-19.2.4.tgz
[200] https://github.com/vitejs/vite-plugin-react/blob/main/packages/plugin-react
[200] https://registry.npmjs.org/undici/-/undici-7.22.0.tgz
[200] https://registry.npmjs.org/@babel/core/-/core-7.29.0.tgz
[200] https://registry.npmjs.org/scheduler/-/scheduler-0.27.0.tgz
[200] https://registry.npmjs.org/@storybook/react/-/react-9.1.19.tgz
[200] https://registry.npmjs.org/balanced-match/-/balanced-match-4.0.4.tgz
[200] https://registry.npmjs.org/wrap-ansi/-/wrap-ansi-8.1.0.tgz
[200] https://registry.npmjs.org/json-schema-traverse/-/json-schema-traverse-0.4.1.tgz
[200] https://registry.npmjs.org/escalade/-/escalade-3.2.0.tgz
[200] https://registry.npmjs.org/nanoid/-/nanoid-3.3.11.tgz
[200] https://registry.npmjs.org/@typescript-eslint/tsconfig-utils/-/tsconfig-utils-8.56.1.tgz
[EXCLUDED] https://registry.npmjs.org/@esbuild/win32-x64/-/win32-x64-0.27.3.tgz
[200] https://registry.npmjs.org/wrap-ansi/-/wrap-ansi-7.0.0.tgz
[200] https://registry.npmjs.org/is-extglob/-/is-extglob-2.1.1.tgz
[200] https://registry.npmjs.org/@testing-library/react/-/react-16.3.2.tgz
[200] https://github.com/vitejs/vite-plugin-react/blob/main/packages/plugin-react-swc
[200] https://registry.npmjs.org/picomatch/-/picomatch-4.0.3.tgz
[200] https://registry.npmjs.org/void-elements/-/void-elements-3.1.0.tgz
[200] https://registry.npmjs.org/react-router-dom/-/react-router-dom-7.13.1.tgz
[200] https://registry.npmjs.org/ansi-styles/-/ansi-styles-6.2.3.tgz
[200] https://registry.npmjs.org/@rollup/rollup-openbsd-x64/-/rollup-openbsd-x64-4.59.0.tgz
[200] https://registry.npmjs.org/punycode/-/punycode-2.3.1.tgz
[200] https://registry.npmjs.org/minimatch/-/minimatch-3.1.5.tgz
[200] https://registry.npmjs.org/@typescript-eslint/typescript-estree/-/typescript-estree-8.56.1.tgz
[200] https://registry.npmjs.org/@tanstack/react-query/-/react-query-5.90.21.tgz
[200] https://registry.npmjs.org/@tailwindcss/oxide-linux-arm-gnueabihf/-/oxide-linux-arm-gnueabihf-4.2.1.tgz
[200] https://registry.npmjs.org/@pinojs/redact/-/redact-0.4.0.tgz
[200] https://registry.npmjs.org/rollup/-/rollup-4.59.0.tgz
[200] https://registry.npmjs.org/typescript-eslint/-/typescript-eslint-8.56.1.tgz
[EXCLUDED] mailto:i@izs.me
[200] https://registry.npmjs.org/@faker-js/faker/-/faker-10.3.0.tgz
[200] https://registry.npmjs.org/why-is-node-running/-/why-is-node-running-2.3.0.tgz
[200] https://registry.npmjs.org/@jridgewell/sourcemap-codec/-/sourcemap-codec-1.5.5.tgz
[200] https://registry.npmjs.org/tapable/-/tapable-2.3.0.tgz
[200] https://registry.npmjs.org/quick-format-unescaped/-/quick-format-unescaped-4.0.4.tgz
[200] https://registry.npmjs.org/parent-module/-/parent-module-1.0.1.tgz
[200] https://registry.npmjs.org/brace-expansion/-/brace-expansion-2.0.2.tgz
[200] https://registry.npmjs.org/lru-cache/-/lru-cache-5.1.1.tgz
[EXCLUDED] https://registry.npmjs.org/esbuild-register/-/esbuild-register-3.6.0.tgz
[200] https://registry.npmjs.org/eslint-visitor-keys/-/eslint-visitor-keys-3.4.3.tgz
[200] https://registry.npmjs.org/estraverse/-/estraverse-5.3.0.tgz
[200] https://tidelift.com/funding/github/npm/browserslist
[200] https://registry.npmjs.org/tinyexec/-/tinyexec-1.0.2.tgz
[200] https://github.com/sponsors/SuperchupuDev
[200] https://registry.npmjs.org/css.escape/-/css.escape-1.5.1.tgz
[200] https://registry.npmjs.org/@storybook/react-dom-shim/-/react-dom-shim-9.1.19.tgz
[200] https://tidelift.com/funding/github/npm/caniuse-lite
[200] https://registry.npmjs.org/@tanstack/query-devtools/-/query-devtools-5.93.0.tgz
[200] https://registry.npmjs.org/@typescript-eslint/type-utils/-/type-utils-8.56.1.tgz
[200] https://registry.npmjs.org/eslint/-/eslint-9.39.3.tgz
[200] https://registry.npmjs.org/data-urls/-/data-urls-7.0.0.tgz
[200] https://registry.npmjs.org/type-check/-/type-check-0.4.0.tgz
[200] https://registry.npmjs.org/lightningcss-darwin-arm64/-/lightningcss-darwin-arm64-1.31.1.tgz
[200] https://registry.npmjs.org/@tailwindcss/oxide-darwin-arm64/-/oxide-darwin-arm64-4.2.1.tgz
[200] https://github.com/sponsors/fastify
[200] https://registry.npmjs.org/@standard-schema/spec/-/spec-1.1.0.tgz
[200] https://github.com/chalk/ansi-regex?sponsor=1
[200] https://registry.npmjs.org/@vitest/pretty-format/-/pretty-format-4.0.18.tgz
[200] https://registry.npmjs.org/postcss/-/postcss-8.5.6.tgz
[200] https://registry.npmjs.org/strip-indent/-/strip-indent-4.1.1.tgz
[200] https://registry.npmjs.org/@typescript-eslint/visitor-keys/-/visitor-keys-8.56.1.tgz
[200] https://registry.npmjs.org/zustand/-/zustand-5.0.11.tgz
[200] https://registry.npmjs.org/path-scurry/-/path-scurry-1.11.1.tgz
[200] https://registry.npmjs.org/@babel/plugin-transform-react-jsx-self/-/plugin-transform-react-jsx-self-7.27.1.tgz
[200] https://registry.npmjs.org/node-releases/-/node-releases-2.0.27.tgz
[200] https://registry.npmjs.org/baseline-browser-mapping/-/baseline-browser-mapping-2.10.0.tgz
[200] https://registry.npmjs.org/sonic-boom/-/sonic-boom-4.2.1.tgz
[200] https://registry.npmjs.org/tldts/-/tldts-7.0.23.tgz
[200] https://registry.npmjs.org/cross-spawn/-/cross-spawn-7.0.6.tgz
[200] https://registry.npmjs.org/@humanwhocodes/retry/-/retry-0.4.3.tgz
[200] https://registry.npmjs.org/@bramus/specificity/-/specificity-2.4.2.tgz
[200] https://registry.npmjs.org/glob-parent/-/glob-parent-6.0.2.tgz
[200] https://registry.npmjs.org/@typescript-eslint/utils/-/utils-8.56.1.tgz
[EXCLUDED] https://registry.npmjs.org/@esbuild/aix-ppc64/-/aix-ppc64-0.27.3.tgz
[200] https://github.com/fb55/entities?sponsor=1
[200] https://registry.npmjs.org/@rolldown/pluginutils/-/pluginutils-1.0.0-rc.3.tgz
[200] https://github.com/inikulin/parse5?sponsor=1
[200] https://registry.npmjs.org/obug/-/obug-2.1.1.tgz
[200] https://registry.npmjs.org/@babel/helper-plugin-utils/-/helper-plugin-utils-7.28.6.tgz
[200] https://registry.npmjs.org/@rollup/rollup-darwin-arm64/-/rollup-darwin-arm64-4.59.0.tgz
[200] https://opencollective.com/eslint-config-prettier
[200] https://registry.npmjs.org/@vitest/utils/-/utils-4.0.18.tgz
[200] https://registry.npmjs.org/@eslint/config-array/-/config-array-0.21.1.tgz
[200] https://registry.npmjs.org/@exodus/bytes/-/bytes-1.14.1.tgz
[200] https://registry.npmjs.org/update-browserslist-db/-/update-browserslist-db-1.2.3.tgz
[200] https://registry.npmjs.org/@tailwindcss/oxide/-/oxide-4.2.1.tgz
[200] https://registry.npmjs.org/@eslint/js/-/js-9.39.3.tgz
[200] https://registry.npmjs.org/escape-string-regexp/-/escape-string-regexp-4.0.0.tgz
[200] https://registry.npmjs.org/tslib/-/tslib-2.8.1.tgz
[200] https://registry.npmjs.org/@types/deep-eql/-/deep-eql-4.0.2.tgz
[200] https://registry.npmjs.org/@typescript-eslint/scope-manager/-/scope-manager-8.56.1.tgz
[200] https://registry.npmjs.org/@humanfs/node/-/node-0.16.7.tgz
[200] https://github.com/vitejs/vite?sponsor=1
[200] https://registry.npmjs.org/flatted/-/flatted-3.3.3.tgz
[200] https://registry.npmjs.org/deep-eql/-/deep-eql-5.0.2.tgz
[200] https://registry.npmjs.org/@tailwindcss/oxide-darwin-x64/-/oxide-darwin-x64-4.2.1.tgz
[200] https://tidelift.com/funding/github/npm/postcss
[200] https://registry.npmjs.org/@babel/template/-/template-7.28.6.tgz
[200] https://registry.npmjs.org/zod/-/zod-4.3.6.tgz
[200] https://registry.npmjs.org/eslint-plugin-simple-import-sort/-/eslint-plugin-simple-import-sort-12.1.1.tgz
[200] https://registry.npmjs.org/ignore/-/ignore-7.0.5.tgz
[200] https://registry.npmjs.org/@adobe/css-tools/-/css-tools-4.4.4.tgz
[200] https://registry.npmjs.org/strip-indent/-/strip-indent-3.0.0.tgz
[200] https://registry.npmjs.org/@types/chai/-/chai-5.2.3.tgz
[EXCLUDED] https://registry.npmjs.org/@esbuild/android-x64/-/android-x64-0.25.12.tgz
[200] https://registry.npmjs.org/@testing-library/jest-dom/-/jest-dom-6.9.1.tgz
[200] https://registry.npmjs.org/jiti/-/jiti-2.6.1.tgz
[200] https://registry.npmjs.org/locate-path/-/locate-path-6.0.0.tgz
[200] https://registry.npmjs.org/@vitest/mocker/-/mocker-4.0.18.tgz
[EXCLUDED] https://registry.npmjs.org/@esbuild/linux-riscv64/-/linux-riscv64-0.27.3.tgz
[200] https://registry.npmjs.org/@vitest/utils/-/utils-3.2.4.tgz
[200] https://registry.npmjs.org/w3c-xmlserializer/-/w3c-xmlserializer-5.0.0.tgz
[200] https://registry.npmjs.org/is-fullwidth-code-point/-/is-fullwidth-code-point-3.0.0.tgz
[200] https://registry.npmjs.org/@asamuzakjp/css-color/-/css-color-5.0.1.tgz
[200] https://registry.npmjs.org/levn/-/levn-0.4.1.tgz
[EXCLUDED] https://registry.npmjs.org/@esbuild/netbsd-x64/-/netbsd-x64-0.25.12.tgz
[200] https://registry.npmjs.org/minimist/-/minimist-1.2.8.tgz
[200] https://registry.npmjs.org/chai/-/chai-6.2.2.tgz
[200] https://registry.npmjs.org/@jridgewell/resolve-uri/-/resolve-uri-3.1.2.tgz
[200] https://registry.npmjs.org/@babel/parser/-/parser-7.29.0.tgz
[200] https://registry.npmjs.org/path-exists/-/path-exists-5.0.0.tgz
[200] https://registry.npmjs.org/@acemir/cssom/-/cssom-0.9.31.tgz
[200] https://registry.npmjs.org/@babel/helper-module-transforms/-/helper-module-transforms-7.28.6.tgz
[200] https://registry.npmjs.org/bidi-js/-/bidi-js-1.0.3.tgz
[200] https://registry.npmjs.org/is-glob/-/is-glob-4.0.3.tgz
[200] https://registry.npmjs.org/tinybench/-/tinybench-2.9.0.tgz
[200] https://registry.npmjs.org/lightningcss-win32-x64-msvc/-/lightningcss-win32-x64-msvc-1.31.1.tgz
[200] https://registry.npmjs.org/eslint-config-prettier/-/eslint-config-prettier-10.1.8.tgz
[200] https://registry.npmjs.org/atomic-sleep/-/atomic-sleep-1.0.0.tgz
[200] https://registry.npmjs.org/es-module-lexer/-/es-module-lexer-1.7.0.tgz
[200] https://registry.npmjs.org/js-yaml/-/js-yaml-4.1.1.tgz
[200] https://registry.npmjs.org/decimal.js/-/decimal.js-10.6.0.tgz
[200] https://registry.npmjs.org/lru-cache/-/lru-cache-10.4.3.tgz
[200] https://registry.npmjs.org/tinyrainbow/-/tinyrainbow-2.0.0.tgz
[EXCLUDED] https://registry.npmjs.org/@esbuild/win32-arm64/-/win32-arm64-0.27.3.tgz
[EXCLUDED] https://registry.npmjs.org/@esbuild/darwin-x64/-/darwin-x64-0.27.3.tgz
[200] https://registry.npmjs.org/shebang-regex/-/shebang-regex-3.0.0.tgz
[200] https://opencollective.com/csstools
[200] https://registry.npmjs.org/signal-exit/-/signal-exit-4.1.0.tgz
[200] https://registry.npmjs.org/estree-walker/-/estree-walker-3.0.3.tgz
[EXCLUDED] https://registry.npmjs.org/@esbuild/linux-mips64el/-/linux-mips64el-0.27.3.tgz
[200] https://registry.npmjs.org/@babel/helpers/-/helpers-7.28.6.tgz
[200] https://github.com/sponsors/epoberezkin
[200] https://registry.npmjs.org/enhanced-resolve/-/enhanced-resolve-5.20.0.tgz
[200] https://registry.npmjs.org/@testing-library/dom/-/dom-10.4.1.tgz
[200] https://registry.npmjs.org/yocto-queue/-/yocto-queue-0.1.0.tgz
[EXCLUDED] https://registry.npmjs.org/@esbuild/aix-ppc64/-/aix-ppc64-0.25.12.tgz
[EXCLUDED] https://registry.npmjs.org/@esbuild/linux-ppc64/-/linux-ppc64-0.25.12.tgz
[EXCLUDED] https://registry.npmjs.org/@esbuild/darwin-arm64/-/darwin-arm64-0.27.3.tgz
[200] https://registry.npmjs.org/picocolors/-/picocolors-1.1.1.tgz
[200] https://registry.npmjs.org/strip-bom/-/strip-bom-3.0.0.tgz
[200] https://registry.npmjs.org/xmlchars/-/xmlchars-2.2.0.tgz
[200] https://registry.npmjs.org/debug/-/debug-4.4.3.tgz
[200] https://registry.npmjs.org/@pkgjs/parseargs/-/parseargs-0.11.0.tgz
[EXCLUDED] https://registry.npmjs.org/@esbuild/openharmony-arm64/-/openharmony-arm64-0.27.3.tgz
[200] https://registry.npmjs.org/pino-std-serializers/-/pino-std-serializers-7.1.0.tgz
[200] https://registry.npmjs.org/path-key/-/path-key-3.1.1.tgz
[200] https://registry.npmjs.org/@eslint/object-schema/-/object-schema-2.1.7.tgz
[200] https://opencollective.com/browserslist
[200] https://registry.npmjs.org/check-error/-/check-error-2.1.3.tgz
[200] https://registry.npmjs.org/ansi-styles/-/ansi-styles-5.2.0.tgz
[200] https://registry.npmjs.org/pathval/-/pathval-2.0.1.tgz
[200] https://github.com/sponsors/ljharb
[200] https://www.i18next.com/how-to/faq#i18next-is-awesome.-how-can-i-support-the-project
[200] https://registry.npmjs.org/@babel/helper-compilation-targets/-/helper-compilation-targets-7.28.6.tgz
[200] https://registry.npmjs.org/tailwindcss/-/tailwindcss-4.2.1.tgz
[200] https://registry.npmjs.org/@asamuzakjp/dom-selector/-/dom-selector-6.8.1.tgz
[200] https://registry.npmjs.org/@storybook/global/-/global-5.0.0.tgz
[200] https://registry.npmjs.org/@typescript-eslint/parser/-/parser-8.56.1.tgz
[200] https://registry.npmjs.org/imurmurhash/-/imurmurhash-0.1.4.tgz
[200] https://registry.npmjs.org/fast-json-stable-stringify/-/fast-json-stable-stringify-2.1.0.tgz
[200] https://registry.npmjs.org/@tailwindcss/oxide-linux-x64-musl/-/oxide-linux-x64-musl-4.2.1.tgz
[200] https://registry.npmjs.org/@rollup/rollup-linux-arm64-gnu/-/rollup-linux-arm64-gnu-4.59.0.tgz
[200] https://registry.npmjs.org/html-encoding-sniffer/-/html-encoding-sniffer-6.0.0.tgz
[200] https://registry.npmjs.org/import-fresh/-/import-fresh-3.3.1.tgz
[200] https://registry.npmjs.org/symbol-tree/-/symbol-tree-3.2.4.tgz
[200] https://registry.npmjs.org/mdn-data/-/mdn-data-2.12.2.tgz
[200] https://github.com/sponsors/colinhacks
[200] https://registry.npmjs.org/eslint-scope/-/eslint-scope-8.4.0.tgz
[200] https://registry.npmjs.org/@storybook/csf-plugin/-/csf-plugin-9.1.19.tgz
[200] https://registry.npmjs.org/@types/babel__template/-/babel__template-7.4.4.tgz
[200] https://registry.npmjs.org/argparse/-/argparse-2.0.1.tgz
[200] https://registry.npmjs.org/@eslint/core/-/core-0.17.0.tgz
[200] https://registry.npmjs.org/magic-string/-/magic-string-0.30.21.tgz
[200] https://registry.npmjs.org/@rollup/rollup-linux-arm64-musl/-/rollup-linux-arm64-musl-4.59.0.tgz
[200] https://registry.npmjs.org/source-map-js/-/source-map-js-1.2.1.tgz
[200] https://github.com/chalk/strip-ansi?sponsor=1
[200] https://registry.npmjs.org/tsconfig-paths/-/tsconfig-paths-4.2.0.tgz
[EXCLUDED] https://registry.npmjs.org/@esbuild/android-arm/-/android-arm-0.27.3.tgz
[200] https://registry.npmjs.org/unicorn-magic/-/unicorn-magic-0.1.0.tgz
[200] https://registry.npmjs.org/pino-abstract-transport/-/pino-abstract-transport-3.0.0.tgz
[200] https://opencollective.com/storybook
[EXCLUDED] https://registry.npmjs.org/@esbuild/openbsd-x64/-/openbsd-x64-0.27.3.tgz
[200] https://registry.npmjs.org/lightningcss/-/lightningcss-1.31.1.tgz
[200] https://registry.npmjs.org/tinyrainbow/-/tinyrainbow-3.0.3.tgz
[200] https://registry.npmjs.org/@rollup/rollup-linux-riscv64-musl/-/rollup-linux-riscv64-musl-4.59.0.tgz
[200] https://registry.npmjs.org/caniuse-lite/-/caniuse-lite-1.0.30001774.tgz
[200] https://registry.npmjs.org/@types/node/-/node-24.11.0.tgz
[200] https://opencollective.com/vitest
[EXCLUDED] https://registry.npmjs.org/@esbuild/android-arm64/-/android-arm64-0.25.12.tgz
[200] https://registry.npmjs.org/jsesc/-/jsesc-3.1.0.tgz
[200] https://registry.npmjs.org/@types/doctrine/-/doctrine-0.0.9.tgz
[200] https://registry.npmjs.org/@vitest/expect/-/expect-3.2.4.tgz
[200] https://registry.npmjs.org/brace-expansion/-/brace-expansion-5.0.4.tgz
[EXCLUDED] https://registry.npmjs.org/@esbuild/android-arm/-/android-arm-0.25.12.tgz
[200] https://registry.npmjs.org/path-parse/-/path-parse-1.0.7.tgz
[200] https://registry.npmjs.org/@babel/helper-validator-option/-/helper-validator-option-7.27.1.tgz
[200] https://registry.npmjs.org/lodash.merge/-/lodash.merge-4.6.2.tgz
[200] https://registry.npmjs.org/lightningcss-linux-arm-gnueabihf/-/lightningcss-linux-arm-gnueabihf-1.31.1.tgz
[200] https://registry.npmjs.org/undici-types/-/undici-types-7.16.0.tgz
[200] https://registry.npmjs.org/color-convert/-/color-convert-2.0.1.tgz
[200] https://registry.npmjs.org/loupe/-/loupe-3.2.1.tgz
[200] https://registry.npmjs.org/cookie/-/cookie-1.1.1.tgz
[200] https://registry.npmjs.org/string-width/-/string-width-4.2.3.tgz
[EXCLUDED] https://registry.npmjs.org/@esbuild/win32-ia32/-/win32-ia32-0.25.12.tgz
[200] https://registry.npmjs.org/p-locate/-/p-locate-5.0.0.tgz
[200] https://registry.npmjs.org/@jridgewell/trace-mapping/-/trace-mapping-0.3.31.tgz
[200] https://registry.npmjs.org/@csstools/css-color-parser/-/css-color-parser-4.0.2.tgz
[200] https://registry.npmjs.org/assertion-error/-/assertion-error-2.0.1.tgz
[200] https://registry.npmjs.org/expect-type/-/expect-type-1.3.0.tgz
[200] https://registry.npmjs.org/require-from-string/-/require-from-string-2.0.2.tgz
[200] https://registry.npmjs.org/whatwg-url/-/whatwg-url-16.0.1.tgz
[200] https://registry.npmjs.org/which/-/which-2.0.2.tgz
[200] https://registry.npmjs.org/eslint-plugin-react-hooks/-/eslint-plugin-react-hooks-7.0.1.tgz
[200] https://registry.npmjs.org/@testing-library/user-event/-/user-event-14.6.1.tgz
[200] https://registry.npmjs.org/@rollup/rollup-linux-arm-musleabihf/-/rollup-linux-arm-musleabihf-4.59.0.tgz
[200] https://registry.npmjs.org/react-i18next/-/react-i18next-16.5.4.tgz
[EXCLUDED] https://registry.npmjs.org/@esbuild/freebsd-x64/-/freebsd-x64-0.25.12.tgz
[200] https://registry.npmjs.org/css-tree/-/css-tree-3.1.0.tgz
[200] https://registry.npmjs.org/siginfo/-/siginfo-2.0.0.tgz
[200] https://registry.npmjs.org/shebang-command/-/shebang-command-2.0.0.tgz
[200] https://registry.npmjs.org/ajv/-/ajv-6.14.0.tgz
[200] https://registry.npmjs.org/react-is/-/react-is-17.0.2.tgz
[200] https://github.com/chalk/wrap-ansi?sponsor=1
[200] https://registry.npmjs.org/doctrine/-/doctrine-3.0.0.tgz
[EXCLUDED] https://registry.npmjs.org/package-json-from-dist/-/package-json-from-dist-1.0.1.tgz
[200] https://registry.npmjs.org/lz-string/-/lz-string-1.5.0.tgz
[200] https://registry.npmjs.org/typescript/-/typescript-5.9.3.tgz
[200] https://registry.npmjs.org/ms/-/ms-2.1.3.tgz
[200] https://registry.npmjs.org/@jridgewell/remapping/-/remapping-2.3.5.tgz
[200] https://registry.npmjs.org/@tailwindcss/oxide-freebsd-x64/-/oxide-freebsd-x64-4.2.1.tgz
[200] https://registry.npmjs.org/lightningcss-linux-arm64-musl/-/lightningcss-linux-arm64-musl-1.31.1.tgz
[200] https://registry.npmjs.org/tiny-invariant/-/tiny-invariant-1.3.3.tgz
[200] https://registry.npmjs.org/glob/-/glob-10.5.0.tgz
[200] https://registry.npmjs.org/keyv/-/keyv-4.5.4.tgz
[200] https://registry.npmjs.org/lightningcss-linux-x64-musl/-/lightningcss-linux-x64-musl-1.31.1.tgz
[200] https://registry.npmjs.org/jackspeak/-/jackspeak-3.4.3.tgz
[200] https://registry.npmjs.org/lightningcss-darwin-x64/-/lightningcss-darwin-x64-1.31.1.tgz
[EXCLUDED] https://registry.npmjs.org/@esbuild/linux-s390x/-/linux-s390x-0.25.12.tgz
[200] https://registry.npmjs.org/real-require/-/real-require-0.2.0.tgz
[200] https://registry.npmjs.org/json-buffer/-/json-buffer-3.0.1.tgz
[200] https://registry.npmjs.org/jsdom/-/jsdom-28.1.0.tgz
[200] https://registry.npmjs.org/chalk/-/chalk-4.1.2.tgz
[200] https://registry.npmjs.org/@vitejs/plugin-react/-/plugin-react-5.1.4.tgz
[200] https://registry.npmjs.org/@types/aria-query/-/aria-query-5.0.4.tgz
[200] https://registry.npmjs.org/lightningcss-freebsd-x64/-/lightningcss-freebsd-x64-1.31.1.tgz
[EXCLUDED] https://registry.npmjs.org/@esbuild/sunos-x64/-/sunos-x64-0.27.3.tgz
[200] https://registry.npmjs.org/@rollup/rollup-freebsd-x64/-/rollup-freebsd-x64-4.59.0.tgz
[200] https://registry.npmjs.org/minimatch/-/minimatch-10.2.4.tgz
[200] https://registry.npmjs.org/@types/resolve/-/resolve-1.20.6.tgz
[200] https://registry.npmjs.org/@eslint/plugin-kit/-/plugin-kit-0.4.1.tgz
[200] https://github.com/prettier/prettier?sponsor=1
[200] https://registry.npmjs.org/@rollup/rollup-linux-x64-musl/-/rollup-linux-x64-musl-4.59.0.tgz
[200] https://registry.npmjs.org/@storybook/react-vite/-/react-vite-9.1.19.tgz
[200] https://registry.npmjs.org/detect-libc/-/detect-libc-2.1.2.tgz
[200] https://registry.npmjs.org/process-warning/-/process-warning-5.0.0.tgz
[200] https://registry.npmjs.org/@csstools/color-helpers/-/color-helpers-6.0.2.tgz
[200] https://registry.npmjs.org/eslint-visitor-keys/-/eslint-visitor-keys-5.0.1.tgz
[200] https://registry.npmjs.org/ignore/-/ignore-5.3.2.tgz
[200] https://registry.npmjs.org/is-core-module/-/is-core-module-2.16.1.tgz
[200] https://registry.npmjs.org/callsites/-/callsites-3.1.0.tgz
[200] https://registry.npmjs.org/@isaacs/cliui/-/cliui-8.0.2.tgz
[EXCLUDED] https://registry.npmjs.org/@esbuild/openbsd-arm64/-/openbsd-arm64-0.27.3.tgz
[200] https://registry.npmjs.org/word-wrap/-/word-wrap-1.2.5.tgz
[EXCLUDED] https://registry.npmjs.org/@esbuild/android-x64/-/android-x64-0.27.3.tgz
[200] https://registry.npmjs.org/@rollup/rollup-darwin-x64/-/rollup-darwin-x64-4.59.0.tgz
[200] https://registry.npmjs.org/eslint-visitor-keys/-/eslint-visitor-keys-4.2.1.tgz
[200] https://github.com/sponsors/jonschlinkert
[200] https://registry.npmjs.org/@rollup/rollup-android-arm64/-/rollup-android-arm64-4.59.0.tgz
[200] https://registry.npmjs.org/ansi-regex/-/ansi-regex-5.0.1.tgz
[200] https://registry.npmjs.org/@types/babel__traverse/-/babel__traverse-7.28.0.tgz
[200] https://opencollective.com/parcel
[200] https://registry.npmjs.org/convert-source-map/-/convert-source-map-2.0.0.tgz
[200] https://registry.npmjs.org/std-env/-/std-env-3.10.0.tgz
[200] https://registry.npmjs.org/agent-base/-/agent-base-7.1.4.tgz
[EXCLUDED] https://registry.npmjs.org/@esbuild/linux-ppc64/-/linux-ppc64-0.27.3.tgz
[EXCLUDED] https://registry.npmjs.org/@esbuild/darwin-arm64/-/darwin-arm64-0.25.12.tgz
[200] https://opencollective.com/postcss/
[200] https://registry.npmjs.org/@humanwhocodes/module-importer/-/module-importer-1.0.1.tgz
[200] https://registry.npmjs.org/graceful-fs/-/graceful-fs-4.2.11.tgz
[EXCLUDED] https://registry.npmjs.org/@esbuild/openharmony-arm64/-/openharmony-arm64-0.25.12.tgz
[200] https://registry.npmjs.org/react-refresh/-/react-refresh-0.18.0.tgz
[200] https://registry.npmjs.org/use-sync-external-store/-/use-sync-external-store-1.6.0.tgz
[200] https://registry.npmjs.org/brace-expansion/-/brace-expansion-1.1.12.tgz
[200] https://registry.npmjs.org/color-name/-/color-name-1.1.4.tgz
[200] https://registry.npmjs.org/@tailwindcss/node/-/node-4.2.1.tgz
[200] https://registry.npmjs.org/xml-name-validator/-/xml-name-validator-5.0.0.tgz
[200] https://registry.npmjs.org/@tailwindcss/oxide-win32-arm64-msvc/-/oxide-win32-arm64-msvc-4.2.1.tgz
[200] https://registry.npmjs.org/@tailwindcss/oxide-win32-x64-msvc/-/oxide-win32-x64-msvc-4.2.1.tgz
[200] https://registry.npmjs.org/@rollup/rollup-win32-arm64-msvc/-/rollup-win32-arm64-msvc-4.59.0.tgz
[200] https://registry.npmjs.org/globals/-/globals-14.0.0.tgz
[200] https://registry.npmjs.org/zod-validation-error/-/zod-validation-error-4.0.2.tgz
[200] https://registry.npmjs.org/supports-preserve-symlinks-flag/-/supports-preserve-symlinks-flag-1.0.0.tgz
[200] https://github.com/chalk/ansi-styles?sponsor=1
[200] https://registry.npmjs.org/minimatch/-/minimatch-9.0.9.tgz
[200] https://registry.npmjs.org/on-exit-leak-free/-/on-exit-leak-free-2.1.2.tgz
[200] https://registry.npmjs.org/@vitest/pretty-format/-/pretty-format-3.2.4.tgz
[200] https://registry.npmjs.org/lightningcss-linux-x64-gnu/-/lightningcss-linux-x64-gnu-1.31.1.tgz
[200] https://registry.npmjs.org/@rollup/rollup-win32-x64-gnu/-/rollup-win32-x64-gnu-4.59.0.tgz
[200] https://registry.npmjs.org/unplugin/-/unplugin-1.16.1.tgz
[200] https://registry.npmjs.org/has-flag/-/has-flag-4.0.0.tgz
[200] https://github.com/sponsors/ai
[200] https://registry.npmjs.org/@typescript-eslint/project-service/-/project-service-8.56.1.tgz
[EXCLUDED] https://registry.npmjs.org/@esbuild/openbsd-arm64/-/openbsd-arm64-0.25.12.tgz
[200] https://registry.npmjs.org/parse5/-/parse5-8.0.0.tgz
[200] https://github.com/sponsors/nzakas
[200] https://registry.npmjs.org/isexe/-/isexe-2.0.0.tgz
[200] https://registry.npmjs.org/optionator/-/optionator-0.9.4.tgz
[200] https://registry.npmjs.org/prettier/-/prettier-3.8.1.tgz
[200] https://registry.npmjs.org/flat-cache/-/flat-cache-4.0.1.tgz
[200] https://registry.npmjs.org/@tailwindcss/oxide-wasm32-wasi/-/oxide-wasm32-wasi-4.2.1.tgz
[200] https://registry.npmjs.org/semver/-/semver-6.3.1.tgz
[200] https://registry.npmjs.org/saxes/-/saxes-6.0.0.tgz
[200] https://registry.npmjs.org/react-router/-/react-router-7.13.1.tgz
[200] https://registry.npmjs.org/prelude-ls/-/prelude-ls-1.2.1.tgz
[200] https://registry.npmjs.org/i18next/-/i18next-25.8.13.tgz
[200] https://registry.npmjs.org/js-tokens/-/js-tokens-4.0.0.tgz
[200] https://opencollective.com/express
[200] https://registry.npmjs.org/fdir/-/fdir-6.5.0.tgz
[200] https://registry.npmjs.org/ansi-styles/-/ansi-styles-4.3.0.tgz
[200] https://registry.npmjs.org/entities/-/entities-6.0.1.tgz
[200] https://opencollective.com/fakerjs
[200] https://registry.npmjs.org/@joshwooding/vite-plugin-react-docgen-typescript/-/vite-plugin-react-docgen-typescript-0.6.1.tgz
[200] https://registry.npmjs.org/indent-string/-/indent-string-4.0.0.tgz
[200] https://registry.npmjs.org/tldts-core/-/tldts-core-7.0.23.tgz
[EXCLUDED] https://registry.npmjs.org/@esbuild/darwin-x64/-/darwin-x64-0.25.12.tgz
[200] https://registry.npmjs.org/ws/-/ws-8.19.0.tgz
[200] https://registry.npmjs.org/@babel/plugin-transform-react-jsx-source/-/plugin-transform-react-jsx-source-7.27.1.tgz
[200] https://registry.npmjs.org/acorn/-/acorn-8.16.0.tgz
[200] https://registry.npmjs.org/fast-levenshtein/-/fast-levenshtein-2.0.6.tgz
[200] https://registry.npmjs.org/source-map/-/source-map-0.6.1.tgz
[200] https://registry.npmjs.org/whatwg-mimetype/-/whatwg-mimetype-5.0.0.tgz
[200] https://registry.npmjs.org/min-indent/-/min-indent-1.0.1.tgz
[200] https://registry.npmjs.org/aria-query/-/aria-query-5.3.0.tgz
[200] https://registry.npmjs.org/emoji-regex/-/emoji-regex-9.2.2.tgz
[200] https://registry.npmjs.org/browserslist/-/browserslist-4.28.1.tgz
[200] https://registry.npmjs.org/yocto-queue/-/yocto-queue-1.2.2.tgz
[200] https://registry.npmjs.org/yallist/-/yallist-3.1.1.tgz
[200] https://registry.npmjs.org/esprima/-/esprima-4.0.1.tgz
[200] https://registry.npmjs.org/strip-ansi/-/strip-ansi-6.0.1.tgz
[200] https://registry.npmjs.org/hermes-parser/-/hermes-parser-0.25.1.tgz
[EXCLUDED] https://registry.npmjs.org/@esbuild/linux-arm/-/linux-arm-0.27.3.tgz
[200] https://registry.npmjs.org/@types/estree/-/estree-1.0.8.tgz
[200] https://registry.npmjs.org/https-proxy-agent/-/https-proxy-agent-7.0.6.tgz
[200] https://registry.npmjs.org/@csstools/css-parser-algorithms/-/css-parser-algorithms-4.0.0.tgz
[200] https://registry.npmjs.org/json-stable-stringify-without-jsonify/-/json-stable-stringify-without-jsonify-1.0.1.tgz
[200] https://registry.npmjs.org/@vitest/spy/-/spy-4.0.18.tgz
[200] https://registry.npmjs.org/concat-map/-/concat-map-0.0.1.tgz
[200] https://registry.npmjs.org/@tanstack/react-query-devtools/-/react-query-devtools-5.91.3.tgz
[200] https://registry.npmjs.org/estree-walker/-/estree-walker-2.0.2.tgz
[200] https://registry.npmjs.org/@types/json-schema/-/json-schema-7.0.15.tgz
[200] https://registry.npmjs.org/minipass/-/minipass-7.1.3.tgz
[EXCLUDED] https://registry.npmjs.org/esbuild/-/esbuild-0.27.3.tgz
[EXCLUDED] https://registry.npmjs.org/@esbuild/win32-ia32/-/win32-ia32-0.27.3.tgz
[200] https://registry.npmjs.org/@tailwindcss/oxide-linux-arm64-gnu/-/oxide-linux-arm64-gnu-4.2.1.tgz
[200] https://registry.npmjs.org/react-docgen/-/react-docgen-8.0.2.tgz
[200] https://registry.npmjs.org/lightningcss-win32-arm64-msvc/-/lightningcss-win32-arm64-msvc-1.31.1.tgz
[200] https://registry.npmjs.org/strip-json-comments/-/strip-json-comments-3.1.1.tgz
[EXCLUDED] https://registry.npmjs.org/@esbuild/freebsd-arm64/-/freebsd-arm64-0.25.12.tgz
[200] https://registry.npmjs.org/file-entry-cache/-/file-entry-cache-8.0.0.tgz
[200] https://registry.npmjs.org/@rollup/rollup-linux-ppc64-musl/-/rollup-linux-ppc64-musl-4.59.0.tgz
[EXCLUDED] https://registry.npmjs.org/@esbuild/linux-arm64/-/linux-arm64-0.27.3.tgz
[EXCLUDED] https://registry.npmjs.org/@esbuild/sunos-x64/-/sunos-x64-0.25.12.tgz
[200] https://registry.npmjs.org/espree/-/espree-10.4.0.tgz
[EXCLUDED] https://registry.npmjs.org/@esbuild/linux-ia32/-/linux-ia32-0.25.12.tgz
[200] https://opencollective.com/fastify
[200] https://registry.npmjs.org/globals/-/globals-16.5.0.tgz
[200] https://registry.npmjs.org/@csstools/css-tokenizer/-/css-tokenizer-4.0.0.tgz
[200] https://registry.npmjs.org/stackback/-/stackback-0.0.2.tgz
[200] https://registry.npmjs.org/redent/-/redent-3.0.0.tgz
[200] https://registry.npmjs.org/webidl-conversions/-/webidl-conversions-8.0.1.tgz
[200] https://registry.npmjs.org/esquery/-/esquery-1.7.0.tgz
[200] https://registry.npmjs.org/electron-to-chromium/-/electron-to-chromium-1.5.302.tgz
[200] https://registry.npmjs.org/emoji-regex/-/emoji-regex-8.0.0.tgz
[200] https://registry.npmjs.org/define-lazy-prop/-/define-lazy-prop-2.0.0.tgz
[200] https://registry.npmjs.org/hasown/-/hasown-2.0.2.tgz
[200] https://registry.npmjs.org/gensync/-/gensync-1.0.0-beta.2.tgz
[200] https://registry.npmjs.org/ts-api-utils/-/ts-api-utils-2.4.0.tgz
[200] https://registry.npmjs.org/@rollup/rollup-linux-riscv64-gnu/-/rollup-linux-riscv64-gnu-4.59.0.tgz
[200] https://registry.npmjs.org/json5/-/json5-2.2.3.tgz
[200] https://github.com/sponsors/csstools
[200] https://registry.npmjs.org/@rollup/rollup-linux-ppc64-gnu/-/rollup-linux-ppc64-gnu-4.59.0.tgz
[200] https://registry.npmjs.org/fast-deep-equal/-/fast-deep-equal-3.1.3.tgz
[200] https://registry.npmjs.org/@babel/helper-string-parser/-/helper-string-parser-7.27.1.tgz
[200] https://registry.npmjs.org/dom-accessibility-api/-/dom-accessibility-api-0.5.16.tgz
[200] https://registry.npmjs.org/vitest/-/vitest-4.0.18.tgz
[200] https://registry.npmjs.org/@vitest/runner/-/runner-4.0.18.tgz
[200] https://registry.npmjs.org/path-exists/-/path-exists-4.0.0.tgz
[200] https://registry.npmjs.org/@rollup/rollup-linux-x64-gnu/-/rollup-linux-x64-gnu-4.59.0.tgz
[200] https://registry.npmjs.org/react-docgen-typescript/-/react-docgen-typescript-2.4.0.tgz
[200] https://registry.npmjs.org/vite/-/vite-7.3.1.tgz
[200] https://registry.npmjs.org/pretty-format/-/pretty-format-27.5.1.tgz
[200] https://registry.npmjs.org/@rollup/pluginutils/-/pluginutils-5.3.0.tgz
[200] https://registry.npmjs.org/@eslint-community/regexpp/-/regexpp-4.12.2.tgz
[200] https://registry.npmjs.org/eastasianwidth/-/eastasianwidth-0.2.0.tgz
[EXCLUDED] https://registry.npmjs.org/@storybook/builder-vite/-/builder-vite-9.1.19.tgz
[200] https://registry.npmjs.org/eslint-plugin-react-refresh/-/eslint-plugin-react-refresh-0.4.26.tgz
[200] https://registry.npmjs.org/function-bind/-/function-bind-1.1.2.tgz
[200] https://registry.npmjs.org/is-potential-custom-element-name/-/is-potential-custom-element-name-1.0.1.tgz
[200] https://registry.npmjs.org/lightningcss-linux-arm64-gnu/-/lightningcss-linux-arm64-gnu-1.31.1.tgz
[200] https://registry.npmjs.org/csstype/-/csstype-3.2.3.tgz
[200] https://registry.npmjs.org/@csstools/css-calc/-/css-calc-3.1.1.tgz
[200] https://registry.npmjs.org/pathe/-/pathe-2.0.3.tgz
[200] https://registry.npmjs.org/recast/-/recast-0.23.11.tgz
[200] https://registry.npmjs.org/balanced-match/-/balanced-match-1.0.2.tgz
[200] https://registry.npmjs.org/@babel/code-frame/-/code-frame-7.29.0.tgz
[EXCLUDED] https://registry.npmjs.org/@esbuild/linux-loong64/-/linux-loong64-0.27.3.tgz
[200] https://registry.npmjs.org/@vitest/snapshot/-/snapshot-4.0.18.tgz
[200] https://registry.npmjs.org/thread-stream/-/thread-stream-4.0.0.tgz
[200] https://registry.npmjs.org/@babel/compat-data/-/compat-data-7.29.0.tgz
[200] https://registry.npmjs.org/@babel/types/-/types-7.29.0.tgz
[200] https://registry.npmjs.org/tinyspy/-/tinyspy-4.0.4.tgz
[200] https://registry.npmjs.org/locate-path/-/locate-path-7.2.0.tgz
[200] https://registry.npmjs.org/html-parse-stringify/-/html-parse-stringify-3.0.1.tgz
[EXCLUDED] https://registry.npmjs.org/@esbuild/linux-riscv64/-/linux-riscv64-0.25.12.tgz
[200] https://registry.npmjs.org/@rollup/rollup-linux-s390x-gnu/-/rollup-linux-s390x-gnu-4.59.0.tgz
[200] https://registry.npmjs.org/better-opn/-/better-opn-3.0.2.tgz
[200] https://registry.npmjs.org/@vitest/mocker/-/mocker-3.2.4.tgz
[EXCLUDED] https://registry.npmjs.org/@esbuild/freebsd-x64/-/freebsd-x64-0.27.3.tgz
[200] https://registry.npmjs.org/@babel/helper-validator-identifier/-/helper-validator-identifier-7.28.5.tgz
[200] https://registry.npmjs.org/p-locate/-/p-locate-6.0.0.tgz
[200] https://registry.npmjs.org/webpack-virtual-modules/-/webpack-virtual-modules-0.6.2.tgz
[200] https://registry.npmjs.org/@rollup/rollup-freebsd-arm64/-/rollup-freebsd-arm64-4.59.0.tgz
[200] https://registry.npmjs.org/@tailwindcss/oxide-android-arm64/-/oxide-android-arm64-4.2.1.tgz
[EXCLUDED] https://registry.npmjs.org/@esbuild/linux-loong64/-/linux-loong64-0.25.12.tgz
[200] https://registry.npmjs.org/is-wsl/-/is-wsl-2.2.0.tgz
[EXCLUDED] https://registry.npmjs.org/@esbuild/netbsd-x64/-/netbsd-x64-0.27.3.tgz
[EXCLUDED] https://registry.npmjs.org/@esbuild/linux-x64/-/linux-x64-0.25.12.tgz
[200] https://registry.npmjs.org/@rollup/rollup-android-arm-eabi/-/rollup-android-arm-eabi-4.59.0.tgz
[200] https://locize.com/
[200] https://registry.npmjs.org/@rollup/rollup-win32-x64-msvc/-/rollup-win32-x64-msvc-4.59.0.tgz
[200] https://registry.npmjs.org/@tailwindcss/oxide-linux-x64-gnu/-/oxide-linux-x64-gnu-4.2.1.tgz
[200] https://registry.npmjs.org/esrecurse/-/esrecurse-4.3.0.tgz
[200] https://registry.npmjs.org/find-up/-/find-up-7.0.0.tgz
[200] https://registry.npmjs.org/p-limit/-/p-limit-4.0.0.tgz
[200] https://registry.npmjs.org/fsevents/-/fsevents-2.3.3.tgz
[200] https://registry.npmjs.org/tough-cookie/-/tough-cookie-6.0.0.tgz
[200] https://registry.npmjs.org/p-limit/-/p-limit-3.1.0.tgz
[EXCLUDED] https://registry.npmjs.org/@esbuild/win32-x64/-/win32-x64-0.25.12.tgz
[200] https://registry.npmjs.org/@babel/generator/-/generator-7.29.1.tgz
[200] https://opencollective.com/typescript-eslint
[200] https://github.com/sponsors/tannerlinsley
[EXCLUDED] https://registry.npmjs.org/@esbuild/android-arm64/-/android-arm64-0.27.3.tgz
[200] https://registry.npmjs.org/resolve/-/resolve-1.22.11.tgz
[200] https://github.com/chalk/chalk?sponsor=1
[200] https://registry.npmjs.org/tinyglobby/-/tinyglobby-0.2.15.tgz
[200] https://github.com/sponsors/isaacs
[200] https://registry.npmjs.org/@types/react-dom/-/react-dom-19.2.3.tgz
[EXCLUDED] mailto:i@izs.me
[200] https://registry.npmjs.org/strip-ansi/-/strip-ansi-7.2.0.tgz
[200] https://registry.npmjs.org/@csstools/css-syntax-patches-for-csstree/-/css-syntax-patches-for-csstree-1.0.28.tgz
[200] https://registry.npmjs.org/lightningcss-android-arm64/-/lightningcss-android-arm64-1.31.1.tgz
[200] https://registry.npmjs.org/@babel/helper-module-imports/-/helper-module-imports-7.28.6.tgz
[200] https://registry.npmjs.org/@vitest/expect/-/expect-4.0.18.tgz
[200] https://registry.npmjs.org/@rollup/rollup-linux-loong64-musl/-/rollup-linux-loong64-musl-4.59.0.tgz
[200] https://registry.npmjs.org/@humanfs/core/-/core-0.19.1.tgz
[200] https://registry.npmjs.org/esutils/-/esutils-2.0.3.tgz
[200] https://github.com/sponsors/sindresorhus
[200] https://locize.com/i18next.html
[200] https://registry.npmjs.org/cssstyle/-/cssstyle-6.1.0.tgz
[200] https://registry.npmjs.org/@eslint/config-helpers/-/config-helpers-0.4.2.tgz
[200] https://opencollective.com/debug
[200] https://github.com/sponsors/sxzz
[200] https://registry.npmjs.org/@rollup/rollup-openharmony-arm64/-/rollup-openharmony-arm64-4.59.0.tgz
[200] https://eslint.org/donate
[200] https://opencollective.com/webpack
[200] https://opencollective.com/babel
[200] https://opencollective.com/eslint
Error: Cannot write status output to file

Caused by:
    No such file or directory (os error 2)

::endgroup::
::group::[31mâŒ Linted [TERRAFORM] files with [terragrunt]: Found 1 error(s) and 0 warning(s) - (0.07s)[0m (expand for details)
- Using [terragrunt v0.81.6] https://megalinter.io/8.8.0/descriptors/terraform_terragrunt
- MegaLinter key: [TERRAFORM_TERRAGRUNT]
- Rules config: [/github/workspace/config/terragrunt.hcl]
- Number of files analyzed: [1]
- Command: [terragrunt hclfmt --terragrunt-check --terragrunt-config /github/workspace/config/terragrunt.hcl --terragrunt-hclfmt-file config/terragrunt.hcl]
[31m[terragrunt] config/terragrunt.hcl - ERROR - 1 error(s) and 0 warning(s)[0m
[31m--Error detail:
[0;90m00:27:49.224[0m [0;33mWARN  [0m The `hclfmt` command is deprecated and will be removed in a future version of Terragrunt. Use `terragrunt hcl format` instead.
[0;90m00:27:49.225[0m [0;31mERROR [0m flag `--terragrunt-config` is not a valid flag for `format`. Did you mean to use `console --config`?
[0m
::endgroup::
Unable to get number of errors with regex_sum and âœ– ([0-9]+) problem
::group::[31mâŒ Linted [TSX] files with [eslint]: Found 1 error(s) and 0 warning(s) - (0.36s)[0m (expand for details)
- Using [eslint v8.57.1] https://megalinter.io/8.8.0/descriptors/tsx_eslint
- MegaLinter key: [TSX_ESLINT]
- Rules config: [/github/workspace/config/.eslint.config.mjs]
- Number of files analyzed: [28]
- Command: [eslint --no-ignore -c /github/workspace/config/.eslint.config.mjs --no-eslintrc ui/src/app/App.tsx ui/src/app/layout/Layout.test.tsx ui/src/app/layout/Layout.tsx ui/src/components/ErrorBoundary.test.tsx ui/src/components/ErrorBoundary.tsx ui/src/comp...(truncated)]
--Error detail:

Oops! Something went wrong! :(

ESLint: 8.57.1

YAMLException: Cannot read config file: /github/workspace/config/.eslint.config.mjs
Error: end of the stream or a document separator is expected (25:14)

 22 |     js.configs.recommended,
 23 | 
 24 |     {
 25 |         files: ["**/*.{ts,tsx}"],
-------------------^
 26 |         languageOptions: {
 27 |             parser: tsparser,
    at generateError (/node-deps/node_modules/js-yaml/lib/loader.js:183:10)
    at throwError (/node-deps/node_modules/js-yaml/lib/loader.js:187:9)
    at readDocument (/node-deps/node_modules/js-yaml/lib/loader.js:1645:5)
    at loadDocuments (/node-deps/node_modules/js-yaml/lib/loader.js:1688:5)
    at Object.load (/node-deps/node_modules/js-yaml/lib/loader.js:1714:19)
    at loadLegacyConfigFile (/node-deps/node_modules/@eslint/eslintrc/dist/eslintrc.cjs:2565:21)
    at loadConfigFile (/node-deps/node_modules/@eslint/eslintrc/dist/eslintrc.cjs:2680:20)
    at ConfigArrayFactory._loadConfigData (/node-deps/node_modules/@eslint/eslintrc/dist/eslintrc.cjs:2984:42)
    at ConfigArrayFactory.loadFile (/node-deps/node_modules/@eslint/eslintrc/dist/eslintrc.cjs:2850:40)
    at createCLIConfigArray (/node-deps/node_modules/@eslint/eslintrc/dist/eslintrc.cjs:3660:35)

::endgroup::
Unable to get number of errors with regex_sum and âœ– ([0-9]+) problem
::group::[31mâŒ Linted [TYPESCRIPT] files with [eslint]: Found 1 error(s) and 0 warning(s) - (0.35s)[0m (expand for details)
- Using [eslint v8.57.1] https://megalinter.io/8.8.0/descriptors/typescript_eslint
- MegaLinter key: [TYPESCRIPT_ES]
- Rules config: [/github/workspace/config/.eslint.config.mjs]
- Number of files analyzed: [48]
- Command: [eslint --no-ignore -c /github/workspace/config/.eslint.config.mjs --no-eslintrc ui/.storybook/main.ts ui/.storybook/preview.ts ui/src/components/Placeholder/index.ts ui/src/features/allocations/allocationStrategy.test.ts ui/src/features/allocations/a...(truncated)]
--Error detail:

Oops! Something went wrong! :(

ESLint: 8.57.1

YAMLException: Cannot read config file: /github/workspace/config/.eslint.config.mjs
Error: end of the stream or a document separator is expected (25:14)

 22 |     js.configs.recommended,
 23 | 
 24 |     {
 25 |         files: ["**/*.{ts,tsx}"],
-------------------^
 26 |         languageOptions: {
 27 |             parser: tsparser,
    at generateError (/node-deps/node_modules/js-yaml/lib/loader.js:183:10)
    at throwError (/node-deps/node_modules/js-yaml/lib/loader.js:187:9)
    at readDocument (/node-deps/node_modules/js-yaml/lib/loader.js:1645:5)
    at loadDocuments (/node-deps/node_modules/js-yaml/lib/loader.js:1688:5)
    at Object.load (/node-deps/node_modules/js-yaml/lib/loader.js:1714:19)
    at loadLegacyConfigFile (/node-deps/node_modules/@eslint/eslintrc/dist/eslintrc.cjs:2565:21)
    at loadConfigFile (/node-deps/node_modules/@eslint/eslintrc/dist/eslintrc.cjs:2680:20)
    at ConfigArrayFactory._loadConfigData (/node-deps/node_modules/@eslint/eslintrc/dist/eslintrc.cjs:2984:42)
    at ConfigArrayFactory.loadFile (/node-deps/node_modules/@eslint/eslintrc/dist/eslintrc.cjs:2850:40)
    at createCLIConfigArray (/node-deps/node_modules/@eslint/eslintrc/dist/eslintrc.cjs:3660:35)

::endgroup::
::group::[31mâŒ Linted [TYPESCRIPT] files with [ts-standard]: Found 1 error(s) and 0 warning(s) - (0.32s)[0m (expand for details)
- Using [ts-standard v12.0.2] https://megalinter.io/8.8.0/descriptors/typescript_ts_standard
- MegaLinter key: [TYPESCRIPT_STANDARD]
- Rules config: identified by [ts-standard]
- Number of files analyzed: [48]
- Command: [ts-standard ui/.storybook/main.ts ui/.storybook/preview.ts ui/src/components/Placeholder/index.ts ui/src/features/allocations/allocationStrategy.test.ts ui/src/features/allocations/allocationStrategy.ts ui/src/features/allocations/index.ts ui/src/fea...(truncated)]
--Error detail:
Unable to locate the project file. A project file (tsconfig.json or tsconfig.eslint.json) is required in order to use ts-standard.

::endgroup::
::group::[31mâŒ Linted [TYPESCRIPT] files with [prettier]: Found 1 error(s) and 0 warning(s) - (0.2s)[0m (expand for details)
- Using [prettier v3.5.3] https://megalinter.io/8.8.0/descriptors/typescript_prettier
- MegaLinter key: [TYPESCRIPT_PRETTIER]
- Rules config: [/github/workspace/config/.prettier.config.mjs]
- Number of files analyzed: [48]
- Command: [prettier --check --config /github/workspace/config/.prettier.config.mjs ui/.storybook/main.ts ui/.storybook/preview.ts ui/src/components/Placeholder/index.ts ui/src/features/allocations/allocationStrategy.test.ts ui/src/features/allocations/allocatio...(truncated)]
--Error detail:
Checking formatting...
[error] Cannot find package 'prettier-plugin-sh' imported from /github/workspace/noop.js

::endgroup::
::group::[32mâœ… Linted [XML] files with [xmllint] successfully - (0.16s)[0m (expand for details)
- Using [xmllint v21304] https://megalinter.io/8.8.0/descriptors/xml_xmllint
- MegaLinter key: [XML_XMLLINT]
- Rules config: identified by [xmllint]
- Number of files analyzed: [5]
- Command: [xmllint config/apex-pmd-ruleset.xml config/java-pmd-ruleset.xml config/phpcs.xml config/psalm.xml config/sun_checks.xml]
::endgroup::
::group::[31mâŒ Linted [YAML] files with [prettier]: Found 1 error(s) and 0 warning(s) - (0.2s)[0m (expand for details)
- Using [prettier v3.5.3] https://megalinter.io/8.8.0/descriptors/yaml_prettier
- MegaLinter key: [YAML_PRETTIER]
- Rules config: [/github/workspace/config/.prettier.config.mjs]
- Number of files analyzed: [76]
- Command: [prettier --check --config /github/workspace/config/.prettier.config.mjs .github/workflows/generate_repository_tree.yml .github/workflows/megalinter.yml .github/workflows/nsfw-detection.yml .github/workflows/pages.yml .github/workflows/toc.yml .megali...(truncated)]
--Error detail:
Checking formatting...
[error] Cannot find package 'prettier-plugin-sh' imported from /github/workspace/noop.js

::endgroup::
::group::[31mâŒ Linted [YAML] files with [yamllint]: Found 241 error(s) and 0 warning(s) - (2.58s)[0m (expand for details)
- Using [yamllint v1.37.1] https://megalinter.io/8.8.0/descriptors/yaml_yamllint
- MegaLinter key: [YAML_YAMLLINT]
- Rules config: [/github/workspace/config/.yamllint.yml]
- Number of files analyzed: [76]
- Command: [yamllint --format standard -c /github/workspace/config/.yamllint.yml .github/workflows/generate_repository_tree.yml .github/workflows/megalinter.yml .github/workflows/nsfw-detection.yml .github/workflows/pages.yml .github/workflows/toc.yml .megalinte...(truncated)]
--Error detail:
.github/workflows/generate_repository_tree.yml
  1:1       warning  missing document start "---"  (document-start)
  3:1       warning  truthy value should be one of [false, true]  (truthy)

.github/workflows/megalinter.yml
  4:1       warning  truthy value should be one of [false, true]  (truthy)

.github/workflows/nsfw-detection.yml
  4:1       warning  truthy value should be one of [false, true]  (truthy)

.github/workflows/pages.yml
  4:1       warning  truthy value should be one of [false, true]  (truthy)

.github/workflows/toc.yml
  1:1       warning  missing document start "---"  (document-start)
  3:1       warning  truthy value should be one of [false, true]  (truthy)

Taskfile.yml
  1:1       warning  missing document start "---"  (document-start)

config/.bandit.yml
  1:1       warning  missing document start "---"  (document-start)
  302:33    error    no new line character at the end of file  (new-line-at-end-of-file)

config/.checkov.yml
  2:1       warning  missing document start "---"  (document-start)

config/.grype.yaml
  16:1      warning  missing document start "---"  (document-start)
  54:3      warning  comment not indented like content  (comments-indentation)
  76:3      warning  comment not indented like content  (comments-indentation)
  93:3      warning  comment not indented like content  (comments-indentation)
  102:5     warning  comment not indented like content  (comments-indentation)
  103:7     warning  comment not indented like content  (comments-indentation)
  112:5     warning  comment not indented like content  (comments-indentation)
  115:3     warning  comment not indented like content  (comments-indentation)
  129:3     warning  comment not indented like content  (comments-indentation)
  129:60    warning  trailing spaces  (trailing-spaces)
  131:46    warning  trailing spaces  (trailing-spaces)
  151:34    error    no new line character at the end of file  (new-line-at-end-of-file)

config/.ls-lint.yml
  1:1       warning  missing document start "---"  (document-start)

config/.protolintrc.yml
  4:1       warning  missing document start "---"  (document-start)
  24:5      warning  comment not indented like content  (comments-indentation)

config/.syft.yaml
  3:1       warning  missing document start "---"  (document-start)

config/.tektonlintrc.yaml
  3:1       warning  missing document start "---"  (document-start)

config/.trufflehog.yml
  1:1       warning  missing document start "---"  (document-start)

config/.v8rrc.yml
  2:1       warning  missing document start "---"  (document-start)

config/analysis_options.yml
  3:1       warning  missing document start "---"  (document-start)

config/styles/proselint/Airlinese.yml
  1:1       warning  missing document start "---"  (document-start)

config/styles/proselint/AnimalLabels.yml
  1:1       warning  missing document start "---"  (document-start)
  7:21      error    too many spaces after colon  (colons)
  11:14     error    too many spaces after colon  (colons)
  12:19     error    too many spaces after colon  (colons)
  13:14     error    too many spaces after colon  (colons)
  14:19     error    too many spaces after colon  (colons)
  15:14     error    too many spaces after colon  (colons)
  16:15     error    too many spaces after colon  (colons)
  17:19     error    too many spaces after colon  (colons)
  18:16     error    too many spaces after colon  (colons)
  19:11     error    too many spaces after colon  (colons)
  20:14     error    too many spaces after colon  (colons)
  21:13     error    too many spaces after colon  (colons)
  22:14     error    too many spaces after colon  (colons)
  23:14     error    too many spaces after colon  (colons)
  24:15     error    too many spaces after colon  (colons)
  25:14     error    too many spaces after colon  (colons)
  26:14     error    too many spaces after colon  (colons)
  27:14     error    too many spaces after colon  (colons)
  28:22     error    too many spaces after colon  (colons)
  29:16     error    too many spaces after colon  (colons)
  30:18     error    too many spaces after colon  (colons)
  31:15     error    too many spaces after colon  (colons)
  32:17     error    too many spaces after colon  (colons)
  33:17     error    too many spaces after colon  (colons)
  34:19     error    too many spaces after colon  (colons)
  35:21     error    too many spaces after colon  (colons)
  36:15     error    too many spaces after colon  (colons)
  37:15     error    too many spaces after colon  (colons)
  38:15     error    too many spaces after colon  (colons)
  39:17     error    too many spaces after colon  (colons)
  40:17     error    too many spaces after colon  (colons)
  41:15     error    too many spaces after colon  (colons)
  42:15     error    too many spaces after colon  (colons)
  43:15     error    too many spaces after colon  (colons)
  44:17     error    too many spaces after colon  (colons)
  45:14     error    too many spaces after colon  (colons)
  46:14     error    too many spaces after colon  (colons)
  47:20     error    too many spaces after colon  (colons)
  48:15     error    too many spaces after colon  (colons)

config/styles/proselint/Annotations.yml
  1:1       warning  missing document start "---"  (document-start)

config/styles/proselint/Apologizing.yml
  1:1       warning  missing document start "---"  (document-start)

config/styles/proselint/Archaisms.yml
  1:1       warning  missing document start "---"  (document-start)

config/styles/proselint/But.yml
  1:1       warning  missing document start "---"  (document-start)

config/styles/proselint/Cliches.yml
  1:1       warning  missing document start "---"  (document-start)

config/styles/proselint/CorporateSpeak.yml
  1:1       warning  missing document start "---"  (document-start)

config/styles/proselint/Currency.yml
  1:1       warning  missing document start "---"  (document-start)

config/styles/proselint/Cursing.yml
  1:1       warning  missing document start "---"  (document-start)

config/styles/proselint/DateCase.yml
  1:1       warning  missing document start "---"  (document-start)

config/styles/proselint/DateMidnight.yml
  1:1       warning  missing document start "---"  (document-start)

config/styles/proselint/DateRedundancy.yml
  1:1       warning  missing document start "---"  (document-start)

config/styles/proselint/DateSpacing.yml
  1:1       warning  missing document start "---"  (document-start)

config/styles/proselint/DenizenLabels.yml
  1:1       warning  missing document start "---"  (document-start)
  7:41      error    too many spaces after colon  (colons)
  8:41      error    too many spaces after colon  (colons)
  9:41      error    too many spaces after colon  (colons)
  10:41     error    too many spaces after colon  (colons)
  12:41     error    too many spaces after colon  (colons)
  13:41     error    too many spaces after colon  (colons)
  14:41     error    too many spaces after colon  (colons)
  15:41     error    too many spaces after colon  (colons)
  17:41     error    too many spaces after colon  (colons)
  18:41     error    too many spaces after colon  (colons)
  19:41     error    too many spaces after colon  (colons)
  20:41     error    too many spaces after colon  (colons)
  21:41     error    too many spaces after colon  (colons)
  22:41     error    too many spaces after colon  (colons)
  23:41     error    too many spaces after colon  (colons)
  24:41     error    too many spaces after colon  (colons)
  25:41     error    too many spaces after colon  (colons)
  26:41     error    too many spaces after colon  (colons)
  27:41     error    too many spaces after colon  (colons)
  28:41     error    too many spaces after colon  (colons)
  29:41     error    too many spaces after colon  (colons)
  30:41     error    too many spaces after colon  (colons)
  31:41     error    too many spaces after colon  (colons)
  32:41     error    too many spaces after colon  (colons)
  33:41     error    too many spaces after colon  (colons)
  34:41     error    too many spaces after colon  (colons)
  35:41     error    too many spaces after colon  (colons)
  36:41     error    too many spaces after colon  (colons)
  37:41     error    too many spaces after colon  (colons)
  38:41     error    too many spaces after colon  (colons)
  39:41     error    too many spaces after colon  (colons)
  40:41     error    too many spaces after colon  (colons)
  41:41     error    too many spaces after colon  (colons)
  42:41     error    too many spaces after colon  (colons)
  43:41     error    too many spaces after colon  (colons)
  44:41     error    too many spaces after colon  (colons)
  45:41     error    too many spaces after colon  (colons)
  46:41     error    too many spaces after colon  (colons)
  47:41     error    too many spaces after colon  (colons)
  48:41     error    too many spaces after colon  (colons)
  49:41     error    too many spaces after colon  (colons)
  50:41     error    too many spaces after colon  (colons)
  51:41     error    too many spaces after colon  (colons)
  52:41     error    too many spaces after colon  (colons)

config/styles/proselint/Diacritical.yml
  1:1       warning  missing document start "---"  (document-start)

config/styles/proselint/GenderBias.yml
  1:1       warning  missing document start "---"  (document-start)
  8:31      error    too many spaces after colon  (colons)
  9:31      error    too many spaces after colon  (colons)
  10:31     error    too many spaces after colon  (colons)
  11:31     error    too many spaces after colon  (colons)
  12:31     error    too many spaces after colon  (colons)
  13:31     error    too many spaces after colon  (colons)
  14:31     error    too many spaces after colon  (colons)
  16:31     error    too many spaces after colon  (colons)
  17:31     error    too many spaces after colon  (colons)
  18:31     error    too many spaces after colon  (colons)
  19:31     error    too many spaces after colon  (colons)
  20:31     error    too many spaces after colon  (colons)
  21:31     error    too many spaces after colon  (colons)
  22:31     error    too many spaces after colon  (colons)
  23:31     error    too many spaces after colon  (colons)
  24:31     error    too many spaces after colon  (colons)
  25:31     error    too many spaces after colon  (colons)
  26:31     error    too many spaces after colon  (colons)
  27:31     error    too many spaces after colon  (colons)
  28:31     error    too many spaces after colon  (colons)
  29:31     error    too many spaces after colon  (colons)
  30:31     error    too many spaces after colon  (colons)
  31:31     error    too many spaces after colon  (colons)
  32:31     error    too many spaces after colon  (colons)
  33:31     error    too many spaces after colon  (colons)
  34:31     error    too many spaces after colon  (colons)
  35:31     error    too many spaces after colon  (colons)
  36:31     error    too many spaces after colon  (colons)
  37:31     error    too many spaces after colon  (colons)
  38:31     error    too many spaces after colon  (colons)
  39:31     error    too many spaces after colon  (colons)
  40:31     error    too many spaces after colon  (colons)
  41:31     error    too many spaces after colon  (colons)
  42:31     error    too many spaces after colon  (colons)
  43:31     error    too many spaces after colon  (colons)
  44:31     error    too many spaces after colon  (colons)
  45:31     error    too many spaces after colon  (colons)

config/styles/proselint/GroupTerms.yml
  1:1       warning  missing document start "---"  (document-start)
  7:45      error    too many spaces after colon  (colons)
  8:45      error    too many spaces after colon  (colons)
  9:45      error    too many spaces after colon  (colons)
  10:45     error    too many spaces after colon  (colons)
  11:45     error    too many spaces after colon  (colons)
  12:45     error    too many spaces after colon  (colons)
  13:45     error    too many spaces after colon  (colons)
  14:45     error    too many spaces after colon  (colons)
  16:45     error    too many spaces after colon  (colons)
  17:45     error    too many spaces after colon  (colons)
  18:45     error    too many spaces after colon  (colons)
  19:45     error    too many spaces after colon  (colons)
  20:45     error    too many spaces after colon  (colons)
  21:45     error    too many spaces after colon  (colons)
  23:45     error    too many spaces after colon  (colons)
  24:45     error    too many spaces after colon  (colons)
  25:45     error    too many spaces after colon  (colons)
  26:45     error    too many spaces after colon  (colons)
  27:45     error    too many spaces after colon  (colons)
  28:45     error    too many spaces after colon  (colons)
  29:45     error    too many spaces after colon  (colons)
  30:45     error    too many spaces after colon  (colons)
  31:45     error    too many spaces after colon  (colons)
  32:45     error    too many spaces after colon  (colons)
  33:45     error    too many spaces after colon  (colons)
  34:45     error    too many spaces after colon  (colons)
  35:45     error    too many spaces after colon  (colons)
  36:45     error    too many spaces after colon  (colons)
  37:45     error    too many spaces after colon  (colons)
  38:45     error    too many spaces after colon  (colons)
  39:45     error    too many spaces after colon  (colons)

config/styles/proselint/Hedging.yml
  1:1       warning  missing document start "---"  (document-start)

config/styles/proselint/Hyperbole.yml
  1:1       warning  missing document start "---"  (document-start)

config/styles/proselint/Jargon.yml
  1:1       warning  missing document start "---"  (document-start)

config/styles/proselint/LGBTOffensive.yml
  1:1       warning  missing document start "---"  (document-start)

config/styles/proselint/LGBTTerms.yml
  1:1       warning  missing document start "---"  (document-start)
  7:45      error    too many spaces after colon  (colons)
  8:45      error    too many spaces after colon  (colons)
  9:45      error    too many spaces after colon  (colons)
  10:45     error    too many spaces after colon  (colons)
  11:45     error    too many spaces after colon  (colons)
  12:45     error    too many spaces after colon  (colons)
  13:45     error    too many spaces after colon  (colons)
  15:45     error    too many spaces after colon  (colons)

config/styles/proselint/Malapropisms.yml
  1:1       warning  missing document start "---"  (document-start)

config/styles/proselint/Needless.yml
  1:1       warning  missing document start "---"  (document-start)

config/styles/proselint/Nonwords.yml
  1:1       warning  missing document start "---"  (document-start)

config/styles/proselint/Oxymorons.yml
  1:1       warning  missing document start "---"  (document-start)

config/styles/proselint/P-Value.yml
  1:1       warning  missing document start "---"  (document-start)

config/styles/proselint/RASSyndrome.yml
  1:1       warning  missing document start "---"  (document-start)
  7:4       error    wrong indentation: expected 4 but found 3  (indentation)

config/styles/proselint/Skunked.yml
  1:1       warning  missing document start "---"  (document-start)

config/styles/proselint/Spelling.yml
  1:1       warning  missing document start "---"  (document-start)

config/styles/proselint/Typography.yml
  1:1       warning  missing document start "---"  (document-start)

config/styles/proselint/Uncomparables.yml
  1:1       warning  missing document start "---"  (document-start)
  8:4       error    wrong indentation: expected 4 but found 3  (indentation)

config/styles/proselint/Very.yml
  1:1       warning  missing document start "---"  (document-start)

config/styles/write-good/Cliches.yml
  1:1       warning  missing document start "---"  (document-start)

config/styles/write-good/E-Prime.yml
  1:1       warning  missing document start "---"  (document-start)

config/styles/write-good/Illusions.yml
  1:1       warning  missing document start "---"  (document-start)

config/styles/write-good/Passive.yml
  1:1       warning  missing document start "---"  (document-start)

config/styles/write-good/So.yml
  1:1       warning  missing document start "---"  (document-start)

config/styles/write-good/ThereIs.yml
  1:1       warning  missing document start "---"  (document-start)

config/styles/write-good/TooWordy.yml
  1:1       warning  missing document start "---"  (document-start)

config/styles/write-good/Weasel.yml
  1:1       warning  missing document start "---"  (document-start)

config/trivy-sbom.yaml
  3:1       warning  missing document start "---"  (document-start)

config/trivy.yaml
  3:1       warning  missing document start "---"  (document-start)

pnpm-lock.yaml
  1:1       warning  missing document start "---"  (document-start)

tasks/ci.yml
  1:1       warning  missing document start "---"  (document-start)

tasks/lint.yml
  1:1       warning  missing document start "---"  (document-start)

tasks/misc.yml
  1:1       warning  missing document start "---"  (document-start)

ui/pnpm-lock.yaml
  1:1       warning  missing document start "---"  (document-start)


::endgroup::
::group::[31mâŒ Linted [YAML] files with [v8r]: Found 1 error(s) and 0 warning(s) - (6.89s)[0m (expand for details)
- Using [v8r v5.0.0] https://megalinter.io/8.8.0/descriptors/yaml_v8r
- MegaLinter key: [YAML_V8R]
- Rules config: [/github/workspace/config/.v8rrc.yml]
- Number of files analyzed: [76]
- Command: [v8r --ignore-errors .github/workflows/generate_repository_tree.yml .github/workflows/megalinter.yml .github/workflows/nsfw-detection.yml .github/workflows/pages.yml .github/workflows/toc.yml .megalinter.yml .pre-commit-config.yaml .releaserc.yml Task...(truncated)]
--Error detail:
â„¹ No config file found
â„¹ Processing .github/workflows/generate_repository_tree.yml
â„¹ Found schema in https://www.schemastore.org/api/json/catalog.json ...
â„¹ Validating .github/workflows/generate_repository_tree.yml against schema from https://www.schemastore.org/github-workflow.json ...
âœ” .github/workflows/generate_repository_tree.yml is valid

â„¹ Processing .github/workflows/megalinter.yml
â„¹ Found schema in https://www.schemastore.org/api/json/catalog.json ...
â„¹ Validating .github/workflows/megalinter.yml against schema from https://www.schemastore.org/github-workflow.json ...
âœ” .github/workflows/megalinter.yml is valid

â„¹ Processing .github/workflows/nsfw-detection.yml
â„¹ Found schema in https://www.schemastore.org/api/json/catalog.json ...
â„¹ Validating .github/workflows/nsfw-detection.yml against schema from https://www.schemastore.org/github-workflow.json ...
âœ” .github/workflows/nsfw-detection.yml is valid

â„¹ Processing .github/workflows/pages.yml
â„¹ Found schema in https://www.schemastore.org/api/json/catalog.json ...
â„¹ Validating .github/workflows/pages.yml against schema from https://www.schemastore.org/github-workflow.json ...
âœ” .github/workflows/pages.yml is valid

â„¹ Processing .github/workflows/toc.yml
â„¹ Found schema in https://www.schemastore.org/api/json/catalog.json ...
â„¹ Validating .github/workflows/toc.yml against schema from https://www.schemastore.org/github-workflow.json ...
âœ” .github/workflows/toc.yml is valid

â„¹ Processing .megalinter.yml
â„¹ Found schema in https://www.schemastore.org/api/json/catalog.json ...
â„¹ Validating .megalinter.yml against schema from https://raw.githubusercontent.com/megalinter/megalinter/main/megalinter/descriptors/schemas/megalinter-configuration.jsonschema.json ...
âœ” .megalinter.yml is valid

â„¹ Processing .pre-commit-config.yaml
â„¹ Found schema in https://www.schemastore.org/api/json/catalog.json ...
â„¹ Validating .pre-commit-config.yaml against schema from https://www.schemastore.org/pre-commit-config.json ...
âœ” .pre-commit-config.yaml is valid

â„¹ Processing .releaserc.yml
â„¹ Found schema in https://www.schemastore.org/api/json/catalog.json ...
â„¹ Validating .releaserc.yml against schema from https://www.schemastore.org/semantic-release.json ...
âœ” .releaserc.yml is valid

â„¹ Processing config/.bandit.yml
âœ– Could not find a schema to validate config/.bandit.yml

â„¹ Processing config/.cfnlintrc.yml
âœ– Could not find a schema to validate config/.cfnlintrc.yml

â„¹ Processing config/.checkov.yml
âœ– Could not find a schema to validate config/.checkov.yml

â„¹ Processing config/.golangci.yml
â„¹ Found multiple possible matches for config/.golangci.yml. Possible matches:

  Golangci-lint Configuration (1)
  golangci-lint configuration file
  https://golangci-lint.run/jsonschema/golangci.v1.jsonschema.json

  Golangci-lint Configuration (2)
  golangci-lint configuration file
  https://golangci-lint.run/jsonschema/golangci.v2.jsonschema.json

âœ– Found multiple possible schemas to validate config/.golangci.yml

â„¹ Processing config/.grype.yaml
âœ– Could not find a schema to validate config/.grype.yaml

â„¹ Processing config/.hadolint.yaml
â„¹ Found schema in https://www.schemastore.org/api/json/catalog.json ...
â„¹ Validating config/.hadolint.yaml against schema from https://raw.githubusercontent.com/hadolint/hadolint/master/contrib/hadolint.json ...
âœ” config/.hadolint.yaml is valid

â„¹ Processing config/.ls-lint.yml
âœ– Could not find a schema to validate config/.ls-lint.yml

â„¹ Processing config/.phplint.yml
âœ– Could not find a schema to validate config/.phplint.yml

â„¹ Processing config/.protolintrc.yml
âœ– Could not find a schema to validate config/.protolintrc.yml

â„¹ Processing config/.ruby-lint.yml
âœ– Could not find a schema to validate config/.ruby-lint.yml

â„¹ Processing config/.spectral.yaml
âœ– Could not find a schema to validate config/.spectral.yaml

â„¹ Processing config/.swiftlint.yml
âœ– Could not find a schema to validate config/.swiftlint.yml

â„¹ Processing config/.syft.yaml
âœ– Could not find a schema to validate config/.syft.yaml

â„¹ Processing config/.tektonlintrc.yaml
âœ– Could not find a schema to validate config/.tektonlintrc.yaml

â„¹ Processing config/.trufflehog.yml
âœ– Could not find a schema to validate config/.trufflehog.yml

â„¹ Processing config/.v8rrc.yml
â„¹ Found schema in https://www.schemastore.org/api/json/catalog.json ...
â„¹ Validating config/.v8rrc.yml against schema from https://raw.githubusercontent.com/chris48s/v8r/main/config-schema.json ...
âœ” config/.v8rrc.yml is valid

â„¹ Processing config/.yamllint.yml
â„¹ Found schema in https://www.schemastore.org/api/json/catalog.json ...
â„¹ Validating config/.yamllint.yml against schema from https://www.schemastore.org/yamllint.json ...
âœ” config/.yamllint.yml is valid

â„¹ Processing config/analysis_options.yml
âœ– Could not find a schema to validate config/analysis_options.yml

â„¹ Processing config/styles/proselint/Airlinese.yml
âœ– Could not find a schema to validate config/styles/proselint/Airlinese.yml

â„¹ Processing config/styles/proselint/AnimalLabels.yml
âœ– Could not find a schema to validate config/styles/proselint/AnimalLabels.yml

â„¹ Processing config/styles/proselint/Annotations.yml
âœ– Could not find a schema to validate config/styles/proselint/Annotations.yml

â„¹ Processing config/styles/proselint/Apologizing.yml
âœ– Could not find a schema to validate config/styles/proselint/Apologizing.yml

â„¹ Processing config/styles/proselint/Archaisms.yml
âœ– Could not find a schema to validate config/styles/proselint/Archaisms.yml

â„¹ Processing config/styles/proselint/But.yml
âœ– Could not find a schema to validate config/styles/proselint/But.yml

â„¹ Processing config/styles/proselint/Cliches.yml
âœ– Could not find a schema to validate config/styles/proselint/Cliches.yml

â„¹ Processing config/styles/proselint/CorporateSpeak.yml
âœ– Could not find a schema to validate config/styles/proselint/CorporateSpeak.yml

â„¹ Processing config/styles/proselint/Currency.yml
âœ– Could not find a schema to validate config/styles/proselint/Currency.yml

â„¹ Processing config/styles/proselint/Cursing.yml
âœ– Could not find a schema to validate config/styles/proselint/Cursing.yml

â„¹ Processing config/styles/proselint/DateCase.yml
âœ– Could not find a schema to validate config/styles/proselint/DateCase.yml

â„¹ Processing config/styles/proselint/DateMidnight.yml
âœ– Could not find a schema to validate config/styles/proselint/DateMidnight.yml

â„¹ Processing config/styles/proselint/DateRedundancy.yml
âœ– Could not find a schema to validate config/styles/proselint/DateRedundancy.yml

â„¹ Processing config/styles/proselint/DateSpacing.yml
âœ– Could not find a schema to validate config/styles/proselint/DateSpacing.yml

â„¹ Processing config/styles/proselint/DenizenLabels.yml
âœ– Could not find a schema to validate config/styles/proselint/DenizenLabels.yml

â„¹ Processing config/styles/proselint/Diacritical.yml
âœ– Could not find a schema to validate config/styles/proselint/Diacritical.yml

â„¹ Processing config/styles/proselint/GenderBias.yml
âœ– Could not find a schema to validate config/styles/proselint/GenderBias.yml

â„¹ Processing config/styles/proselint/GroupTerms.yml
âœ– Could not find a schema to validate config/styles/proselint/GroupTerms.yml

â„¹ Processing config/styles/proselint/Hedging.yml
âœ– Could not find a schema to validate config/styles/proselint/Hedging.yml

â„¹ Processing config/styles/proselint/Hyperbole.yml
âœ– Could not find a schema to validate config/styles/proselint/Hyperbole.yml

â„¹ Processing config/styles/proselint/Jargon.yml
âœ– Could not find a schema to validate config/styles/proselint/Jargon.yml

â„¹ Processing config/styles/proselint/LGBTOffensive.yml
âœ– Could not find a schema to validate config/styles/proselint/LGBTOffensive.yml

â„¹ Processing config/styles/proselint/LGBTTerms.yml
âœ– Could not find a schema to validate config/styles/proselint/LGBTTerms.yml

â„¹ Processing config/styles/proselint/Malapropisms.yml
âœ– Could not find a schema to validate config/styles/proselint/Malapropisms.yml

â„¹ Processing config/styles/proselint/Needless.yml
âœ– Could not find a schema to validate config/styles/proselint/Needless.yml

â„¹ Processing config/styles/proselint/Nonwords.yml
âœ– Could not find a schema to validate config/styles/proselint/Nonwords.yml

â„¹ Processing config/styles/proselint/Oxymorons.yml
âœ– Could not find a schema to validate config/styles/proselint/Oxymorons.yml

â„¹ Processing config/styles/proselint/P-Value.yml
âœ– Could not find a schema to validate config/styles/proselint/P-Value.yml

â„¹ Processing config/styles/proselint/RASSyndrome.yml
âœ– Could not find a schema to validate config/styles/proselint/RASSyndrome.yml

â„¹ Processing config/styles/proselint/Skunked.yml
âœ– Could not find a schema to validate config/styles/proselint/Skunked.yml

â„¹ Processing config/styles/proselint/Spelling.yml
âœ– Could not find a schema to validate config/styles/proselint/Spelling.yml

â„¹ Processing config/styles/proselint/Typography.yml
âœ– Could not find a schema to validate config/styles/proselint/Typography.yml

â„¹ Processing config/styles/proselint/Uncomparables.yml
âœ– Could not find a schema to validate config/styles/proselint/Uncomparables.yml

â„¹ Processing config/styles/proselint/Very.yml
âœ– Could not find a schema to validate config/styles/proselint/Very.yml

â„¹ Processing config/styles/write-good/Cliches.yml
âœ– Could not find a schema to validate config/styles/write-good/Cliches.yml

â„¹ Processing config/styles/write-good/E-Prime.yml
âœ– Could not find a schema to validate config/styles/write-good/E-Prime.yml

â„¹ Processing config/styles/write-good/Illusions.yml
âœ– Could not find a schema to validate config/styles/write-good/Illusions.yml

â„¹ Processing config/styles/write-good/Passive.yml
âœ– Could not find a schema to validate config/styles/write-good/Passive.yml

â„¹ Processing config/styles/write-good/So.yml
âœ– Could not find a schema to validate config/styles/write-good/So.yml

â„¹ Processing config/styles/write-good/ThereIs.yml
âœ– Could not find a schema to validate config/styles/write-good/ThereIs.yml

â„¹ Processing config/styles/write-good/TooWordy.yml
âœ– Could not find a schema to validate config/styles/write-good/TooWordy.yml

â„¹ Processing config/styles/write-good/Weasel.yml
âœ– Could not find a schema to validate config/styles/write-good/Weasel.yml

â„¹ Processing config/trivy-sbom.yaml
âœ– Could not find a schema to validate config/trivy-sbom.yaml

â„¹ Processing config/trivy.yaml
âœ– Could not find a schema to validate config/trivy.yaml

â„¹ Processing pnpm-lock.yaml
âœ– Could not find a schema to validate pnpm-lock.yaml

â„¹ Processing Taskfile.yml
â„¹ Found schema in https://www.schemastore.org/api/json/catalog.json ...
â„¹ Validating Taskfile.yml against schema from https://taskfile.dev/schema.json ...
âœ” Taskfile.yml is valid

â„¹ Processing tasks/ci.yml
â„¹ Found schema in https://www.schemastore.org/api/json/catalog.json ...
â„¹ Validating tasks/ci.yml against schema from https://raw.githubusercontent.com/ansible/ansible-lint/main/src/ansiblelint/schemas/ansible.json#/$defs/tasks ...
âœ– tasks/ci.yml is invalid

tasks/ci.yml# must NOT have additional properties, found additional property 'version'
tasks/ci.yml# must NOT have additional properties, found additional property 'tasks'

â„¹ Processing tasks/lint.yml
â„¹ Found schema in https://www.schemastore.org/api/json/catalog.json ...
â„¹ Validating tasks/lint.yml against schema from https://raw.githubusercontent.com/ansible/ansible-lint/main/src/ansiblelint/schemas/ansible.json#/$defs/tasks ...
âœ– tasks/lint.yml is invalid

tasks/lint.yml# must NOT have additional properties, found additional property 'version'
tasks/lint.yml# must NOT have additional properties, found additional property 'tasks'

â„¹ Processing tasks/misc.yml
â„¹ Found schema in https://www.schemastore.org/api/json/catalog.json ...
â„¹ Validating tasks/misc.yml against schema from https://raw.githubusercontent.com/ansible/ansible-lint/main/src/ansiblelint/schemas/ansible.json#/$defs/tasks ...
âœ– tasks/misc.yml is invalid

tasks/misc.yml# must NOT have additional properties, found additional property 'version'
tasks/misc.yml# must NOT have additional properties, found additional property 'tasks'

â„¹ Processing ui/pnpm-lock.yaml
âœ– Could not find a schema to validate ui/pnpm-lock.yaml


::endgroup::
[Updated Sources Reporter] copied 1 fixed source files in folder reports/megalinter/updated_sources.
[JSON Reporter] Generated JSON report: reports/megalinter/mega-linter-report.json

+----SUMMARY--------+--------------------------+---------------+-------+-------+--------+----------+--------------+
| Descriptor        | Linter                   | Mode          | Files | Fixed | Errors | Warnings | Elapsed time |
+-------------------+--------------------------+---------------+-------+-------+--------+----------+--------------+
| âŒ ACTION         | actionlint               | list_of_files |     5 |       |     13 |        0 | 0.08s        |
| âœ… ANSIBLE        | ansible-lint             | project       |   n/a |       |      0 |        0 | 6.63s        |
| âŒ BASH           | bash-exec                | file          |     2 |       |      1 |        0 | 0.01s        |
| âŒ BASH           | shellcheck               | list_of_files |     2 |       |      1 |        0 | 0.08s        |
| âŒ BASH           | shfmt                    | list_of_files |     2 |       |      2 |        0 | 0.01s        |
| âœ… CLOJURE        | cljstyle                 | file          |     1 |       |      0 |        0 | 0.01s        |
| âŒ CLOJURE        | clj-kondo                | file          |     1 |       |      1 |        0 | 0.02s        |
| âŒ CLOUDFORMATION | cfn-lint                 | list_of_files |     1 |       |      1 |        0 | 5.84s        |
| âŒ COPYPASTE      | jscpd                    | project       |   n/a |       |      8 |        0 | 1.65s        |
| âŒ CSS            | stylelint                | list_of_files |     1 |       |      1 |        0 | 0.52s        |
| âŒ EDITORCONFIG   | editorconfig-checker     | list_of_files |   278 |       |      1 |        0 | 0.01s        |
| âŒ HTML           | djlint                   | list_of_files |     2 |       |      5 |        0 | 0.64s        |
| âœ… HTML           | htmlhint                 | list_of_files |     2 |       |      0 |        0 | 0.21s        |
| âŒ JAVASCRIPT     | eslint                   | list_of_files |     1 |       |      1 |        0 | 0.37s        |
| âŒ JAVASCRIPT     | prettier                 | list_of_files |     1 |       |      1 |        0 | 0.22s        |
| âŒ JSON           | jsonlint                 | list_of_files |    31 |       |      1 |        0 | 0.15s        |
| âŒ JSON           | npm-package-json-lint    | project       |   n/a |       |      1 |        0 | 0.31s        |
| âŒ JSON           | prettier                 | list_of_files |    31 |       |      1 |        0 | 0.2s         |
| âŒ JSON           | v8r                      | list_of_files |    31 |       |      1 |        0 | 11.89s       |
| âŒ MARKDOWN       | markdownlint             | list_of_files |    10 |       |     42 |        0 | 0.53s        |
| âœ… MARKDOWN       | markdown-link-check      | list_of_files |    10 |       |      0 |        0 | 3.16s        |
| âŒ MARKDOWN       | markdown-table-formatter | list_of_files |    10 |       |      1 |        0 | 0.17s        |
| âŒ POWERSHELL     | powershell               | file          |     3 |       |      3 |        0 | 1.9s         |
| âŒ POWERSHELL     | powershell_formatter     | file          |     3 |       |      3 |        0 | 1.69s        |
| âœ… PYTHON         | bandit                   | list_of_files |     2 |       |      0 |        0 | 0.84s        |
| âœ… PYTHON         | flake8                   | list_of_files |     2 |       |      0 |        0 | 0.42s        |
| âŒ PYTHON         | isort                    | list_of_files |     2 |       |      1 |        0 | 0.17s        |
| âŒ PYTHON         | mypy                     | list_of_files |     2 |       |     16 |        0 | 2.14s        |
| âŒ PYTHON         | pylint                   | list_of_files |     2 |       |      9 |        0 | 3.63s        |
| âŒ PYTHON         | pyright                  | list_of_files |     2 |       |    120 |        0 | 1.71s        |
| âœ… PYTHON         | ruff                     | list_of_files |     2 |       |      0 |        0 | 0.01s        |
| âŒ PYTHON         | ruff-format              | list_of_files |     2 |       |      1 |        0 | 0.01s        |
| âŒ REPOSITORY     | checkov                  | project       |   n/a |       |      1 |        0 | 22.05s       |
| âœ… REPOSITORY     | dustilock                | project       |   n/a |       |      0 |        0 | 1.32s        |
| âŒ REPOSITORY     | gitleaks                 | project       |   n/a |       |      1 |        0 | 0.01s        |
| âœ… REPOSITORY     | git_diff                 | project       |   n/a |       |      0 |        0 | 0.08s        |
| âŒ REPOSITORY     | grype                    | project       |   n/a |       |     13 |        0 | 29.37s       |
| âŒ REPOSITORY     | kics                     | project       |   n/a |       |      2 |        0 | 14.63s       |
| âŒ REPOSITORY     | ls-lint                  | project       |   n/a |       |      1 |        0 | 0.07s        |
| âŒ REPOSITORY     | secretlint               | list_of_files |     0 |       |      1 |        0 | 10.88s       |
| âŒ REPOSITORY     | syft                     | project       |   n/a |       |      1 |        0 | 0.03s        |
| âœ… REPOSITORY     | trivy                    | project       |   n/a |       |      0 |        0 | 6.54s        |
| âœ… REPOSITORY     | trivy-sbom               | project       |   n/a |       |      0 |        0 | 1.42s        |
| âŒ REPOSITORY     | trufflehog               | project       |   n/a |       |      1 |        0 | 2.25s        |
| âŒ SALESFORCE     | lightning-flow-scanner   | project       |   n/a |       |      1 |        0 | 0.89s        |
| âœ… SALESFORCE     | sfdx-scanner-apex        | project       |   n/a |       |      0 |        0 | 22.08s       |
| âœ… SALESFORCE     | sfdx-scanner-aura        | project       |   n/a |       |      0 |        0 | 8.34s        |
| âœ… SALESFORCE     | sfdx-scanner-lwc         | project       |   n/a |       |      0 |        0 | 8.5s         |
| âœ… SPELL          | cspell                   | list_of_files |   279 |       |      0 |        0 | 0.97s        |
| âŒ SPELL          | lychee                   | list_of_files |   120 |       |      1 |        0 | 7.47s        |
| âŒ SPELL          | proselint                | list_of_files |    11 |       |     10 |        0 | 8.44s        |
| âš ï¸ SPELL          | vale                     | list_of_files |    10 |       |      0 |       36 | 0.7s         |
| âŒ TERRAFORM      | terragrunt               | file          |     1 |       |      1 |        0 | 0.07s        |
| âŒ TSX            | eslint                   | list_of_files |    28 |       |      1 |        0 | 0.36s        |
| âŒ TYPESCRIPT     | eslint                   | list_of_files |    48 |       |      1 |        0 | 0.35s        |
| âŒ TYPESCRIPT     | prettier                 | list_of_files |    48 |       |      1 |        0 | 0.2s         |
| âŒ TYPESCRIPT     | ts-standard              | list_of_files |    48 |       |      1 |        0 | 0.32s        |
| âœ… XML            | xmllint                  | list_of_files |     5 |       |      0 |        0 | 0.16s        |
| âŒ YAML           | prettier                 | list_of_files |    76 |       |      1 |        0 | 0.2s         |
| âŒ YAML           | v8r                      | list_of_files |    76 |       |      1 |        0 | 6.89s        |
| âŒ YAML           | yamllint                 | list_of_files |    76 |       |    241 |        0 | 2.58s        |
+-------------------+--------------------------+---------------+-------+-------+--------+----------+--------------+

[MARKDOWN_SUMMARY Reporter] Generated MARKDOWN_SUMMARY report: reports/megalinter/SUMMARY.md
[31mâŒ Error(s) have been found during linting[0m
To disable linters or customize their checks, you can use a .mega-linter.yml file at the root of your repository
More info at https://megalinter.io/8.8.0/configuration/
